  Using 'git status' to determine working set for adaptive non-unity build (C:\Users\camer\Documents\Github\GameProjects).
  Parsing headers for CoopGameEditor
    Running UnrealHeaderTool "C:\Users\camer\Documents\Github\GameProjects\CoopGame\CoopGame.uproject" "C:\Users\camer\Documents\Github\GameProjects\CoopGame\Intermediate\Build\Win64\CoopGameEditor\Development\CoopGameEditor.uhtmanifest" -LogCmds="loginit warning, logexit warning, logdatabase error" -Unattended -WarningsAsErrors -abslog="C:\Users\camer\AppData\Local\UnrealBuildTool\Log_UHT.txt" -installed
  LogInit: Display: Loading text-based GConfig....
  Reflection code generated for CoopGameEditor in 2,87508 seconds
  Building CoopGameEditor...
  Using Visual Studio 2019 14.29.30141 toolchain (C:\Program Files (x86)\Microsoft Visual Studio\2019\Community\VC\Tools\MSVC\14.29.30133) and Windows 10.0.16299.0 SDK (C:\Program Files (x86)\Windows Kits\10).
  Building 8 actions with 16 processes...
    [1/8] SWeapon.gen.cpp
    [2/8] SGrenadeLauncher.gen.cpp
    [3/8] SGrenadeLauncher.cpp
    [4/8] SCharacter.cpp
    [5/8] SWeapon.cpp
    [6/8] UE4Editor-CoopGame.lib
       Création de la bibliothèque C:\Users\camer\Documents\Github\GameProjects\CoopGame\Intermediate\Build\Win64\UE4Editor\Development\CoopGame\UE4Editor-CoopGame.lib et de l'objet C:\Users\camer\Documents\Github\GameProjects\CoopGame\Intermediate\Build\Win64\UE4Editor\Development\CoopGame\UE4Editor-CoopGame.exp
    [7/8] UE4Editor-CoopGame.dll
       Création de la bibliothèque C:\Users\camer\Documents\Github\GameProjects\CoopGame\Intermediate\Build\Win64\UE4Editor\Development\CoopGame\UE4Editor-CoopGame.suppressed.lib et de l'objet C:\Users\camer\Documents\Github\GameProjects\CoopGame\Intermediate\Build\Win64\UE4Editor\Development\CoopGame\UE4Editor-CoopGame.suppressed.exp
    [8/8] CoopGameEditor.target
  Total time in Parallel executor: 1,96 seconds
  Total execution time: 5,31 seconds
