Log file open, 03/11/22 00:42:14
LogWindows: Failed to load 'aqProf.dll' (GetLastError=126)
LogWindows: File 'aqProf.dll' does not exist
LogWindows: Failed to load 'VtuneApi.dll' (GetLastError=126)
LogWindows: File 'VtuneApi.dll' does not exist
LogWindows: Failed to load 'VtuneApi32e.dll' (GetLastError=126)
LogWindows: File 'VtuneApi32e.dll' does not exist
LogConsoleResponse: Display: Failed to find resolution value strings in scalability ini. Falling back to default.
LogConsoleResponse: Display: Failed to find resolution value strings in scalability ini. Falling back to default.
LogInit: Display: Running engine for game: CoopGame
LogPlatformFile: Not using cached read wrapper
LogTaskGraph: Started task graph with 5 named threads and 47 total threads with 3 sets of task threads.
LogStats: Stats thread started at 0.276540
LogICUInternationalization: ICU TimeZone Detection - Raw Offset: -5:00, Platform Override: ''
LogInit: Display: Loading text-based GConfig....
LogPluginManager: Mounting plugin MeshPainting
LogPluginManager: Mounting plugin XGEController
LogPluginManager: Mounting plugin Paper2D
LogPluginManager: Mounting plugin LiveLink
LogPluginManager: Mounting plugin AISupport
LogPluginManager: Mounting plugin EnvironmentQueryEditor
LogPluginManager: Mounting plugin AnimationSharing
LogPluginManager: Mounting plugin LightPropagationVolume
LogPluginManager: Mounting plugin CodeLiteSourceCodeAccess
LogPluginManager: Mounting plugin KDevelopSourceCodeAccess
LogPluginManager: Mounting plugin NullSourceCodeAccess
LogPluginManager: Mounting plugin CLionSourceCodeAccess
LogPluginManager: Mounting plugin PerforceSourceControl
LogPluginManager: Mounting plugin PixWinPlugin
LogPluginManager: Mounting plugin PluginUtils
LogPluginManager: Mounting plugin PropertyAccessNode
LogPluginManager: Mounting plugin SubversionSourceControl
LogPluginManager: Mounting plugin RiderSourceCodeAccess
LogPluginManager: Mounting plugin TextureFormatOodle
LogPluginManager: Mounting plugin PlasticSourceControl
LogPluginManager: Mounting plugin VisualStudioCodeSourceCodeAccess
LogPluginManager: Mounting plugin UObjectPlugin
LogPluginManager: Mounting plugin XCodeSourceCodeAccess
LogPluginManager: Mounting plugin VisualStudioSourceCodeAccess
LogPluginManager: Mounting plugin OodleData
LogPluginManager: Mounting plugin OodleNetwork
LogPluginManager: Mounting plugin DatasmithContent
LogPluginManager: Mounting plugin GitSourceControl
LogPluginManager: Mounting plugin AssetManagerEditor
LogPluginManager: Mounting plugin VariantManagerContent
LogPluginManager: Mounting plugin CryptoKeys
LogPluginManager: Mounting plugin CurveEditorTools
LogPluginManager: Mounting plugin DataValidation
LogPluginManager: Mounting plugin FacialAnimation
LogPluginManager: Mounting plugin Niagara
LogPluginManager: Mounting plugin GameplayTagsEditor
LogPluginManager: Mounting plugin MacGraphicsSwitching
LogPluginManager: Mounting plugin GeometryMode
LogPluginManager: Mounting plugin MaterialAnalyzer
LogPluginManager: Mounting plugin MobileLauncherProfileWizard
LogPluginManager: Mounting plugin LuminPlatformFeatures
LogPluginManager: Mounting plugin SpeedTreeImporter
LogPluginManager: Mounting plugin MagicLeap
LogPluginManager: Mounting plugin PluginBrowser
LogPluginManager: Mounting plugin MagicLeapLightEstimation
LogPluginManager: Mounting plugin MagicLeapMedia
LogPluginManager: Mounting plugin MagicLeapPassableWorld
LogPluginManager: Mounting plugin AndroidMedia
LogPluginManager: Mounting plugin MLSDK
LogPluginManager: Mounting plugin AvfMedia
LogPluginManager: Mounting plugin ImgMedia
LogPluginManager: Mounting plugin MediaCompositing
LogPluginManager: Mounting plugin MediaPlayerEditor
LogPluginManager: Mounting plugin WebMMedia
LogPluginManager: Mounting plugin WmfMedia
LogPluginManager: Mounting plugin AlembicImporter
LogPluginManager: Mounting plugin AutomationUtils
LogPluginManager: Mounting plugin BackChannel
LogPluginManager: Mounting plugin ChaosCloth
LogPluginManager: Mounting plugin ChaosEditor
LogPluginManager: Mounting plugin ChaosClothEditor
LogPluginManager: Mounting plugin CharacterAI
LogPluginManager: Mounting plugin ChaosNiagara
LogPluginManager: Mounting plugin ChaosSolverPlugin
LogPluginManager: Mounting plugin GeometryCache
LogPluginManager: Mounting plugin ActorSequence
LogPluginManager: Mounting plugin TcpMessaging
LogPluginManager: Mounting plugin GeometryCollectionPlugin
LogPluginManager: Mounting plugin MatineeToLevelSequence
LogPluginManager: Mounting plugin UdpMessaging
LogPluginManager: Mounting plugin LevelSequenceEditor
LogPluginManager: Mounting plugin TemplateSequence
LogPluginManager: Mounting plugin GeometryProcessing
LogPluginManager: Mounting plugin OnlineSubsystem
LogPluginManager: Mounting plugin OnlineSubsystemNull
LogPluginManager: Mounting plugin OnlineSubsystemUtils
LogPluginManager: Mounting plugin MotoSynth
LogPluginManager: Mounting plugin OpenImageDenoise
LogPluginManager: Mounting plugin PlanarCut
LogPluginManager: Mounting plugin PlatformCrypto
LogPluginManager: Mounting plugin PythonScriptPlugin
LogPluginManager: Mounting plugin ProxyLODPlugin
LogPluginManager: Mounting plugin SkeletalReduction
LogPluginManager: Mounting plugin LauncherChunkInstaller
LogPluginManager: Mounting plugin ActorLayerUtilities
LogPluginManager: Mounting plugin AndroidDeviceProfileSelector
LogPluginManager: Mounting plugin AndroidPermission
LogPluginManager: Mounting plugin AndroidMoviePlayer
LogPluginManager: Mounting plugin AppleImageUtils
LogPluginManager: Mounting plugin AppleMoviePlayer
LogPluginManager: Mounting plugin ArchVisCharacter
LogPluginManager: Mounting plugin AudioCapture
LogPluginManager: Mounting plugin AssetTags
LogPluginManager: Mounting plugin AudioSynesthesia
LogPluginManager: Mounting plugin CableComponent
LogPluginManager: Mounting plugin ChunkDownloader
LogPluginManager: Mounting plugin CustomMeshComponent
LogPluginManager: Mounting plugin EditableMesh
LogPluginManager: Mounting plugin GoogleCloudMessaging
LogPluginManager: Mounting plugin GooglePAD
LogPluginManager: Mounting plugin ScreenshotTools
LogPluginManager: Mounting plugin IOSDeviceProfileSelector
LogPluginManager: Mounting plugin LocationServicesBPLibrary
LogPluginManager: Mounting plugin ExampleDeviceProfileSelector
LogPluginManager: Mounting plugin LinuxDeviceProfileSelector
LogPluginManager: Mounting plugin MobilePatchingUtils
LogPluginManager: Mounting plugin OpenXR
LogPluginManager: Mounting plugin OpenXREyeTracker
LogPluginManager: Mounting plugin OpenXRHandTracking
LogPluginManager: Mounting plugin PhysXVehicles
LogPluginManager: Mounting plugin PostSplashScreen
LogPluginManager: Mounting plugin ProceduralMeshComponent
LogPluginManager: Mounting plugin PropertyAccessEditor
LogPluginManager: Mounting plugin SignificanceManager
LogPluginManager: Mounting plugin RuntimePhysXCooking
LogPluginManager: Mounting plugin SoundFields
LogPluginManager: Mounting plugin Synthesis
LogPluginManager: Mounting plugin WebMMoviePlayer
LogPluginManager: Mounting plugin Takes
LogPluginManager: Mounting plugin WindowsMoviePlayer
LogPluginManager: Mounting plugin CameraShakePreviewer
LogPluginManager: Mounting plugin GameplayCameras
LogPluginManager: Mounting plugin ContentBrowserAssetDataSource
LogPluginManager: Mounting plugin ContentBrowserClassDataSource
LogPluginManager: Mounting plugin ContentBrowserFileDataSource
LogPluginManager: Mounting plugin OnlineSubsystemGooglePlay
LogPluginManager: Mounting plugin OnlineSubsystemIOS
LogPluginManager: Mounting plugin SteamVR
LogPluginManager: Mounting plugin OculusVR
PixWinPlugin: PIX capture plugin failed to initialize! Check that the process is launched from PIX.
LogInit: Using libcurl 7.55.1-DEV
LogInit:  - built for x86_64-pc-win32
LogInit:  - supports SSL with OpenSSL/1.1.1
LogInit:  - supports HTTP deflate (compression) using libz 1.2.8
LogInit:  - other features:
LogInit:      CURL_VERSION_SSL
LogInit:      CURL_VERSION_LIBZ
LogInit:      CURL_VERSION_IPV6
LogInit:      CURL_VERSION_ASYNCHDNS
LogInit:      CURL_VERSION_LARGEFILE
LogInit:      CURL_VERSION_IDN
LogInit:  CurlRequestOptions (configurable via config and command line):
LogInit:  - bVerifyPeer = true  - Libcurl will verify peer certificate
LogInit:  - bUseHttpProxy = false  - Libcurl will NOT use HTTP proxy
LogInit:  - bDontReuseConnections = false  - Libcurl will reuse connections
LogInit:  - MaxHostConnections = 16  - Libcurl will limit the number of connections to a host
LogInit:  - LocalHostAddr = Default
LogInit:  - BufferSize = 65536
LogOnline: OSS: Creating online subsystem instance for: NULL
LogInit: WinSock: version 1.1 (2.2), MaxSocks=32767, MaxUdp=65467
LogOnline: OSS: TryLoadSubsystemAndSetDefault: Loaded subsystem for module [NULL]
LogOculusPluginWrapper: OculusPlugin initialized successfully
LogHMD: Failed initializing OVRPlugin 1.59.0
LogInit: Build: ++UE4+Release-4.27-CL-18319896
LogInit: Engine Version: 4.27.2-18319896+++UE4+Release-4.27
LogInit: Compatible Engine Version: 4.27.0-17155196+++UE4+Release-4.27
LogInit: Net CL: 17155196
LogInit: OS: Windows 10 (Release 2009) (), CPU: 11th Gen Intel(R) Core(TM) i9-11900K @ 3.50GHz, GPU: NVIDIA GeForce RTX 2080 Ti
LogInit: Compiled (64-bit): Nov 30 2021 07:12:08
LogInit: Compiled with Visual C++: 19.24.28315.00
LogInit: Build Configuration: Development
LogInit: Branch Name: ++UE4+Release-4.27
LogInit: Command Line:  -skipcompile
LogInit: Base Directory: C:/Program Files/Epic Games/UE_4.27/Engine/Binaries/Win64/
LogInit: Allocator: TBB
LogInit: Installed Engine Build: 1
LogDevObjectVersion: Number of dev versions registered: 29
LogDevObjectVersion:   Dev-Blueprints (B0D832E4-1F89-4F0D-ACCF-7EB736FD4AA2): 10
LogDevObjectVersion:   Dev-Build (E1C64328-A22C-4D53-A36C-8E866417BD8C): 0
LogDevObjectVersion:   Dev-Core (375EC13C-06E4-48FB-B500-84F0262A717E): 4
LogDevObjectVersion:   Dev-Editor (E4B068ED-F494-42E9-A231-DA0B2E46BB41): 40
LogDevObjectVersion:   Dev-Framework (CFFC743F-43B0-4480-9391-14DF171D2073): 37
LogDevObjectVersion:   Dev-Mobile (B02B49B5-BB20-44E9-A304-32B752E40360): 3
LogDevObjectVersion:   Dev-Networking (A4E4105C-59A1-49B5-A7C5-40C4547EDFEE): 0
LogDevObjectVersion:   Dev-Online (39C831C9-5AE6-47DC-9A44-9C173E1C8E7C): 0
LogDevObjectVersion:   Dev-Physics (78F01B33-EBEA-4F98-B9B4-84EACCB95AA2): 14
LogDevObjectVersion:   Dev-Platform (6631380F-2D4D-43E0-8009-CF276956A95A): 0
LogDevObjectVersion:   Dev-Rendering (12F88B9F-8875-4AFC-A67C-D90C383ABD29): 45
LogDevObjectVersion:   Dev-Sequencer (7B5AE74C-D270-4C10-A958-57980B212A5A): 13
LogDevObjectVersion:   Dev-VR (D7296918-1DD6-4BDD-9DE2-64A83CC13884): 3
LogDevObjectVersion:   Dev-LoadTimes (C2A15278-BFE7-4AFE-6C17-90FF531DF755): 1
LogDevObjectVersion:   Private-Geometry (6EACA3D4-40EC-4CC1-B786-8BED09428FC5): 3
LogDevObjectVersion:   Dev-AnimPhys (29E575DD-E0A3-4627-9D10-D276232CDCEA): 17
LogDevObjectVersion:   Dev-Anim (AF43A65D-7FD3-4947-9873-3E8ED9C1BB05): 15
LogDevObjectVersion:   Dev-ReflectionCapture (6B266CEC-1EC7-4B8F-A30B-E4D90942FC07): 1
LogDevObjectVersion:   Dev-Automation (0DF73D61-A23F-47EA-B727-89E90C41499A): 1
LogDevObjectVersion:   FortniteMain (601D1886-AC64-4F84-AA16-D3DE0DEAC7D6): 47
LogDevObjectVersion:   FortniteRelease (E7086368-6B23-4C58-8439-1B7016265E91): 1
LogDevObjectVersion:   Dev-Enterprise (9DFFBCD6-494F-0158-E221-12823C92A888): 10
LogDevObjectVersion:   Dev-Niagara (F2AED0AC-9AFE-416F-8664-AA7FFA26D6FC): 1
LogDevObjectVersion:   Dev-Destruction (174F1F0B-B4C6-45A5-B13F-2EE8D0FB917D): 10
LogDevObjectVersion:   Dev-Physics-Ext (35F94A83-E258-406C-A318-09F59610247C): 41
LogDevObjectVersion:   Dev-PhysicsMaterial-Chaos (B68FC16E-8B1B-42E2-B453-215C058844FE): 1
LogDevObjectVersion:   Dev-CineCamera (B2E18506-4273-CFC2-A54E-F4BB758BBA07): 1
LogDevObjectVersion:   Dev-VirtualProduction (64F58936-FD1B-42BA-BA96-7289D5D0FA4E): 1
LogDevObjectVersion:   Dev-MediaFramework (6F0ED827-A609-4895-9C91-998D90180EA4): 2
LogInit: Presizing for max 25165824 objects, including 0 objects not considered by GC, pre-allocating 0 bytes for permanent pool.
LogConfig: Applying CVar settings from Section [/Script/Engine.StreamingSettings] File [C:/Users/camer/Documents/Github/GameProjects/CoopGame/Saved/Config/Windows/Engine.ini]
LogConfig: Setting CVar [[s.MinBulkDataSizeForAsyncLoading:131072]]
LogConfig: Setting CVar [[s.AsyncLoadingThreadEnabled:0]]
LogConfig: Setting CVar [[s.EventDrivenLoaderEnabled:1]]
LogConfig: Setting CVar [[s.WarnIfTimeLimitExceeded:0]]
LogConfig: Setting CVar [[s.TimeLimitExceededMultiplier:1.5]]
LogConfig: Setting CVar [[s.TimeLimitExceededMinTime:0.005]]
LogConfig: Setting CVar [[s.UseBackgroundLevelStreaming:1]]
LogConfig: Setting CVar [[s.PriorityAsyncLoadingExtraTime:15.0]]
LogConfig: Setting CVar [[s.LevelStreamingActorsUpdateTimeLimit:5.0]]
LogConfig: Setting CVar [[s.PriorityLevelStreamingActorsUpdateExtraTime:5.0]]
LogConfig: Setting CVar [[s.LevelStreamingComponentsRegistrationGranularity:10]]
LogConfig: Setting CVar [[s.UnregisterComponentsTimeLimit:1.0]]
LogConfig: Setting CVar [[s.LevelStreamingComponentsUnregistrationGranularity:5]]
LogConfig: Setting CVar [[s.FlushStreamingOnExit:1]]
LogInit: Object subsystem initialized
LogConfig: Setting CVar [[con.DebugEarlyDefault:1]]
LogConfig: Setting CVar [[r.setres:1280x720]]
[2022.03.11-05.42.15:281][  0]LogConfig: Setting CVar [[r.VSync:0]]
[2022.03.11-05.42.15:281][  0]LogConfig: Setting CVar [[r.RHICmdBypass:0]]
[2022.03.11-05.42.15:281][  0]LogConfig: Applying CVar settings from Section [/Script/Engine.RendererSettings] File [C:/Users/camer/Documents/Github/GameProjects/CoopGame/Saved/Config/Windows/Engine.ini]
[2022.03.11-05.42.15:281][  0]LogConfig: Setting CVar [[r.GPUCrashDebugging:0]]
[2022.03.11-05.42.15:281][  0]LogConfig: Applying CVar settings from Section [/Script/Engine.RendererOverrideSettings] File [C:/Users/camer/Documents/Github/GameProjects/CoopGame/Saved/Config/Windows/Engine.ini]
[2022.03.11-05.42.15:281][  0]LogConfig: Applying CVar settings from Section [/Script/Engine.StreamingSettings] File [C:/Users/camer/Documents/Github/GameProjects/CoopGame/Saved/Config/Windows/Engine.ini]
[2022.03.11-05.42.15:281][  0]LogConfig: Setting CVar [[s.MinBulkDataSizeForAsyncLoading:131072]]
[2022.03.11-05.42.15:281][  0]LogConfig: Setting CVar [[s.AsyncLoadingThreadEnabled:0]]
[2022.03.11-05.42.15:281][  0]LogConfig: Setting CVar [[s.EventDrivenLoaderEnabled:1]]
[2022.03.11-05.42.15:281][  0]LogConfig: Setting CVar [[s.WarnIfTimeLimitExceeded:0]]
[2022.03.11-05.42.15:281][  0]LogConfig: Setting CVar [[s.TimeLimitExceededMultiplier:1.5]]
[2022.03.11-05.42.15:281][  0]LogConfig: Setting CVar [[s.TimeLimitExceededMinTime:0.005]]
[2022.03.11-05.42.15:281][  0]LogConfig: Setting CVar [[s.UseBackgroundLevelStreaming:1]]
[2022.03.11-05.42.15:281][  0]LogConfig: Setting CVar [[s.PriorityAsyncLoadingExtraTime:15.0]]
[2022.03.11-05.42.15:281][  0]LogConfig: Setting CVar [[s.LevelStreamingActorsUpdateTimeLimit:5.0]]
[2022.03.11-05.42.15:281][  0]LogConfig: Setting CVar [[s.PriorityLevelStreamingActorsUpdateExtraTime:5.0]]
[2022.03.11-05.42.15:281][  0]LogConfig: Setting CVar [[s.LevelStreamingComponentsRegistrationGranularity:10]]
[2022.03.11-05.42.15:281][  0]LogConfig: Setting CVar [[s.UnregisterComponentsTimeLimit:1.0]]
[2022.03.11-05.42.15:281][  0]LogConfig: Setting CVar [[s.LevelStreamingComponentsUnregistrationGranularity:5]]
[2022.03.11-05.42.15:281][  0]LogConfig: Setting CVar [[s.FlushStreamingOnExit:1]]
[2022.03.11-05.42.15:281][  0]LogConfig: Applying CVar settings from Section [/Script/Engine.GarbageCollectionSettings] File [C:/Users/camer/Documents/Github/GameProjects/CoopGame/Saved/Config/Windows/Engine.ini]
[2022.03.11-05.42.15:281][  0]LogConfig: Setting CVar [[gc.MaxObjectsNotConsideredByGC:1]]
[2022.03.11-05.42.15:281][  0]LogConfig: Setting CVar [[gc.SizeOfPermanentObjectPool:0]]
[2022.03.11-05.42.15:281][  0]LogConfig: Setting CVar [[gc.FlushStreamingOnGC:0]]
[2022.03.11-05.42.15:281][  0]LogConfig: Setting CVar [[gc.NumRetriesBeforeForcingGC:10]]
[2022.03.11-05.42.15:281][  0]LogConfig: Setting CVar [[gc.AllowParallelGC:1]]
[2022.03.11-05.42.15:281][  0]LogConfig: Setting CVar [[gc.TimeBetweenPurgingPendingKillObjects:61.1]]
[2022.03.11-05.42.15:281][  0]LogConfig: Setting CVar [[gc.MaxObjectsInEditor:25165824]]
[2022.03.11-05.42.15:282][  0]LogConfig: Setting CVar [[gc.IncrementalBeginDestroyEnabled:1]]
[2022.03.11-05.42.15:282][  0]LogConfig: Setting CVar [[gc.CreateGCClusters:1]]
[2022.03.11-05.42.15:282][  0]LogConfig: Setting CVar [[gc.MinGCClusterSize:5]]
[2022.03.11-05.42.15:282][  0]LogConfig: Setting CVar [[gc.ActorClusteringEnabled:0]]
[2022.03.11-05.42.15:282][  0]LogConfig: Setting CVar [[gc.BlueprintClusteringEnabled:0]]
[2022.03.11-05.42.15:282][  0]LogConfig: Setting CVar [[gc.UseDisregardForGCOnDedicatedServers:0]]
[2022.03.11-05.42.15:282][  0]LogConfig: Setting CVar [[gc.MultithreadedDestructionEnabled:1]]
[2022.03.11-05.42.15:282][  0]LogConfig: Applying CVar settings from Section [/Script/Engine.NetworkSettings] File [C:/Users/camer/Documents/Github/GameProjects/CoopGame/Saved/Config/Windows/Engine.ini]
[2022.03.11-05.42.15:282][  0]LogConfig: Applying CVar settings from Section [/Script/UnrealEd.CookerSettings] File [C:/Users/camer/Documents/Github/GameProjects/CoopGame/Saved/Config/Windows/Engine.ini]
[2022.03.11-05.42.15:309][  0]LogConfig: Applying CVar settings from Section [ViewDistanceQuality@3] File [C:/Users/camer/Documents/Github/GameProjects/CoopGame/Saved/Config/Windows/Scalability.ini]
[2022.03.11-05.42.15:310][  0]LogConfig: Setting CVar [[r.SkeletalMeshLODBias:0]]
[2022.03.11-05.42.15:310][  0]LogConfig: Setting CVar [[r.ViewDistanceScale:1.0]]
[2022.03.11-05.42.15:310][  0]LogConfig: Applying CVar settings from Section [AntiAliasingQuality@3] File [C:/Users/camer/Documents/Github/GameProjects/CoopGame/Saved/Config/Windows/Scalability.ini]
[2022.03.11-05.42.15:310][  0]LogConfig: Setting CVar [[r.PostProcessAAQuality:4]]
[2022.03.11-05.42.15:310][  0]LogConfig: Applying CVar settings from Section [ShadowQuality@3] File [C:/Users/camer/Documents/Github/GameProjects/CoopGame/Saved/Config/Windows/Scalability.ini]
[2022.03.11-05.42.15:310][  0]LogConfig: Setting CVar [[r.LightFunctionQuality:1]]
[2022.03.11-05.42.15:310][  0]LogConfig: Setting CVar [[r.ShadowQuality:5]]
[2022.03.11-05.42.15:310][  0]LogConfig: Setting CVar [[r.Shadow.CSM.MaxCascades:10]]
[2022.03.11-05.42.15:310][  0]LogConfig: Setting CVar [[r.Shadow.MaxResolution:2048]]
[2022.03.11-05.42.15:310][  0]LogConfig: Setting CVar [[r.Shadow.MaxCSMResolution:2048]]
[2022.03.11-05.42.15:310][  0]LogConfig: Setting CVar [[r.Shadow.RadiusThreshold:0.01]]
[2022.03.11-05.42.15:310][  0]LogConfig: Setting CVar [[r.Shadow.DistanceScale:1.0]]
[2022.03.11-05.42.15:310][  0]LogConfig: Setting CVar [[r.Shadow.CSM.TransitionScale:1.0]]
[2022.03.11-05.42.15:310][  0]LogConfig: Setting CVar [[r.Shadow.PreShadowResolutionFactor:1.0]]
[2022.03.11-05.42.15:310][  0]LogConfig: Setting CVar [[r.DistanceFieldShadowing:1]]
[2022.03.11-05.42.15:310][  0]LogConfig: Setting CVar [[r.DistanceFieldAO:1]]
[2022.03.11-05.42.15:310][  0]LogConfig: Setting CVar [[r.AOQuality:2]]
[2022.03.11-05.42.15:310][  0]LogConfig: Setting CVar [[r.VolumetricFog:1]]
[2022.03.11-05.42.15:310][  0]LogConfig: Setting CVar [[r.VolumetricFog.GridPixelSize:8]]
[2022.03.11-05.42.15:310][  0]LogConfig: Setting CVar [[r.VolumetricFog.GridSizeZ:128]]
[2022.03.11-05.42.15:310][  0]LogConfig: Setting CVar [[r.VolumetricFog.HistoryMissSupersampleCount:4]]
[2022.03.11-05.42.15:310][  0]LogConfig: Setting CVar [[r.LightMaxDrawDistanceScale:1]]
[2022.03.11-05.42.15:310][  0]LogConfig: Setting CVar [[r.CapsuleShadows:1]]
[2022.03.11-05.42.15:310][  0]LogConfig: Applying CVar settings from Section [PostProcessQuality@3] File [C:/Users/camer/Documents/Github/GameProjects/CoopGame/Saved/Config/Windows/Scalability.ini]
[2022.03.11-05.42.15:310][  0]LogConfig: Setting CVar [[r.MotionBlurQuality:4]]
[2022.03.11-05.42.15:310][  0]LogConfig: Setting CVar [[r.AmbientOcclusionMipLevelFactor:0.4]]
[2022.03.11-05.42.15:310][  0]LogConfig: Setting CVar [[r.AmbientOcclusionMaxQuality:100]]
[2022.03.11-05.42.15:311][  0]LogConfig: Setting CVar [[r.AmbientOcclusionLevels:-1]]
[2022.03.11-05.42.15:311][  0]LogConfig: Setting CVar [[r.AmbientOcclusionRadiusScale:1.0]]
[2022.03.11-05.42.15:311][  0]LogConfig: Setting CVar [[r.DepthOfFieldQuality:2]]
[2022.03.11-05.42.15:311][  0]LogConfig: Setting CVar [[r.RenderTargetPoolMin:400]]
[2022.03.11-05.42.15:311][  0]LogConfig: Setting CVar [[r.LensFlareQuality:2]]
[2022.03.11-05.42.15:311][  0]LogConfig: Setting CVar [[r.SceneColorFringeQuality:1]]
[2022.03.11-05.42.15:311][  0]LogConfig: Setting CVar [[r.EyeAdaptationQuality:2]]
[2022.03.11-05.42.15:311][  0]LogConfig: Setting CVar [[r.BloomQuality:5]]
[2022.03.11-05.42.15:311][  0]LogConfig: Setting CVar [[r.FastBlurThreshold:100]]
[2022.03.11-05.42.15:311][  0]LogConfig: Setting CVar [[r.Upscale.Quality:3]]
[2022.03.11-05.42.15:311][  0]LogConfig: Setting CVar [[r.Tonemapper.GrainQuantization:1]]
[2022.03.11-05.42.15:311][  0]LogConfig: Setting CVar [[r.LightShaftQuality:1]]
[2022.03.11-05.42.15:311][  0]LogConfig: Setting CVar [[r.Filter.SizeScale:1]]
[2022.03.11-05.42.15:311][  0]LogConfig: Setting CVar [[r.Tonemapper.Quality:5]]
[2022.03.11-05.42.15:311][  0]LogConfig: Setting CVar [[r.DOF.Gather.AccumulatorQuality:1        ; higher gathering accumulator quality]]
[2022.03.11-05.42.15:311][  0]LogConfig: Setting CVar [[r.DOF.Gather.PostfilterMethod:1          ; Median3x3 postfilering method]]
[2022.03.11-05.42.15:311][  0]LogConfig: Setting CVar [[r.DOF.Gather.EnableBokehSettings:0       ; no bokeh simulation when gathering]]
[2022.03.11-05.42.15:311][  0]LogConfig: Setting CVar [[r.DOF.Gather.RingCount:4                 ; medium number of samples when gathering]]
[2022.03.11-05.42.15:311][  0]LogConfig: Setting CVar [[r.DOF.Scatter.ForegroundCompositing:1    ; additive foreground scattering]]
[2022.03.11-05.42.15:311][  0]LogConfig: Setting CVar [[r.DOF.Scatter.BackgroundCompositing:2    ; additive background scattering]]
[2022.03.11-05.42.15:311][  0]LogConfig: Setting CVar [[r.DOF.Scatter.EnableBokehSettings:1      ; bokeh simulation when scattering]]
[2022.03.11-05.42.15:311][  0]LogConfig: Setting CVar [[r.DOF.Scatter.MaxSpriteRatio:0.1         ; only a maximum of 10% of scattered bokeh]]
[2022.03.11-05.42.15:311][  0]LogConfig: Setting CVar [[r.DOF.Recombine.Quality:1                ; cheap slight out of focus]]
[2022.03.11-05.42.15:311][  0]LogConfig: Setting CVar [[r.DOF.Recombine.EnableBokehSettings:0    ; no bokeh simulation on slight out of focus]]
[2022.03.11-05.42.15:311][  0]LogConfig: Setting CVar [[r.DOF.TemporalAAQuality:1                ; more stable temporal accumulation]]
[2022.03.11-05.42.15:311][  0]LogConfig: Setting CVar [[r.DOF.Kernel.MaxForegroundRadius:0.025]]
[2022.03.11-05.42.15:311][  0]LogConfig: Setting CVar [[r.DOF.Kernel.MaxBackgroundRadius:0.025]]
[2022.03.11-05.42.15:311][  0]LogConfig: Applying CVar settings from Section [TextureQuality@3] File [C:/Users/camer/Documents/Github/GameProjects/CoopGame/Saved/Config/Windows/Scalability.ini]
[2022.03.11-05.42.15:311][  0]LogConfig: Setting CVar [[r.Streaming.MipBias:0]]
[2022.03.11-05.42.15:311][  0]LogConfig: Setting CVar [[r.Streaming.AmortizeCPUToGPUCopy:0]]
[2022.03.11-05.42.15:312][  0]LogConfig: Setting CVar [[r.Streaming.MaxNumTexturesToStreamPerFrame:0]]
[2022.03.11-05.42.15:312][  0]LogConfig: Setting CVar [[r.Streaming.Boost:1]]
[2022.03.11-05.42.15:312][  0]LogConfig: Setting CVar [[r.MaxAnisotropy:8]]
[2022.03.11-05.42.15:312][  0]LogConfig: Setting CVar [[r.VT.MaxAnisotropy:8]]
[2022.03.11-05.42.15:312][  0]LogConfig: Setting CVar [[r.Streaming.LimitPoolSizeToVRAM:0]]
[2022.03.11-05.42.15:312][  0]LogConfig: Setting CVar [[r.Streaming.PoolSize:1000]]
[2022.03.11-05.42.15:312][  0]LogConfig: Setting CVar [[r.Streaming.MaxEffectiveScreenSize:0]]
[2022.03.11-05.42.15:312][  0]LogConfig: Applying CVar settings from Section [EffectsQuality@3] File [C:/Users/camer/Documents/Github/GameProjects/CoopGame/Saved/Config/Windows/Scalability.ini]
[2022.03.11-05.42.15:312][  0]LogConfig: Setting CVar [[r.TranslucencyLightingVolumeDim:64]]
[2022.03.11-05.42.15:312][  0]LogConfig: Setting CVar [[r.RefractionQuality:2]]
[2022.03.11-05.42.15:312][  0]LogConfig: Setting CVar [[r.SSR.Quality:3]]
[2022.03.11-05.42.15:312][  0]LogConfig: Setting CVar [[r.SSR.HalfResSceneColor:0]]
[2022.03.11-05.42.15:312][  0]LogConfig: Setting CVar [[r.SceneColorFormat:4]]
[2022.03.11-05.42.15:312][  0]LogConfig: Setting CVar [[r.DetailMode:2]]
[2022.03.11-05.42.15:312][  0]LogConfig: Setting CVar [[r.TranslucencyVolumeBlur:1]]
[2022.03.11-05.42.15:312][  0]LogConfig: Setting CVar [[r.MaterialQualityLevel:1 ; High quality]]
[2022.03.11-05.42.15:312][  0]LogConfig: Setting CVar [[r.AnisotropicMaterials:1]]
[2022.03.11-05.42.15:312][  0]LogConfig: Setting CVar [[r.SSS.Scale:1]]
[2022.03.11-05.42.15:312][  0]LogConfig: Setting CVar [[r.SSS.SampleSet:2]]
[2022.03.11-05.42.15:312][  0]LogConfig: Setting CVar [[r.SSS.Quality:1]]
[2022.03.11-05.42.15:312][  0]LogConfig: Setting CVar [[r.SSS.HalfRes:0]]
[2022.03.11-05.42.15:312][  0]LogConfig: Setting CVar [[r.SSGI.Quality:3]]
[2022.03.11-05.42.15:312][  0]LogConfig: Setting CVar [[r.EmitterSpawnRateScale:1.0]]
[2022.03.11-05.42.15:312][  0]LogConfig: Setting CVar [[r.ParticleLightQuality:2]]
[2022.03.11-05.42.15:312][  0]LogConfig: Setting CVar [[r.SkyAtmosphere.AerialPerspectiveLUT.FastApplyOnOpaque:1 ; Always have FastSkyLUT 1 in this case to avoid wrong sky]]
[2022.03.11-05.42.15:312][  0]LogConfig: Setting CVar [[r.SkyAtmosphere.AerialPerspectiveLUT.SampleCountMaxPerSlice:4]]
[2022.03.11-05.42.15:312][  0]LogConfig: Setting CVar [[r.SkyAtmosphere.AerialPerspectiveLUT.DepthResolution:16.0]]
[2022.03.11-05.42.15:313][  0]LogConfig: Setting CVar [[r.SkyAtmosphere.FastSkyLUT:1]]
[2022.03.11-05.42.15:313][  0]LogConfig: Setting CVar [[r.SkyAtmosphere.FastSkyLUT.SampleCountMin:4.0]]
[2022.03.11-05.42.15:313][  0]LogConfig: Setting CVar [[r.SkyAtmosphere.FastSkyLUT.SampleCountMax:128.0]]
[2022.03.11-05.42.15:313][  0]LogConfig: Setting CVar [[r.SkyAtmosphere.SampleCountMin:4.0]]
[2022.03.11-05.42.15:313][  0]LogConfig: Setting CVar [[r.SkyAtmosphere.SampleCountMax:128.0]]
[2022.03.11-05.42.15:313][  0]LogConfig: Setting CVar [[r.SkyAtmosphere.TransmittanceLUT.UseSmallFormat:0]]
[2022.03.11-05.42.15:313][  0]LogConfig: Setting CVar [[r.SkyAtmosphere.TransmittanceLUT.SampleCount:10.0]]
[2022.03.11-05.42.15:313][  0]LogConfig: Setting CVar [[r.SkyAtmosphere.MultiScatteringLUT.SampleCount:15.0]]
[2022.03.11-05.42.15:313][  0]LogConfig: Setting CVar [[r.SkyLight.RealTimeReflectionCapture:1]]
[2022.03.11-05.42.15:313][  0]LogConfig: Applying CVar settings from Section [FoliageQuality@3] File [C:/Users/camer/Documents/Github/GameProjects/CoopGame/Saved/Config/Windows/Scalability.ini]
[2022.03.11-05.42.15:313][  0]LogConfig: Setting CVar [[foliage.DensityScale:1.0]]
[2022.03.11-05.42.15:313][  0]LogConfig: Setting CVar [[grass.DensityScale:1.0]]
[2022.03.11-05.42.15:313][  0]LogConfig: Applying CVar settings from Section [ShadingQuality@3] File [C:/Users/camer/Documents/Github/GameProjects/CoopGame/Saved/Config/Windows/Scalability.ini]
[2022.03.11-05.42.15:313][  0]LogConfig: Setting CVar [[r.HairStrands.SkyLighting.IntegrationType:2]]
[2022.03.11-05.42.15:313][  0]LogConfig: Setting CVar [[r.HairStrands.SkyAO.SampleCount:4]]
[2022.03.11-05.42.15:313][  0]LogConfig: Setting CVar [[r.HairStrands.Visibility.MSAA.SamplePerPixel:4]]
[2022.03.11-05.42.15:313][  0]LogInit: Selected Device Profile: [Windows]
[2022.03.11-05.42.15:313][  0]LogInit: Applying CVar settings loaded from the selected device profile: [Windows]
[2022.03.11-05.42.15:313][  0]LogHAL: Display: Platform has ~ 32 GB [34195570688 / 34359738368 / 32], which maps to Largest [LargestMinGB=32, LargerMinGB=12, DefaultMinGB=8, SmallerMinGB=6, SmallestMinGB=0)
[2022.03.11-05.42.15:313][  0]LogInit: Going up to parent DeviceProfile []
[2022.03.11-05.42.15:314][  0]LogConfig: Applying CVar settings from Section [ViewDistanceQuality@3] File [C:/Users/camer/Documents/Github/GameProjects/CoopGame/Saved/Config/Windows/Scalability.ini]
[2022.03.11-05.42.15:314][  0]LogConfig: Setting CVar [[r.SkeletalMeshLODBias:0]]
[2022.03.11-05.42.15:314][  0]LogConfig: Setting CVar [[r.ViewDistanceScale:1.0]]
[2022.03.11-05.42.15:314][  0]LogConfig: Applying CVar settings from Section [AntiAliasingQuality@3] File [C:/Users/camer/Documents/Github/GameProjects/CoopGame/Saved/Config/Windows/Scalability.ini]
[2022.03.11-05.42.15:314][  0]LogConfig: Setting CVar [[r.PostProcessAAQuality:4]]
[2022.03.11-05.42.15:314][  0]LogConfig: Applying CVar settings from Section [ShadowQuality@3] File [C:/Users/camer/Documents/Github/GameProjects/CoopGame/Saved/Config/Windows/Scalability.ini]
[2022.03.11-05.42.15:314][  0]LogConfig: Setting CVar [[r.LightFunctionQuality:1]]
[2022.03.11-05.42.15:314][  0]LogConfig: Setting CVar [[r.ShadowQuality:5]]
[2022.03.11-05.42.15:314][  0]LogConfig: Setting CVar [[r.Shadow.CSM.MaxCascades:10]]
[2022.03.11-05.42.15:314][  0]LogConfig: Setting CVar [[r.Shadow.MaxResolution:2048]]
[2022.03.11-05.42.15:314][  0]LogConfig: Setting CVar [[r.Shadow.MaxCSMResolution:2048]]
[2022.03.11-05.42.15:314][  0]LogConfig: Setting CVar [[r.Shadow.RadiusThreshold:0.01]]
[2022.03.11-05.42.15:314][  0]LogConfig: Setting CVar [[r.Shadow.DistanceScale:1.0]]
[2022.03.11-05.42.15:314][  0]LogConfig: Setting CVar [[r.Shadow.CSM.TransitionScale:1.0]]
[2022.03.11-05.42.15:314][  0]LogConfig: Setting CVar [[r.Shadow.PreShadowResolutionFactor:1.0]]
[2022.03.11-05.42.15:314][  0]LogConfig: Setting CVar [[r.DistanceFieldShadowing:1]]
[2022.03.11-05.42.15:314][  0]LogConfig: Setting CVar [[r.DistanceFieldAO:1]]
[2022.03.11-05.42.15:314][  0]LogConfig: Setting CVar [[r.AOQuality:2]]
[2022.03.11-05.42.15:314][  0]LogConfig: Setting CVar [[r.VolumetricFog:1]]
[2022.03.11-05.42.15:314][  0]LogConfig: Setting CVar [[r.VolumetricFog.GridPixelSize:8]]
[2022.03.11-05.42.15:314][  0]LogConfig: Setting CVar [[r.VolumetricFog.GridSizeZ:128]]
[2022.03.11-05.42.15:314][  0]LogConfig: Setting CVar [[r.VolumetricFog.HistoryMissSupersampleCount:4]]
[2022.03.11-05.42.15:314][  0]LogConfig: Setting CVar [[r.LightMaxDrawDistanceScale:1]]
[2022.03.11-05.42.15:314][  0]LogConfig: Setting CVar [[r.CapsuleShadows:1]]
[2022.03.11-05.42.15:314][  0]LogConfig: Applying CVar settings from Section [PostProcessQuality@3] File [C:/Users/camer/Documents/Github/GameProjects/CoopGame/Saved/Config/Windows/Scalability.ini]
[2022.03.11-05.42.15:314][  0]LogConfig: Setting CVar [[r.MotionBlurQuality:4]]
[2022.03.11-05.42.15:314][  0]LogConfig: Setting CVar [[r.AmbientOcclusionMipLevelFactor:0.4]]
[2022.03.11-05.42.15:314][  0]LogConfig: Setting CVar [[r.AmbientOcclusionMaxQuality:100]]
[2022.03.11-05.42.15:314][  0]LogConfig: Setting CVar [[r.AmbientOcclusionLevels:-1]]
[2022.03.11-05.42.15:314][  0]LogConfig: Setting CVar [[r.AmbientOcclusionRadiusScale:1.0]]
[2022.03.11-05.42.15:314][  0]LogConfig: Setting CVar [[r.DepthOfFieldQuality:2]]
[2022.03.11-05.42.15:314][  0]LogConfig: Setting CVar [[r.RenderTargetPoolMin:400]]
[2022.03.11-05.42.15:314][  0]LogConfig: Setting CVar [[r.LensFlareQuality:2]]
[2022.03.11-05.42.15:314][  0]LogConfig: Setting CVar [[r.SceneColorFringeQuality:1]]
[2022.03.11-05.42.15:314][  0]LogConfig: Setting CVar [[r.EyeAdaptationQuality:2]]
[2022.03.11-05.42.15:314][  0]LogConfig: Setting CVar [[r.BloomQuality:5]]
[2022.03.11-05.42.15:314][  0]LogConfig: Setting CVar [[r.FastBlurThreshold:100]]
[2022.03.11-05.42.15:314][  0]LogConfig: Setting CVar [[r.Upscale.Quality:3]]
[2022.03.11-05.42.15:314][  0]LogConfig: Setting CVar [[r.Tonemapper.GrainQuantization:1]]
[2022.03.11-05.42.15:314][  0]LogConfig: Setting CVar [[r.LightShaftQuality:1]]
[2022.03.11-05.42.15:314][  0]LogConfig: Setting CVar [[r.Filter.SizeScale:1]]
[2022.03.11-05.42.15:314][  0]LogConfig: Setting CVar [[r.Tonemapper.Quality:5]]
[2022.03.11-05.42.15:314][  0]LogConfig: Setting CVar [[r.DOF.Gather.AccumulatorQuality:1        ; higher gathering accumulator quality]]
[2022.03.11-05.42.15:314][  0]LogConfig: Setting CVar [[r.DOF.Gather.PostfilterMethod:1          ; Median3x3 postfilering method]]
[2022.03.11-05.42.15:314][  0]LogConfig: Setting CVar [[r.DOF.Gather.EnableBokehSettings:0       ; no bokeh simulation when gathering]]
[2022.03.11-05.42.15:314][  0]LogConfig: Setting CVar [[r.DOF.Gather.RingCount:4                 ; medium number of samples when gathering]]
[2022.03.11-05.42.15:314][  0]LogConfig: Setting CVar [[r.DOF.Scatter.ForegroundCompositing:1    ; additive foreground scattering]]
[2022.03.11-05.42.15:314][  0]LogConfig: Setting CVar [[r.DOF.Scatter.BackgroundCompositing:2    ; additive background scattering]]
[2022.03.11-05.42.15:314][  0]LogConfig: Setting CVar [[r.DOF.Scatter.EnableBokehSettings:1      ; bokeh simulation when scattering]]
[2022.03.11-05.42.15:314][  0]LogConfig: Setting CVar [[r.DOF.Scatter.MaxSpriteRatio:0.1         ; only a maximum of 10% of scattered bokeh]]
[2022.03.11-05.42.15:314][  0]LogConfig: Setting CVar [[r.DOF.Recombine.Quality:1                ; cheap slight out of focus]]
[2022.03.11-05.42.15:314][  0]LogConfig: Setting CVar [[r.DOF.Recombine.EnableBokehSettings:0    ; no bokeh simulation on slight out of focus]]
[2022.03.11-05.42.15:314][  0]LogConfig: Setting CVar [[r.DOF.TemporalAAQuality:1                ; more stable temporal accumulation]]
[2022.03.11-05.42.15:314][  0]LogConfig: Setting CVar [[r.DOF.Kernel.MaxForegroundRadius:0.025]]
[2022.03.11-05.42.15:315][  0]LogConfig: Setting CVar [[r.DOF.Kernel.MaxBackgroundRadius:0.025]]
[2022.03.11-05.42.15:315][  0]LogConfig: Applying CVar settings from Section [TextureQuality@3] File [C:/Users/camer/Documents/Github/GameProjects/CoopGame/Saved/Config/Windows/Scalability.ini]
[2022.03.11-05.42.15:315][  0]LogConfig: Setting CVar [[r.Streaming.MipBias:0]]
[2022.03.11-05.42.15:315][  0]LogConfig: Setting CVar [[r.Streaming.AmortizeCPUToGPUCopy:0]]
[2022.03.11-05.42.15:315][  0]LogConfig: Setting CVar [[r.Streaming.MaxNumTexturesToStreamPerFrame:0]]
[2022.03.11-05.42.15:315][  0]LogConfig: Setting CVar [[r.Streaming.Boost:1]]
[2022.03.11-05.42.15:315][  0]LogConfig: Setting CVar [[r.MaxAnisotropy:8]]
[2022.03.11-05.42.15:315][  0]LogConfig: Setting CVar [[r.VT.MaxAnisotropy:8]]
[2022.03.11-05.42.15:315][  0]LogConfig: Setting CVar [[r.Streaming.LimitPoolSizeToVRAM:0]]
[2022.03.11-05.42.15:315][  0]LogConfig: Setting CVar [[r.Streaming.PoolSize:1000]]
[2022.03.11-05.42.15:315][  0]LogConfig: Setting CVar [[r.Streaming.MaxEffectiveScreenSize:0]]
[2022.03.11-05.42.15:315][  0]LogConfig: Applying CVar settings from Section [EffectsQuality@3] File [C:/Users/camer/Documents/Github/GameProjects/CoopGame/Saved/Config/Windows/Scalability.ini]
[2022.03.11-05.42.15:315][  0]LogConfig: Setting CVar [[r.TranslucencyLightingVolumeDim:64]]
[2022.03.11-05.42.15:315][  0]LogConfig: Setting CVar [[r.RefractionQuality:2]]
[2022.03.11-05.42.15:315][  0]LogConfig: Setting CVar [[r.SSR.Quality:3]]
[2022.03.11-05.42.15:315][  0]LogConfig: Setting CVar [[r.SSR.HalfResSceneColor:0]]
[2022.03.11-05.42.15:315][  0]LogConfig: Setting CVar [[r.SceneColorFormat:4]]
[2022.03.11-05.42.15:315][  0]LogConfig: Setting CVar [[r.DetailMode:2]]
[2022.03.11-05.42.15:315][  0]LogConfig: Setting CVar [[r.TranslucencyVolumeBlur:1]]
[2022.03.11-05.42.15:315][  0]LogConfig: Setting CVar [[r.MaterialQualityLevel:1 ; High quality]]
[2022.03.11-05.42.15:315][  0]LogConfig: Setting CVar [[r.AnisotropicMaterials:1]]
[2022.03.11-05.42.15:315][  0]LogConfig: Setting CVar [[r.SSS.Scale:1]]
[2022.03.11-05.42.15:315][  0]LogConfig: Setting CVar [[r.SSS.SampleSet:2]]
[2022.03.11-05.42.15:315][  0]LogConfig: Setting CVar [[r.SSS.Quality:1]]
[2022.03.11-05.42.15:315][  0]LogConfig: Setting CVar [[r.SSS.HalfRes:0]]
[2022.03.11-05.42.15:315][  0]LogConfig: Setting CVar [[r.SSGI.Quality:3]]
[2022.03.11-05.42.15:315][  0]LogConfig: Setting CVar [[r.EmitterSpawnRateScale:1.0]]
[2022.03.11-05.42.15:315][  0]LogConfig: Setting CVar [[r.ParticleLightQuality:2]]
[2022.03.11-05.42.15:315][  0]LogConfig: Setting CVar [[r.SkyAtmosphere.AerialPerspectiveLUT.FastApplyOnOpaque:1 ; Always have FastSkyLUT 1 in this case to avoid wrong sky]]
[2022.03.11-05.42.15:315][  0]LogConfig: Setting CVar [[r.SkyAtmosphere.AerialPerspectiveLUT.SampleCountMaxPerSlice:4]]
[2022.03.11-05.42.15:315][  0]LogConfig: Setting CVar [[r.SkyAtmosphere.AerialPerspectiveLUT.DepthResolution:16.0]]
[2022.03.11-05.42.15:316][  0]LogConfig: Setting CVar [[r.SkyAtmosphere.FastSkyLUT:1]]
[2022.03.11-05.42.15:316][  0]LogConfig: Setting CVar [[r.SkyAtmosphere.FastSkyLUT.SampleCountMin:4.0]]
[2022.03.11-05.42.15:316][  0]LogConfig: Setting CVar [[r.SkyAtmosphere.FastSkyLUT.SampleCountMax:128.0]]
[2022.03.11-05.42.15:316][  0]LogConfig: Setting CVar [[r.SkyAtmosphere.SampleCountMin:4.0]]
[2022.03.11-05.42.15:316][  0]LogConfig: Setting CVar [[r.SkyAtmosphere.SampleCountMax:128.0]]
[2022.03.11-05.42.15:316][  0]LogConfig: Setting CVar [[r.SkyAtmosphere.TransmittanceLUT.UseSmallFormat:0]]
[2022.03.11-05.42.15:316][  0]LogConfig: Setting CVar [[r.SkyAtmosphere.TransmittanceLUT.SampleCount:10.0]]
[2022.03.11-05.42.15:316][  0]LogConfig: Setting CVar [[r.SkyAtmosphere.MultiScatteringLUT.SampleCount:15.0]]
[2022.03.11-05.42.15:316][  0]LogConfig: Setting CVar [[r.SkyLight.RealTimeReflectionCapture:1]]
[2022.03.11-05.42.15:316][  0]LogConfig: Applying CVar settings from Section [FoliageQuality@3] File [C:/Users/camer/Documents/Github/GameProjects/CoopGame/Saved/Config/Windows/Scalability.ini]
[2022.03.11-05.42.15:316][  0]LogConfig: Setting CVar [[foliage.DensityScale:1.0]]
[2022.03.11-05.42.15:316][  0]LogConfig: Setting CVar [[grass.DensityScale:1.0]]
[2022.03.11-05.42.15:316][  0]LogConfig: Applying CVar settings from Section [ShadingQuality@3] File [C:/Users/camer/Documents/Github/GameProjects/CoopGame/Saved/Config/Windows/Scalability.ini]
[2022.03.11-05.42.15:316][  0]LogConfig: Setting CVar [[r.HairStrands.SkyLighting.IntegrationType:2]]
[2022.03.11-05.42.15:316][  0]LogConfig: Setting CVar [[r.HairStrands.SkyAO.SampleCount:4]]
[2022.03.11-05.42.15:316][  0]LogConfig: Setting CVar [[r.HairStrands.Visibility.MSAA.SamplePerPixel:4]]
[2022.03.11-05.42.15:316][  0]LogConfig: Applying CVar settings from Section [Startup] File [../../../Engine/Config/ConsoleVariables.ini]
[2022.03.11-05.42.15:316][  0]LogConfig: Setting CVar [[net.UseAdaptiveNetUpdateFrequency:0]]
[2022.03.11-05.42.15:316][  0]LogConfig: Setting CVar [[p.chaos.AllowCreatePhysxBodies:1]]
[2022.03.11-05.42.15:316][  0]LogConfig: Setting CVar [[fx.SkipVectorVMBackendOptimizations:1]]
[2022.03.11-05.42.15:316][  0]LogConfig: Applying CVar settings from Section [ConsoleVariables] File [C:/Users/camer/Documents/Github/GameProjects/CoopGame/Saved/Config/Windows/Engine.ini]
[2022.03.11-05.42.15:316][  0]LogConfig: Applying CVar settings from Section [ConsoleVariables] File [C:/Users/camer/Documents/Github/GameProjects/CoopGame/Saved/Config/Windows/Editor.ini]
[2022.03.11-05.42.15:316][  0]LogInit: Computer: DESKTOP-EK80505
[2022.03.11-05.42.15:317][  0]LogInit: User: camer
[2022.03.11-05.42.15:317][  0]LogInit: CPU Page size=4096, Cores=8
[2022.03.11-05.42.15:317][  0]LogInit: High frequency timer resolution =10.000000 MHz
[2022.03.11-05.42.15:317][  0]LogMemory: Memory total: Physical=31.8GB (32GB approx)
[2022.03.11-05.42.15:317][  0]LogMemory: Platform Memory Stats for Windows
[2022.03.11-05.42.15:317][  0]LogMemory: Process Physical Memory: 147.31 MB used, 147.32 MB peak
[2022.03.11-05.42.15:317][  0]LogMemory: Process Virtual Memory: 129.28 MB used, 129.28 MB peak
[2022.03.11-05.42.15:317][  0]LogMemory: Physical Memory: 21378.31 MB used,  11233.12 MB free, 32611.44 MB total
[2022.03.11-05.42.15:317][  0]LogMemory: Virtual Memory: 134204632.00 MB used,  13099.13 MB free, 134217728.00 MB total
[2022.03.11-05.42.15:329][  0]LogWindows: WindowsPlatformFeatures enabled
[2022.03.11-05.42.15:443][  0]LogInit: Physics initialised using underlying interface: PhysX
[2022.03.11-05.42.15:444][  0]LogInit: Using OS detected language (fr-FR).
[2022.03.11-05.42.15:444][  0]LogInit: Using OS detected locale (fr-FR).
[2022.03.11-05.42.15:448][  0]LogTextLocalizationManager: No specific localization for 'fr-FR' exists, so the 'fr' localization will be used.
[2022.03.11-05.42.15:448][  0]LogTextLocalizationResource: LocRes '../../../Engine/Content/Localization/Editor/fr/Editor.locres' could not be opened for reading!
[2022.03.11-05.42.15:448][  0]LogTextLocalizationResource: LocRes '../../../Engine/Content/Localization/EditorTutorials/fr/EditorTutorials.locres' could not be opened for reading!
[2022.03.11-05.42.15:449][  0]LogTextLocalizationResource: LocRes '../../../Engine/Content/Localization/Keywords/fr/Keywords.locres' could not be opened for reading!
[2022.03.11-05.42.15:449][  0]LogTextLocalizationResource: LocRes '../../../Engine/Content/Localization/Category/fr/Category.locres' could not be opened for reading!
[2022.03.11-05.42.15:449][  0]LogTextLocalizationResource: LocRes '../../../Engine/Content/Localization/ToolTips/fr/ToolTips.locres' could not be opened for reading!
[2022.03.11-05.42.15:449][  0]LogTextLocalizationResource: LocRes '../../../Engine/Content/Localization/PropertyNames/fr/PropertyNames.locres' could not be opened for reading!
[2022.03.11-05.42.15:449][  0]LogTextLocalizationResource: LocRes '../../../Engine/Content/Localization/Engine/fr/Engine.locres' could not be opened for reading!
[2022.03.11-05.42.15:450][  0]LogInit: Setting process to per monitor DPI aware
[2022.03.11-05.42.15:479][  0]LogWindowsTextInputMethodSystem: Display: IME system deactivated.
[2022.03.11-05.42.15:508][  0]LogSlate: New Slate User Created.  User Index 0, Is Virtual User: 0
[2022.03.11-05.42.15:508][  0]LogSlate: Slate User Registered.  User Index 0, Is Virtual User: 0
[2022.03.11-05.42.15:602][  0]LogD3D11RHI: Loaded GFSDK_Aftermath_Lib.x64.dll
[2022.03.11-05.42.15:606][  0]LogHMD: Failed to initialize OpenVR with code 110
[2022.03.11-05.42.15:606][  0]LogD3D11RHI: D3D11 min allowed feature level: 11_0
[2022.03.11-05.42.15:606][  0]LogD3D11RHI: D3D11 max allowed feature level: 11_0
[2022.03.11-05.42.15:606][  0]LogD3D11RHI: D3D11 adapters:
[2022.03.11-05.42.15:716][  0]LogD3D11RHI:    0. 'NVIDIA GeForce RTX 2080 Ti' (Feature Level 11_0)
[2022.03.11-05.42.15:716][  0]LogD3D11RHI:       11049/0/16305 MB DedicatedVideo/DedicatedSystem/SharedSystem, Outputs:1, VendorId:0x10de
[2022.03.11-05.42.15:811][  0]LogD3D11RHI:    1. 'NVIDIA GeForce RTX 2080' (Feature Level 11_0)
[2022.03.11-05.42.15:811][  0]LogD3D11RHI:       8010/0/16305 MB DedicatedVideo/DedicatedSystem/SharedSystem, Outputs:2, VendorId:0x10de
[2022.03.11-05.42.15:815][  0]LogD3D11RHI:    2. 'Microsoft Basic Render Driver' (Feature Level 11_0)
[2022.03.11-05.42.15:815][  0]LogD3D11RHI:       0/0/16305 MB DedicatedVideo/DedicatedSystem/SharedSystem, Outputs:0, VendorId:0x1414
[2022.03.11-05.42.15:815][  0]LogD3D11RHI: Chosen D3D11 Adapter:
[2022.03.11-05.42.15:815][  0]LogD3D11RHI:     Description : NVIDIA GeForce RTX 2080 Ti
[2022.03.11-05.42.15:815][  0]LogD3D11RHI:     VendorId    : 10de
[2022.03.11-05.42.15:815][  0]LogD3D11RHI:     DeviceId    : 1e07
[2022.03.11-05.42.15:815][  0]LogD3D11RHI:     SubSysId    : 12a410de
[2022.03.11-05.42.15:815][  0]LogD3D11RHI:     Revision    : 00a1
[2022.03.11-05.42.15:815][  0]LogD3D11RHI:     DedicatedVideoMemory : 11585716224 bytes
[2022.03.11-05.42.15:815][  0]LogD3D11RHI:     DedicatedSystemMemory : 0 bytes
[2022.03.11-05.42.15:815][  0]LogD3D11RHI:     SharedSystemMemory : 17097785344 bytes
[2022.03.11-05.42.15:815][  0]LogD3D11RHI:     AdapterLuid : 0 80726
[2022.03.11-05.42.15:823][  0]LogD3D11RHI: Creating new Direct3DDevice
[2022.03.11-05.42.15:823][  0]LogD3D11RHI:     GPU DeviceId: 0x1e07 (for the marketing name, search the web for "GPU Device Id")
[2022.03.11-05.42.15:823][  0]LogWindows: EnumDisplayDevices:
[2022.03.11-05.42.15:823][  0]LogWindows:    0. 'NVIDIA GeForce RTX 2080 Ti' (P:1 D:1)
[2022.03.11-05.42.15:823][  0]LogWindows:    1. 'NVIDIA GeForce RTX 2080 Ti' (P:0 D:0)
[2022.03.11-05.42.15:824][  0]LogWindows:    2. 'NVIDIA GeForce RTX 2080 Ti' (P:0 D:0)
[2022.03.11-05.42.15:824][  0]LogWindows:    3. 'NVIDIA GeForce RTX 2080 Ti' (P:0 D:0)
[2022.03.11-05.42.15:824][  0]LogWindows:    4. 'NVIDIA GeForce RTX 2080' (P:0 D:1)
[2022.03.11-05.42.15:824][  0]LogWindows:    5. 'NVIDIA GeForce RTX 2080' (P:0 D:0)
[2022.03.11-05.42.15:824][  0]LogWindows:    6. 'NVIDIA GeForce RTX 2080' (P:0 D:1)
[2022.03.11-05.42.15:825][  0]LogWindows:    7. 'NVIDIA GeForce RTX 2080' (P:0 D:0)
[2022.03.11-05.42.15:825][  0]LogWindows: DebugString: PrimaryIsNotTheChoosenAdapter PrimaryIsNotTheChoosenAdapter PrimaryIsNotTheChoosenAdapter PrimaryIsNotTheChoosenAdapter FoundDriverCount:4 
[2022.03.11-05.42.15:825][  0]LogD3D11RHI:     Adapter Name: NVIDIA GeForce RTX 2080 Ti
[2022.03.11-05.42.15:825][  0]LogD3D11RHI:   Driver Version: 511.79 (internal:30.0.15.1179, unified:511.79)
[2022.03.11-05.42.15:825][  0]LogD3D11RHI:      Driver Date: 2-10-2022
[2022.03.11-05.42.15:825][  0]LogRHI: Texture pool is 7734 MB (70% of 11049 MB)
[2022.03.11-05.42.15:825][  0]LogD3D11RHI: Creating D3DDevice using adapter:
[2022.03.11-05.42.15:825][  0]LogD3D11RHI:     Description : NVIDIA GeForce RTX 2080 Ti
[2022.03.11-05.42.15:825][  0]LogD3D11RHI:     VendorId    : 10de
[2022.03.11-05.42.15:825][  0]LogD3D11RHI:     DeviceId    : 1e07
[2022.03.11-05.42.15:825][  0]LogD3D11RHI:     SubSysId    : 12a410de
[2022.03.11-05.42.15:825][  0]LogD3D11RHI:     Revision    : 00a1
[2022.03.11-05.42.15:825][  0]LogD3D11RHI:     DedicatedVideoMemory : 11585716224 bytes
[2022.03.11-05.42.15:825][  0]LogD3D11RHI:     DedicatedSystemMemory : 0 bytes
[2022.03.11-05.42.15:825][  0]LogD3D11RHI:     SharedSystemMemory : 17097785344 bytes
[2022.03.11-05.42.15:825][  0]LogD3D11RHI:     AdapterLuid : 0 80726
[2022.03.11-05.42.15:884][  0]LogD3D11RHI: RHI has support for 64 bit atomics
[2022.03.11-05.42.15:884][  0]LogD3D11RHI: Async texture creation enabled
[2022.03.11-05.42.15:884][  0]LogD3D11RHI: Array index from any shader is supported
[2022.03.11-05.42.15:904][  0]LogD3D11RHI: GPU Timing Frequency: 1000.000000 (Debug: 2 2)
[2022.03.11-05.42.15:925][  0]LogRHI: GeForceNow SDK initialized: 1
[2022.03.11-05.42.16:156][  0]LogTargetPlatformManager: Display: Loaded TargetPlatform 'AllDesktop'
[2022.03.11-05.42.16:179][  0]LogTargetPlatformManager: Display: Loaded TargetPlatform 'Android'
[2022.03.11-05.42.16:179][  0]LogTargetPlatformManager: Display: Loaded TargetPlatform 'Android_ASTC'
[2022.03.11-05.42.16:179][  0]LogTargetPlatformManager: Display: Loaded TargetPlatform 'Android_DXT'
[2022.03.11-05.42.16:179][  0]LogTargetPlatformManager: Display: Loaded TargetPlatform 'Android_ETC2'
[2022.03.11-05.42.16:179][  0]LogTargetPlatformManager: Display: Loaded TargetPlatform 'AndroidClient'
[2022.03.11-05.42.16:179][  0]LogTargetPlatformManager: Display: Loaded TargetPlatform 'Android_ASTCClient'
[2022.03.11-05.42.16:179][  0]LogTargetPlatformManager: Display: Loaded TargetPlatform 'Android_DXTClient'
[2022.03.11-05.42.16:179][  0]LogTargetPlatformManager: Display: Loaded TargetPlatform 'Android_ETC2Client'
[2022.03.11-05.42.16:179][  0]LogTargetPlatformManager: Display: Loaded TargetPlatform 'Android_Multi'
[2022.03.11-05.42.16:179][  0]LogTargetPlatformManager: Display: Loaded TargetPlatform 'Android_MultiClient'
[2022.03.11-05.42.16:200][  0]LogTargetPlatformManager: Display: Loaded TargetPlatform 'IOSClient'
[2022.03.11-05.42.16:200][  0]LogTargetPlatformManager: Display: Loaded TargetPlatform 'IOS'
[2022.03.11-05.42.16:208][  0]LogTargetPlatformManager: Display: Loaded TargetPlatform 'Linux'
[2022.03.11-05.42.16:213][  0]LogTargetPlatformManager: Display: Loaded TargetPlatform 'LinuxNoEditor'
[2022.03.11-05.42.16:217][  0]LogTargetPlatformManager: Display: Loaded TargetPlatform 'LinuxClient'
[2022.03.11-05.42.16:221][  0]LogTargetPlatformManager: Display: Loaded TargetPlatform 'LinuxServer'
[2022.03.11-05.42.16:228][  0]LogTargetPlatformManager: Display: Loaded TargetPlatform 'LinuxAArch64NoEditor'
[2022.03.11-05.42.16:232][  0]LogTargetPlatformManager: Display: Loaded TargetPlatform 'LinuxAArch64Client'
[2022.03.11-05.42.16:236][  0]LogTargetPlatformManager: Display: Loaded TargetPlatform 'LinuxAArch64Server'
[2022.03.11-05.42.16:253][  0]LogTargetPlatformManager: Display: Loaded TargetPlatform 'Lumin'
[2022.03.11-05.42.16:253][  0]LogTargetPlatformManager: Display: Loaded TargetPlatform 'LuminClient'
[2022.03.11-05.42.16:261][  0]LogTargetPlatformManager: Display: Loaded TargetPlatform 'MacNoEditor'
[2022.03.11-05.42.16:265][  0]LogTargetPlatformManager: Display: Loaded TargetPlatform 'Mac'
[2022.03.11-05.42.16:270][  0]LogTargetPlatformManager: Display: Loaded TargetPlatform 'MacClient'
[2022.03.11-05.42.16:275][  0]LogTargetPlatformManager: Display: Loaded TargetPlatform 'MacServer'
[2022.03.11-05.42.16:283][  0]LogTargetPlatformManager: Display: Loaded TargetPlatform 'TVOSClient'
[2022.03.11-05.42.16:283][  0]LogTargetPlatformManager: Display: Loaded TargetPlatform 'TVOS'
[2022.03.11-05.42.16:291][  0]LogTargetPlatformManager: Display: Loaded TargetPlatform 'WindowsNoEditor'
[2022.03.11-05.42.16:296][  0]LogTargetPlatformManager: Display: Loaded TargetPlatform 'Windows'
[2022.03.11-05.42.16:300][  0]LogTargetPlatformManager: Display: Loaded TargetPlatform 'WindowsClient'
[2022.03.11-05.42.16:305][  0]LogTargetPlatformManager: Display: Loaded TargetPlatform 'WindowsServer'
[2022.03.11-05.42.16:305][  0]LogTargetPlatformManager: Display: Building Assets For Windows
[2022.03.11-05.42.16:317][  0]LogAudioDebug: Display: Lib vorbis DLL was dynamically loaded.
[2022.03.11-05.42.16:355][  0]LogTextureFormatOodle: Display: Oodle Texture 2.9.0 init RDO Off
[2022.03.11-05.42.16:401][  0]LogRendererCore: Ray tracing is disabled. Reason: r.RayTracing=0.
[2022.03.11-05.42.16:401][  0]LogShaderCompilers: Guid format shader working directory is -23 characters bigger than the processId version (../../../../../../Users/camer/Documents/Github/GameProjects/CoopGame/Intermediate/Shaders/WorkingDirectory/14100/).
[2022.03.11-05.42.16:401][  0]LogShaderCompilers: Cleaned the shader compiler working directory 'C:/Users/camer/AppData/Local/Temp/UnrealShaderWorkingDir/6455F1B94D3252FF1E6E7B9352F27B35/'.
[2022.03.11-05.42.16:401][  0]LogXGEController: Cannot use XGE Controller as Incredibuild is not installed on this machine.
[2022.03.11-05.42.16:401][  0]LogShaderCompilers: Cannot use XGE Shader Compiler as Incredibuild is not installed on this machine.
[2022.03.11-05.42.16:401][  0]LogShaderCompilers: Display: Using Local Shader Compiler.
[2022.03.11-05.42.16:942][  0]LogDerivedDataCache: Display: Max Cache Size: 512 MB
[2022.03.11-05.42.16:987][  0]LogDerivedDataCache: Loaded boot cache 0.04s 94MB C:/Users/camer/AppData/Local/UnrealEngine/4.27/DerivedDataCache/Boot.ddc.
[2022.03.11-05.42.16:987][  0]LogDerivedDataCache: Display: Loaded Boot cache: C:/Users/camer/AppData/Local/UnrealEngine/4.27/DerivedDataCache/Boot.ddc
[2022.03.11-05.42.16:987][  0]LogDerivedDataCache: FDerivedDataBackendGraph:  Pak pak cache file ../../../../../../Users/camer/Documents/Github/GameProjects/CoopGame/DerivedDataCache/DDC.ddp not found, will not use a pak cache.
[2022.03.11-05.42.16:987][  0]LogDerivedDataCache: Unable to find inner node Pak for hierarchical cache Hierarchy.
[2022.03.11-05.42.16:987][  0]LogDerivedDataCache: FDerivedDataBackendGraph:  CompressedPak pak cache file ../../../../../../Users/camer/Documents/Github/GameProjects/CoopGame/DerivedDataCache/Compressed.ddp not found, will not use a pak cache.
[2022.03.11-05.42.16:987][  0]LogDerivedDataCache: Unable to find inner node CompressedPak for hierarchical cache Hierarchy.
[2022.03.11-05.42.17:000][  0]LogDerivedDataCache: Display: Pak cache opened for reading ../../../Engine/DerivedDataCache/Compressed.ddp.
[2022.03.11-05.42.17:000][  0]LogDerivedDataCache: FDerivedDataBackendGraph:  EnterprisePak pak cache file ../../../Enterprise/DerivedDataCache/Compressed.ddp not found, will not use a pak cache.
[2022.03.11-05.42.17:000][  0]LogDerivedDataCache: Unable to find inner node EnterprisePak for hierarchical cache Hierarchy.
[2022.03.11-05.42.17:009][  0]LogDerivedDataCache: Speed tests for C:/Users/camer/AppData/Local/UnrealEngine/Common/DerivedDataCache took 0.01 seconds
[2022.03.11-05.42.17:009][  0]LogDerivedDataCache: Display: Performance to C:/Users/camer/AppData/Local/UnrealEngine/Common/DerivedDataCache: Latency=0.02ms. RandomReadSpeed=1723.88MBs, RandomWriteSpeed=112.12MBs. Assigned SpeedClass 'Local'
[2022.03.11-05.42.17:011][  0]LogDerivedDataCache: Using Local data cache path C:/Users/camer/AppData/Local/UnrealEngine/Common/DerivedDataCache: Writable
[2022.03.11-05.42.17:011][  0]LogDerivedDataCache: Shared data cache path not found in *engine.ini, will not use an Shared cache.
[2022.03.11-05.42.17:012][  0]LogDerivedDataCache: Unable to find inner node Shared for hierarchical cache Hierarchy.
[2022.03.11-05.42.17:043][  0]LogSlate: Using FreeType 2.10.0
[2022.03.11-05.42.17:043][  0]LogSlate: SlateFontServices - WITH_FREETYPE: 1, WITH_HARFBUZZ: 1
[2022.03.11-05.42.17:061][  0]LogAssetRegistry: FAssetRegistry took 0.0033 seconds to start up
[2022.03.11-05.42.17:221][  0]LogInit: Selected Device Profile: [Windows]
[2022.03.11-05.42.17:221][  0]LogInit: Active device profile: [00000235C7CD6D00][00000235BE66F380 49] Windows
[2022.03.11-05.42.17:221][  0]LogInit: Profiles: [00000235C7CD6D00][00000235BE66F380 49] Windows, [00000235C8C65900][00000235C6C0F500 49] WindowsNoEditor, [00000235C7CD6100][00000235C6C13680 49] WindowsServer, [00000235C8C66400][00000235C6C17800 49] WindowsClient, [00000235C7CD7600][00000235C6C1B980 49] IOS, [00000235C8C67E00][00000235C6C1FB00 49] iPadAir, [00000235C7CD4900][00000235C6C22100 49] iPadAir2, [00000235C8C29200][00000235C6C2A3C0 49] IPadPro, [00000235C8C29300][00000235C6C26400 49] iPadAir3, [00000235C8C66A00][00000235C6C2E580 49] iPadAir4, [00000235C8C2A000][00000235C6C32700 49] iPadMini2, [00000235C8C64300][00000235BE672840 49] iPadMini3, [00000235C8C2AB00][00000235C6C36980 49] iPadMini4, [00000235C8C67600][00000235C6C3EAC0 49] iPadMini5, [00000235C8C40A00][00000235C6C4AD80 49] iPhone6, [00000235C8C40B00][00000235C6C46DC0 49] iPodTouch6, [00000235C7CD4800][00000235C005F080 49] iPhone7, [00000235C7CD4700][00000235C6C5B0C0 49] iPodTouch7, [00000235C8C40100][00000235C007B240 49] iPhone5S, [00000235C8C29E00][00000235C007F3C0 49] iPhone6Plus, [00000235C8C43B00][00000235C0083540 49] iPhone6S, [00000235C8C28E00][00000235C00876C0 49] iPhone6SPlus, [00000235C8C43400][00000235C008B840 49] iPhone7Plus, [00000235C8C2AC00][00000235C00939C0 49] iPhoneSE, [00000235C8C41F00][00000235C009BB40 49] iPhone8, [00000235C8C29B00][00000235C009E140 49] iPhone8Plus, [00000235C8C41B00][00000235C00A22C0 49] iPhoneX, [00000235C8C2A800][00000235C946C440 49] iPhoneXS, [00000235C7CD6A00][00000235C94745C0 49] iPhoneXSMax, [00000235C8C2B700][00000235C947C740 49] iPhoneXR, [00000235C7CD4600][00000235C57848C0 49] iPhone11, [00000235C8C29400][00000235BEA26A00 49] iPhone11Pro, [00000235C7CD4A00][00000235C8EF8B40 49] iPhone11ProMax, [00000235C8C2B200][00000235C8EFCC80 49] iPhoneSE2, [00000235C7CD6300][00000235BE9F0DC0 49] iPhone12Mini, [00000235C8C2A900][00000235BE9F8F40 49] iPhone12, [00000235C7CD7A00][00000235BE9FD0C0 49] iPhone12Pro, [00000235C8C2BF00][00000235BEA01240 49] iPhone12ProMax, [00000235C7CD7000][00000235C8FB73C0 49] iPadPro105, [00000235C8C29D00][00000235C8FBB540 49] iPadPro129, [00000235C7CD5E00][00000235C8FBF6C0 49] iPadPro97, [00000235C8C29500][00000235BEA05840 49] iPadPro2_129, [00000235C7CD4F00][00000235BEA099C0 49] iPad5, [00000235C8C28D00][00000235BEA0DB40 49] iPad6, [00000235C7CD4C00][00000235C9064140 49] iPad7, [00000235C8C2B300][00000235C906C2C0 49] iPad8, [00000235C7CD4400][00000235BE8C0440 49] iPadPro11, [00000235C8C2B400][00000235BE8D05C0 49] iPadPro2_11, [00000235C7CD7800][00000235C914E740 49] iPadPro3_129, [00000235C8C2BC00][00000235C91528C0 49] iPadPro4_129, [00000235C7CD7400][00000235C9156A40 49] AppleTV, [00000235C8C29100][00000235BE9F4B80 49] AppleTV4K, [00000235C7CD7200][00000235C915ACC0 49] TVOS, [00000235C8C28800][00000235C915EE00 49] Mac, [00000235C7CD7900][00000235C9162F40 49] MacClient, [00000235C8C28B00][00000235C916B0C0 49] MacNoEditor, [00000235C7CD7300][00000235C916F240 49] MacServer, [00000235C8C28F00][00000235C91733C0 49] Linux, [00000235C7CD4B00][00000235C9177540 49] LinuxAArch64, [00000235C8C2BE00][00000235C917B6C0 49] LinuxNoEditor, [00000235C7CD5A00][00000235C917F840 49] LinuxAArch64NoEditor, [00000235C8C28700][00000235C91839C0 49] LinuxClient, [00000235C7CD5800][00000235C9187B40 49] LinuxAArch64Client, [00000235C8C2AF00][00000235C918A140 49] LinuxServer, [00000235C7CD6800][00000235C91922C0 49] LinuxAArch64Server, [00000235C8C29000][00000235C9196440 49] Android, [00000235C7CD6400][00000235C91A45C0 49] Android_Low, [00000235C8C2B800][00000235C91A8740 49] Android_Mid, [00000235C7CD4200][00000235C91AC8C0 49] Android_High, [00000235C8C29700][00000235C91B0A40 49] Android_Default, [00000235C7CD5B00][00000235C91B4BC0 49] Android_Adreno4xx, [00000235C8C28300][00000235C91B8D40 49] Android_Adreno5xx_Low, [00000235C7CD6900][00000235C9166E80 49] Android_Adreno5xx, [00000235C8C66000][00000235C91D0FC0 49] Android_Adreno6xx, [00000235C8C43A00][00000235C91D5100 49] Android_Adreno6xx_Vulkan, [00000235C8C64100][00000235C91E5280 49] Android_Mali_T6xx, [00000235C8C43900][00000235C91E9400 49] Android_Mali_T7xx, [00000235C8C67000][00000235C91ED580 49] Android_Mali_T8xx, [00000235C8C42100][00000235C91F1700 49] Android_Mali_G71, [00000235C8C66900][00000235C94C9880 49] Android_Mali_G72, [00000235C8C41300][00000235C94CDA00 49] Android_Mali_G72_Vulkan, [00000235C8C64200][00000235C94D1B80 49] Android_Mali_G76, [00000235C8C42200][00000235C984C180 49] Android_Mali_G76_Vulkan, [00000235C8C65700][00000235C9850300 49] Android_Mali_G77, [00000235C8C42700][00000235C9854480 49] Android_Mali_G77_Vulkan, [00000235C8C64E00][00000235C9858600 49] Android_Mali_G78, [00000235C8C41900][00000235C985C780 49] Android_Mali_G78_Vulkan, [00000235C8C64A00][00000235C9860900 49] Android_Mali_G710, [00000235C8C42A00][00000235C9886A80 49] Android_Mali_G710_Vulkan, [00000235C8C64900][00000235C988AC00 49] Android_Vulkan_SM5, [00000235C8C43200][00000235C8F90D80 49] Android_PowerVR_G6xxx, [00000235C8C64500][00000235C8F94F00 49] Android_PowerVR_GT7xxx, [00000235C8C41400][00000235C91E1040 49] Android_PowerVR_GE8xxx, [00000235C8C65100][00000235C9069180 49] Android_PowerVR_GM9xxx, [00000235C8C43800][00000235C94712C0 49] Android_PowerVR_GM9xxx_Vulkan, [00000235C8C66700][00000235C9849440 49] Android_TegraK1, [00000235C8C42B00][00000235C94C55C0 49] Android_Unknown_Vulkan, [00000235C8C67500][00000235C8F99740 49] Lumin, [00000235C8C42900][00000235C8F9D8C0 49] Lumin_Desktop, [00000235C8C65200][00000235C8FA1A40 49] HoloLens, 
[2022.03.11-05.42.17:322][  0]LogMeshReduction: Using QuadricMeshReduction for automatic static mesh reduction
[2022.03.11-05.42.17:323][  0]LogMeshReduction: Using SimplygonMeshReduction for automatic skeletal mesh reduction
[2022.03.11-05.42.17:323][  0]LogMeshReduction: Using ProxyLODMeshReduction for automatic mesh merging
[2022.03.11-05.42.17:323][  0]LogMeshReduction: No distributed automatic mesh merging module available
[2022.03.11-05.42.17:323][  0]LogMeshMerging: No distributed automatic mesh merging module available
[2022.03.11-05.42.17:340][  0]LogNetVersion: CoopGame 1.0.0, NetCL: 17155196, EngineNetVer: 17, GameNetVer: 0 (Checksum: 1455646965)
[2022.03.11-05.42.17:588][  0]LogTexture: Default maximum texture size for cubemaps generated from long-lat sources has been changed from 512 to unlimited. In order to preserve old behaiour for '/Engine/MapTemplates/Sky/DaylightAmbientCubemap.DaylightAmbientCubemap', its maximum texture size has been explicitly set to 512.
[2022.03.11-05.42.17:631][  0]LogHMD: PokeAHoleMaterial loaded successfully
[2022.03.11-05.42.17:635][  0]LogUObjectArray: 17178 objects as part of root set at end of initial load.
[2022.03.11-05.42.17:635][  0]LogUObjectAllocator: 4302048 out of 0 bytes used by permanent object pool.
[2022.03.11-05.42.17:635][  0]LogUObjectArray: CloseDisregardForGC: 0/0 objects in disregard for GC pool
[2022.03.11-05.42.17:885][  0]LogNiagaraDebuggerClient: Niagara Debugger Client Initialized | Session: 7881BADF4A4DF16F2EA8CC9867C46FB8 | Instance: 0A5D524147FFD881421BE6832A0F5419 (DESKTOP-EK80505-14100).
[2022.03.11-05.42.17:999][  0]LogTcpMessaging: Initializing TcpMessaging bridge
[2022.03.11-05.42.18:003][  0]LogUdpMessaging: Initializing bridge on interface 0.0.0.0:0 to multicast group 230.0.0.1:6666.
[2022.03.11-05.42.18:016][  0]LogPython: Using Python 3.7.7
[2022.03.11-05.42.18:505][  0]SourceControl: Source control is disabled
[2022.03.11-05.42.18:505][  0]SourceControl: Source control is disabled
[2022.03.11-05.42.18:511][  0]SourceControl: Source control is disabled
[2022.03.11-05.42.18:517][  0]SourceControl: Source control is disabled
[2022.03.11-05.42.18:520][  0]LogUProjectInfo: Found projects:
[2022.03.11-05.42.18:543][  0]SourceControl: Source control is disabled
[2022.03.11-05.42.18:753][  0]LogOpenImageDenoise: OIDN starting up
[2022.03.11-05.42.18:765][  0]LogAndroidPermission: UAndroidPermissionCallbackProxy::GetInstance
[2022.03.11-05.42.18:784][  0]LogAudioCaptureCore: Display: No Audio Capture implementations found. Audio input will be silent.
[2022.03.11-05.42.18:784][  0]LogAudioCaptureCore: Display: No Audio Capture implementations found. Audio input will be silent.
[2022.03.11-05.42.18:883][  0]LogCollectionManager: Loaded 0 collections in 0.000987 seconds
[2022.03.11-05.42.18:905][  0]LogFileCache: Scanning file cache for directory 'C:/Users/camer/Documents/Github/GameProjects/CoopGame/Saved/Collections/' took 0.00s
[2022.03.11-05.42.18:905][  0]LogFileCache: Scanning file cache for directory 'C:/Users/camer/Documents/Github/GameProjects/CoopGame/Content/Developers/camer/Collections/' took 0.00s
[2022.03.11-05.42.18:905][  0]LogFileCache: Scanning file cache for directory 'C:/Users/camer/Documents/Github/GameProjects/CoopGame/Content/Collections/' took 0.00s
[2022.03.11-05.42.18:905][  0]LogOcInput: OculusInput pre-init called
[2022.03.11-05.42.19:062][  0]LogEngine: Initializing Engine...
[2022.03.11-05.42.19:064][  0]LogHMD: Failed to enumerate extensions. Please check that you have a valid OpenXR runtime installed.
[2022.03.11-05.42.19:064][  0]LogHMD: Failed to initialize OpenVR with code 110
[2022.03.11-05.42.19:065][  0]LogMagicLeap: Warning: VR disabled because ZI is not enabled.  To enable, in the editor, Edit -> Project Settings -> Plugins -> Magic Leap Plugin -> Enable Zero Iteration
[2022.03.11-05.42.19:065][  0]LogStats: UGameplayTagsManager::InitializeManager -  0.000 s
[2022.03.11-05.42.19:146][  0]LogInit: Initializing FReadOnlyCVARCache
[2022.03.11-05.42.19:153][  0]LogAIModule: Creating AISystem for world Untitled
[2022.03.11-05.42.19:159][  0]LogAudio: Display: Initializing Audio Device Manager...
[2022.03.11-05.42.19:163][  0]LogAudio: Display: Loading Default Audio Settings Objects...
[2022.03.11-05.42.19:164][  0]LogAudio: Display: No default SoundConcurrencyObject specified (or failed to load).
[2022.03.11-05.42.19:164][  0]LogAudio: Display: Audio Device Manager Initialized
[2022.03.11-05.42.19:164][  0]LogAudio: Display: Creating Audio Device:                 Id: 1, Scope: Shared, Realtime: True
[2022.03.11-05.42.19:164][  0]LogAudioMixer: Display: Audio Mixer Platform Settings:
[2022.03.11-05.42.19:165][  0]LogAudioMixer: Display: 	Sample Rate:						  48000
[2022.03.11-05.42.19:165][  0]LogAudioMixer: Display: 	Callback Buffer Frame Size Requested: 1024
[2022.03.11-05.42.19:165][  0]LogAudioMixer: Display: 	Callback Buffer Frame Size To Use:	  1024
[2022.03.11-05.42.19:165][  0]LogAudioMixer: Display: 	Number of buffers to queue:			  2
[2022.03.11-05.42.19:165][  0]LogAudioMixer: Display: 	Max Channels (voices):				  32
[2022.03.11-05.42.19:165][  0]LogAudioMixer: Display: 	Number of Async Source Workers:		  0
[2022.03.11-05.42.19:165][  0]LogAudio: Display: AudioDevice MaxSources: 32
[2022.03.11-05.42.19:165][  0]LogAudio: Display: Audio Spatialization Plugin: None (built-in).
[2022.03.11-05.42.19:165][  0]LogAudio: Display: Audio Reverb Plugin: None (built-in).
[2022.03.11-05.42.19:165][  0]LogAudio: Display: Audio Occlusion Plugin: None (built-in).
[2022.03.11-05.42.19:165][  0]LogAudioMixer: Display: Initializing audio mixer.
[2022.03.11-05.42.19:186][  0]LogAudioMixer: Display: 0: FrontLeft
[2022.03.11-05.42.19:186][  0]LogAudioMixer: Display: 1: FrontRight
[2022.03.11-05.42.19:186][  0]LogAudioMixer: Display: 2: FrontCenter
[2022.03.11-05.42.19:186][  0]LogAudioMixer: Display: 3: LowFrequency
[2022.03.11-05.42.19:186][  0]LogAudioMixer: Display: 4: BackLeft
[2022.03.11-05.42.19:186][  0]LogAudioMixer: Display: 5: BackRight
[2022.03.11-05.42.19:204][  0]LogAudioMixer: Display: Using Audio Device Haut-parleurs (Sound Blaster Z)
[2022.03.11-05.42.19:207][  0]LogAudioMixer: Display: Initializing Sound Submixes...
[2022.03.11-05.42.19:208][  0]LogAudioMixer: Display: Creating Master Submix 'MasterSubmixDefault'
[2022.03.11-05.42.19:208][  0]LogAudioMixer: Display: Creating Master Submix 'MasterReverbSubmixDefault'
[2022.03.11-05.42.19:209][  0]LogAudioMixer: Display: Creating Master Submix 'MasterEQSubmixDefault'
[2022.03.11-05.42.19:209][  0]LogAudioMixer: FMixerPlatformXAudio2::StartAudioStream() called
[2022.03.11-05.42.19:209][  0]LogAudioMixer: Display: Output buffers initialized: Frames=1024, Channels=6, Samples=6144
[2022.03.11-05.42.19:211][  0]LogAudioMixer: Display: Starting AudioMixerPlatformInterface::RunInternal()
[2022.03.11-05.42.19:211][  0]LogAudioMixer: Display: FMixerPlatformXAudio2::SubmitBuffer() called for the first time
[2022.03.11-05.42.19:211][  0]LogInit: FAudioDevice initialized.
[2022.03.11-05.42.19:211][  0]LogAudio: Display: Audio Device (ID: 1) registered with world 'Untitled'.
[2022.03.11-05.42.19:211][  0]LogNetVersion: Set ProjectVersion to 1.0.0.0. Version Checksum will be recalculated on next use.
[2022.03.11-05.42.19:319][  0]LogDerivedDataCache: Saved boot cache 0.11s 94MB C:/Users/camer/AppData/Local/UnrealEngine/4.27/DerivedDataCache/Boot.ddc.
[2022.03.11-05.42.19:319][  0]LogInit: Texture streaming: Enabled
[2022.03.11-05.42.19:332][  0]LogAnalytics: Display: [UEEditor.Rocket.Release] APIServer = https://datarouter.ol.epicgames.com/. AppVersion = 4.27.2-18319896+++UE4+Release-4.27
[2022.03.11-05.42.19:336][  0]LogEngineSessionManager: EngineSessionManager initialized
[2022.03.11-05.42.19:337][  0]LogEngineSessionManager: EngineSessionManager sent abnormal shutdown report. Type=Debugger, SessionId={B9DFA597-44BC-7C22-D3BB-6D9EE25C672D}
[2022.03.11-05.42.19:337][  0]LogEditorSessionSummary: Verbose: Initializing EditorSessionSummaryWriter for editor session tracking
[2022.03.11-05.42.19:338][  0]LogEditorSessionSummary: EditorSessionSummaryWriter initialized
[2022.03.11-05.42.19:353][  0]LogInit: Transaction tracking system initialized
[2022.03.11-05.42.19:375][  0]BlueprintLog: New page: Editor Load
[2022.03.11-05.42.19:433][  0]LocalizationService: Localization service is disabled
[2022.03.11-05.42.19:454][  0]TimingProfiler: Initialize
[2022.03.11-05.42.19:454][  0]TimingProfiler: OnSessionChanged
[2022.03.11-05.42.19:454][  0]LoadingProfiler: Initialize
[2022.03.11-05.42.19:454][  0]LoadingProfiler: OnSessionChanged
[2022.03.11-05.42.19:454][  0]NetworkingProfiler: Initialize
[2022.03.11-05.42.19:454][  0]NetworkingProfiler: OnSessionChanged
[2022.03.11-05.42.19:454][  0]MemoryProfiler: Initialize
[2022.03.11-05.42.19:454][  0]MemoryProfiler: OnSessionChanged
[2022.03.11-05.42.19:558][  0]LogCook: Display: CookSettings for Memory: MemoryMaxUsedVirtual 0MiB, MemoryMaxUsedPhysical 16384MiB, MemoryMinFreeVirtual 0MiB, MemoryMinFreePhysical 1024MiB
[2022.03.11-05.42.19:558][  0]LogCook: Display: Mobile HDR setting 1
[2022.03.11-05.42.19:721][  0]LogFileCache: Scanning file cache for directory 'C:/Users/camer/Documents/Github/GameProjects/CoopGame/Content/' took 0.00s
[2022.03.11-05.42.19:830][  0]LogInit: Display: Engine is initialized. Leaving FEngineLoop::Init()
[2022.03.11-05.42.19:832][  0]SourceControl: Source control is disabled
[2022.03.11-05.42.19:832][  0]LogUnrealEdMisc: Loading editor; pre map load, took 5.536
[2022.03.11-05.42.19:832][  0]Cmd: MAP LOAD FILE="../../../../../../Users/camer/Documents/Github/GameProjects/CoopGame/Content/Maps/Playground.umap" TEMPLATE=0 SHOWPROGRESS=1 FEATURELEVEL=3
[2022.03.11-05.42.19:832][  0]LightingResults: New page: Lighting Build
[2022.03.11-05.42.19:833][  0]LogWorld: UWorld::CleanupWorld for Untitled, bSessionEnded=true, bCleanupResources=true
[2022.03.11-05.42.19:833][  0]LogSlate: InvalidateAllWidgets triggered.  All widgets were invalidated
[2022.03.11-05.42.19:833][  0]MapCheck: New page: Map Check
[2022.03.11-05.42.19:833][  0]LightingResults: New page: Lighting Build
[2022.03.11-05.42.19:840][  0]LogAudio: Display: Audio Device unregistered from world 'None'.
[2022.03.11-05.42.19:842][  0]LogUObjectHash: Compacting FUObjectHashTables data took   0.50ms
[2022.03.11-05.42.20:041][  0]LogAudio: Display: Audio Device (ID: 1) registered with world 'Playground'.
[2022.03.11-05.42.20:042][  0]LogAIModule: Creating AISystem for world Playground
[2022.03.11-05.42.20:048][  0]LogEditorServer: Finished looking for orphan Actors (0.000 secs)
[2022.03.11-05.42.20:053][  0]LogUObjectHash: Compacting FUObjectHashTables data took   0.56ms
[2022.03.11-05.42.20:054][  0]Cmd: MAP CHECKDEP NOCLEARLOG
[2022.03.11-05.42.20:054][  0]MapCheck: Map check complete: 0 Error(s), 0 Warning(s), took 0,105ms to complete.
[2022.03.11-05.42.20:054][  0]LogFileHelpers: Loading map 'Playground' took 0.223
[2022.03.11-05.42.20:056][  0]LogUnrealEdMisc: Total Editor Startup Time, took 5.760
[2022.03.11-05.42.20:185][  0]LogSlate: Updating window title bar state: overlay mode, drag disabled, window buttons hidden, title bar hidden
[2022.03.11-05.42.20:189][  0]LogSlate: Updating window title bar state: overlay mode, drag disabled, window buttons hidden, title bar hidden
[2022.03.11-05.42.20:193][  0]LogSlate: Updating window title bar state: overlay mode, drag disabled, window buttons hidden, title bar hidden
[2022.03.11-05.42.20:197][  0]LogSlate: Updating window title bar state: overlay mode, drag disabled, window buttons hidden, title bar hidden
[2022.03.11-05.42.20:206][  0]LogNativeClassHierarchy: Verbose: Native class hierarchy populated in 0.0062 seconds. Added 3827 classes and 932 folders.
[2022.03.11-05.42.20:209][  0]LogNativeClassHierarchy: Verbose: Native class hierarchy updated for 'WidgetCarousel' in 0.0002 seconds. Added 0 classes and 0 folders.
[2022.03.11-05.42.20:210][  0]LogPakFile: PakFile PrimaryIndexSize=187
[2022.03.11-05.42.20:210][  0]LogPakFile: PakFile PathHashIndexSize=101
[2022.03.11-05.42.20:210][  0]LogPakFile: PakFile FullDirectoryIndexSize=148
[2022.03.11-05.42.20:210][  0]LogShaderLibrary: Display: ShaderCodeLibraryPakFileMountedCallback: PakFile 'C:/Program Files/Epic Games/UE_4.27/FeaturePacks/FP_FirstPerson.upack' (chunk index -1, root 'root:/') mounted
[2022.03.11-05.42.20:210][  0]LogShaderLibrary: Display: ShaderCodeLibraryPakFileMountedCallback: pending pak file info (ChunkID:-1 Root:root:/ File:C:/Program Files/Epic Games/UE_4.27/FeaturePacks/FP_FirstPerson.upack)
[2022.03.11-05.42.20:210][  0]LogPakFile: OnPakFileMounted2Time == 0.000093
[2022.03.11-05.42.20:210][  0]LogPakFile: PakFile PrimaryIndexSize=189
[2022.03.11-05.42.20:210][  0]LogPakFile: PakFile PathHashIndexSize=101
[2022.03.11-05.42.20:210][  0]LogPakFile: PakFile FullDirectoryIndexSize=152
[2022.03.11-05.42.20:210][  0]LogShaderLibrary: Display: ShaderCodeLibraryPakFileMountedCallback: PakFile 'C:/Program Files/Epic Games/UE_4.27/FeaturePacks/FP_FirstPersonBP.upack' (chunk index -1, root 'root:/') mounted
[2022.03.11-05.42.20:210][  0]LogShaderLibrary: Display: ShaderCodeLibraryPakFileMountedCallback: pending pak file info (ChunkID:-1 Root:root:/ File:C:/Program Files/Epic Games/UE_4.27/FeaturePacks/FP_FirstPersonBP.upack)
[2022.03.11-05.42.20:210][  0]LogPakFile: OnPakFileMounted2Time == 0.000085
[2022.03.11-05.42.20:211][  0]LogPakFile: PakFile PrimaryIndexSize=191
[2022.03.11-05.42.20:211][  0]LogPakFile: PakFile PathHashIndexSize=101
[2022.03.11-05.42.20:211][  0]LogPakFile: PakFile FullDirectoryIndexSize=160
[2022.03.11-05.42.20:211][  0]LogShaderLibrary: Display: ShaderCodeLibraryPakFileMountedCallback: PakFile 'C:/Program Files/Epic Games/UE_4.27/FeaturePacks/MobileStarterContent.upack' (chunk index -1, root 'root:/') mounted
[2022.03.11-05.42.20:211][  0]LogShaderLibrary: Display: ShaderCodeLibraryPakFileMountedCallback: pending pak file info (ChunkID:-1 Root:root:/ File:C:/Program Files/Epic Games/UE_4.27/FeaturePacks/MobileStarterContent.upack)
[2022.03.11-05.42.20:211][  0]LogPakFile: OnPakFileMounted2Time == 0.000079
[2022.03.11-05.42.20:211][  0]LogPakFile: PakFile PrimaryIndexSize=185
[2022.03.11-05.42.20:211][  0]LogPakFile: PakFile PathHashIndexSize=101
[2022.03.11-05.42.20:211][  0]LogPakFile: PakFile FullDirectoryIndexSize=148
[2022.03.11-05.42.20:211][  0]LogShaderLibrary: Display: ShaderCodeLibraryPakFileMountedCallback: PakFile 'C:/Program Files/Epic Games/UE_4.27/FeaturePacks/StarterContent.upack' (chunk index -1, root 'root:/') mounted
[2022.03.11-05.42.20:211][  0]LogShaderLibrary: Display: ShaderCodeLibraryPakFileMountedCallback: pending pak file info (ChunkID:-1 Root:root:/ File:C:/Program Files/Epic Games/UE_4.27/FeaturePacks/StarterContent.upack)
[2022.03.11-05.42.20:211][  0]LogPakFile: OnPakFileMounted2Time == 0.000077
[2022.03.11-05.42.20:212][  0]LogPakFile: PakFile PrimaryIndexSize=190
[2022.03.11-05.42.20:212][  0]LogPakFile: PakFile PathHashIndexSize=101
[2022.03.11-05.42.20:212][  0]LogPakFile: PakFile FullDirectoryIndexSize=154
[2022.03.11-05.42.20:212][  0]LogShaderLibrary: Display: ShaderCodeLibraryPakFileMountedCallback: PakFile 'C:/Program Files/Epic Games/UE_4.27/FeaturePacks/TP_2DSideScroller.upack' (chunk index -1, root 'root:/') mounted
[2022.03.11-05.42.20:212][  0]LogShaderLibrary: Display: ShaderCodeLibraryPakFileMountedCallback: pending pak file info (ChunkID:-1 Root:root:/ File:C:/Program Files/Epic Games/UE_4.27/FeaturePacks/TP_2DSideScroller.upack)
[2022.03.11-05.42.20:212][  0]LogPakFile: OnPakFileMounted2Time == 0.000079
[2022.03.11-05.42.20:212][  0]LogPakFile: PakFile PrimaryIndexSize=192
[2022.03.11-05.42.20:212][  0]LogPakFile: PakFile PathHashIndexSize=101
[2022.03.11-05.42.20:212][  0]LogPakFile: PakFile FullDirectoryIndexSize=158
[2022.03.11-05.42.20:212][  0]LogShaderLibrary: Display: ShaderCodeLibraryPakFileMountedCallback: PakFile 'C:/Program Files/Epic Games/UE_4.27/FeaturePacks/TP_2DSideScrollerBP.upack' (chunk index -1, root 'root:/') mounted
[2022.03.11-05.42.20:212][  0]LogShaderLibrary: Display: ShaderCodeLibraryPakFileMountedCallback: pending pak file info (ChunkID:-1 Root:root:/ File:C:/Program Files/Epic Games/UE_4.27/FeaturePacks/TP_2DSideScrollerBP.upack)
[2022.03.11-05.42.20:212][  0]LogPakFile: OnPakFileMounted2Time == 0.000075
[2022.03.11-05.42.20:213][  0]LogPakFile: PakFile PrimaryIndexSize=182
[2022.03.11-05.42.20:213][  0]LogPakFile: PakFile PathHashIndexSize=101
[2022.03.11-05.42.20:213][  0]LogPakFile: PakFile FullDirectoryIndexSize=138
[2022.03.11-05.42.20:213][  0]LogShaderLibrary: Display: ShaderCodeLibraryPakFileMountedCallback: PakFile 'C:/Program Files/Epic Games/UE_4.27/FeaturePacks/TP_Flying.upack' (chunk index -1, root 'root:/') mounted
[2022.03.11-05.42.20:213][  0]LogShaderLibrary: Display: ShaderCodeLibraryPakFileMountedCallback: pending pak file info (ChunkID:-1 Root:root:/ File:C:/Program Files/Epic Games/UE_4.27/FeaturePacks/TP_Flying.upack)
[2022.03.11-05.42.20:213][  0]LogPakFile: OnPakFileMounted2Time == 0.000079
[2022.03.11-05.42.20:213][  0]LogPakFile: PakFile PrimaryIndexSize=184
[2022.03.11-05.42.20:213][  0]LogPakFile: PakFile PathHashIndexSize=101
[2022.03.11-05.42.20:213][  0]LogPakFile: PakFile FullDirectoryIndexSize=142
[2022.03.11-05.42.20:213][  0]LogShaderLibrary: Display: ShaderCodeLibraryPakFileMountedCallback: PakFile 'C:/Program Files/Epic Games/UE_4.27/FeaturePacks/TP_FlyingBP.upack' (chunk index -1, root 'root:/') mounted
[2022.03.11-05.42.20:213][  0]LogShaderLibrary: Display: ShaderCodeLibraryPakFileMountedCallback: pending pak file info (ChunkID:-1 Root:root:/ File:C:/Program Files/Epic Games/UE_4.27/FeaturePacks/TP_FlyingBP.upack)
[2022.03.11-05.42.20:213][  0]LogPakFile: OnPakFileMounted2Time == 0.000074
[2022.03.11-05.42.20:214][  0]LogPakFile: PakFile PrimaryIndexSize=188
[2022.03.11-05.42.20:214][  0]LogPakFile: PakFile PathHashIndexSize=101
[2022.03.11-05.42.20:214][  0]LogPakFile: PakFile FullDirectoryIndexSize=150
[2022.03.11-05.42.20:214][  0]LogShaderLibrary: Display: ShaderCodeLibraryPakFileMountedCallback: PakFile 'C:/Program Files/Epic Games/UE_4.27/FeaturePacks/TP_HandheldARBP.upack' (chunk index -1, root 'root:/') mounted
[2022.03.11-05.42.20:214][  0]LogShaderLibrary: Display: ShaderCodeLibraryPakFileMountedCallback: pending pak file info (ChunkID:-1 Root:root:/ File:C:/Program Files/Epic Games/UE_4.27/FeaturePacks/TP_HandheldARBP.upack)
[2022.03.11-05.42.20:214][  0]LogPakFile: OnPakFileMounted2Time == 0.000074
[2022.03.11-05.42.20:214][  0]LogPakFile: PakFile PrimaryIndexSize=182
[2022.03.11-05.42.20:214][  0]LogPakFile: PakFile PathHashIndexSize=101
[2022.03.11-05.42.20:214][  0]LogPakFile: PakFile FullDirectoryIndexSize=138
[2022.03.11-05.42.20:214][  0]LogShaderLibrary: Display: ShaderCodeLibraryPakFileMountedCallback: PakFile 'C:/Program Files/Epic Games/UE_4.27/FeaturePacks/TP_Puzzle.upack' (chunk index -1, root 'root:/') mounted
[2022.03.11-05.42.20:214][  0]LogShaderLibrary: Display: ShaderCodeLibraryPakFileMountedCallback: pending pak file info (ChunkID:-1 Root:root:/ File:C:/Program Files/Epic Games/UE_4.27/FeaturePacks/TP_Puzzle.upack)
[2022.03.11-05.42.20:214][  0]LogPakFile: OnPakFileMounted2Time == 0.000076
[2022.03.11-05.42.20:215][  0]LogPakFile: PakFile PrimaryIndexSize=184
[2022.03.11-05.42.20:215][  0]LogPakFile: PakFile PathHashIndexSize=101
[2022.03.11-05.42.20:215][  0]LogPakFile: PakFile FullDirectoryIndexSize=142
[2022.03.11-05.42.20:215][  0]LogShaderLibrary: Display: ShaderCodeLibraryPakFileMountedCallback: PakFile 'C:/Program Files/Epic Games/UE_4.27/FeaturePacks/TP_PuzzleBP.upack' (chunk index -1, root 'root:/') mounted
[2022.03.11-05.42.20:215][  0]LogShaderLibrary: Display: ShaderCodeLibraryPakFileMountedCallback: pending pak file info (ChunkID:-1 Root:root:/ File:C:/Program Files/Epic Games/UE_4.27/FeaturePacks/TP_PuzzleBP.upack)
[2022.03.11-05.42.20:215][  0]LogPakFile: OnPakFileMounted2Time == 0.000071
[2022.03.11-05.42.20:215][  0]LogPakFile: PakFile PrimaryIndexSize=183
[2022.03.11-05.42.20:215][  0]LogPakFile: PakFile PathHashIndexSize=101
[2022.03.11-05.42.20:215][  0]LogPakFile: PakFile FullDirectoryIndexSize=140
[2022.03.11-05.42.20:215][  0]LogShaderLibrary: Display: ShaderCodeLibraryPakFileMountedCallback: PakFile 'C:/Program Files/Epic Games/UE_4.27/FeaturePacks/TP_Rolling.upack' (chunk index -1, root 'root:/') mounted
[2022.03.11-05.42.20:215][  0]LogShaderLibrary: Display: ShaderCodeLibraryPakFileMountedCallback: pending pak file info (ChunkID:-1 Root:root:/ File:C:/Program Files/Epic Games/UE_4.27/FeaturePacks/TP_Rolling.upack)
[2022.03.11-05.42.20:215][  0]LogPakFile: OnPakFileMounted2Time == 0.000076
[2022.03.11-05.42.20:216][  0]LogPakFile: PakFile PrimaryIndexSize=185
[2022.03.11-05.42.20:216][  0]LogPakFile: PakFile PathHashIndexSize=101
[2022.03.11-05.42.20:216][  0]LogPakFile: PakFile FullDirectoryIndexSize=144
[2022.03.11-05.42.20:216][  0]LogShaderLibrary: Display: ShaderCodeLibraryPakFileMountedCallback: PakFile 'C:/Program Files/Epic Games/UE_4.27/FeaturePacks/TP_RollingBP.upack' (chunk index -1, root 'root:/') mounted
[2022.03.11-05.42.20:216][  0]LogShaderLibrary: Display: ShaderCodeLibraryPakFileMountedCallback: pending pak file info (ChunkID:-1 Root:root:/ File:C:/Program Files/Epic Games/UE_4.27/FeaturePacks/TP_RollingBP.upack)
[2022.03.11-05.42.20:216][  0]LogPakFile: OnPakFileMounted2Time == 0.000079
[2022.03.11-05.42.20:216][  0]LogPakFile: PakFile PrimaryIndexSize=188
[2022.03.11-05.42.20:216][  0]LogPakFile: PakFile PathHashIndexSize=101
[2022.03.11-05.42.20:216][  0]LogPakFile: PakFile FullDirectoryIndexSize=150
[2022.03.11-05.42.20:216][  0]LogShaderLibrary: Display: ShaderCodeLibraryPakFileMountedCallback: PakFile 'C:/Program Files/Epic Games/UE_4.27/FeaturePacks/TP_SideScroller.upack' (chunk index -1, root 'root:/') mounted
[2022.03.11-05.42.20:216][  0]LogShaderLibrary: Display: ShaderCodeLibraryPakFileMountedCallback: pending pak file info (ChunkID:-1 Root:root:/ File:C:/Program Files/Epic Games/UE_4.27/FeaturePacks/TP_SideScroller.upack)
[2022.03.11-05.42.20:216][  0]LogPakFile: OnPakFileMounted2Time == 0.000075
[2022.03.11-05.42.20:216][  0]LogPakFile: PakFile PrimaryIndexSize=190
[2022.03.11-05.42.20:216][  0]LogPakFile: PakFile PathHashIndexSize=101
[2022.03.11-05.42.20:216][  0]LogPakFile: PakFile FullDirectoryIndexSize=154
[2022.03.11-05.42.20:216][  0]LogShaderLibrary: Display: ShaderCodeLibraryPakFileMountedCallback: PakFile 'C:/Program Files/Epic Games/UE_4.27/FeaturePacks/TP_SideScrollerBP.upack' (chunk index -1, root 'root:/') mounted
[2022.03.11-05.42.20:216][  0]LogShaderLibrary: Display: ShaderCodeLibraryPakFileMountedCallback: pending pak file info (ChunkID:-1 Root:root:/ File:C:/Program Files/Epic Games/UE_4.27/FeaturePacks/TP_SideScrollerBP.upack)
[2022.03.11-05.42.20:216][  0]LogPakFile: OnPakFileMounted2Time == 0.000082
[2022.03.11-05.42.20:216][  0]LogPakFile: PakFile PrimaryIndexSize=187
[2022.03.11-05.42.20:216][  0]LogPakFile: PakFile PathHashIndexSize=101
[2022.03.11-05.42.20:216][  0]LogPakFile: PakFile FullDirectoryIndexSize=148
[2022.03.11-05.42.20:216][  0]LogShaderLibrary: Display: ShaderCodeLibraryPakFileMountedCallback: PakFile 'C:/Program Files/Epic Games/UE_4.27/FeaturePacks/TP_ThirdPerson.upack' (chunk index -1, root 'root:/') mounted
[2022.03.11-05.42.20:216][  0]LogShaderLibrary: Display: ShaderCodeLibraryPakFileMountedCallback: pending pak file info (ChunkID:-1 Root:root:/ File:C:/Program Files/Epic Games/UE_4.27/FeaturePacks/TP_ThirdPerson.upack)
[2022.03.11-05.42.20:216][  0]LogPakFile: OnPakFileMounted2Time == 0.000077
[2022.03.11-05.42.20:217][  0]LogPakFile: PakFile PrimaryIndexSize=189
[2022.03.11-05.42.20:217][  0]LogPakFile: PakFile PathHashIndexSize=101
[2022.03.11-05.42.20:217][  0]LogPakFile: PakFile FullDirectoryIndexSize=152
[2022.03.11-05.42.20:217][  0]LogShaderLibrary: Display: ShaderCodeLibraryPakFileMountedCallback: PakFile 'C:/Program Files/Epic Games/UE_4.27/FeaturePacks/TP_ThirdPersonBP.upack' (chunk index -1, root 'root:/') mounted
[2022.03.11-05.42.20:217][  0]LogShaderLibrary: Display: ShaderCodeLibraryPakFileMountedCallback: pending pak file info (ChunkID:-1 Root:root:/ File:C:/Program Files/Epic Games/UE_4.27/FeaturePacks/TP_ThirdPersonBP.upack)
[2022.03.11-05.42.20:217][  0]LogPakFile: OnPakFileMounted2Time == 0.000073
[2022.03.11-05.42.20:217][  0]LogPakFile: PakFile PrimaryIndexSize=183
[2022.03.11-05.42.20:217][  0]LogPakFile: PakFile PathHashIndexSize=101
[2022.03.11-05.42.20:217][  0]LogPakFile: PakFile FullDirectoryIndexSize=140
[2022.03.11-05.42.20:217][  0]LogShaderLibrary: Display: ShaderCodeLibraryPakFileMountedCallback: PakFile 'C:/Program Files/Epic Games/UE_4.27/FeaturePacks/TP_TopDown.upack' (chunk index -1, root 'root:/') mounted
[2022.03.11-05.42.20:217][  0]LogShaderLibrary: Display: ShaderCodeLibraryPakFileMountedCallback: pending pak file info (ChunkID:-1 Root:root:/ File:C:/Program Files/Epic Games/UE_4.27/FeaturePacks/TP_TopDown.upack)
[2022.03.11-05.42.20:217][  0]LogPakFile: OnPakFileMounted2Time == 0.000075
[2022.03.11-05.42.20:217][  0]LogPakFile: PakFile PrimaryIndexSize=185
[2022.03.11-05.42.20:218][  0]LogPakFile: PakFile PathHashIndexSize=101
[2022.03.11-05.42.20:218][  0]LogPakFile: PakFile FullDirectoryIndexSize=144
[2022.03.11-05.42.20:218][  0]LogShaderLibrary: Display: ShaderCodeLibraryPakFileMountedCallback: PakFile 'C:/Program Files/Epic Games/UE_4.27/FeaturePacks/TP_TopDownBP.upack' (chunk index -1, root 'root:/') mounted
[2022.03.11-05.42.20:218][  0]LogShaderLibrary: Display: ShaderCodeLibraryPakFileMountedCallback: pending pak file info (ChunkID:-1 Root:root:/ File:C:/Program Files/Epic Games/UE_4.27/FeaturePacks/TP_TopDownBP.upack)
[2022.03.11-05.42.20:218][  0]LogPakFile: OnPakFileMounted2Time == 0.000093
[2022.03.11-05.42.20:218][  0]LogPakFile: PakFile PrimaryIndexSize=185
[2022.03.11-05.42.20:218][  0]LogPakFile: PakFile PathHashIndexSize=101
[2022.03.11-05.42.20:218][  0]LogPakFile: PakFile FullDirectoryIndexSize=144
[2022.03.11-05.42.20:218][  0]LogShaderLibrary: Display: ShaderCodeLibraryPakFileMountedCallback: PakFile 'C:/Program Files/Epic Games/UE_4.27/FeaturePacks/TP_TwinStick.upack' (chunk index -1, root 'root:/') mounted
[2022.03.11-05.42.20:218][  0]LogShaderLibrary: Display: ShaderCodeLibraryPakFileMountedCallback: pending pak file info (ChunkID:-1 Root:root:/ File:C:/Program Files/Epic Games/UE_4.27/FeaturePacks/TP_TwinStick.upack)
[2022.03.11-05.42.20:218][  0]LogPakFile: OnPakFileMounted2Time == 0.000078
[2022.03.11-05.42.20:219][  0]LogPakFile: PakFile PrimaryIndexSize=187
[2022.03.11-05.42.20:219][  0]LogPakFile: PakFile PathHashIndexSize=101
[2022.03.11-05.42.20:219][  0]LogPakFile: PakFile FullDirectoryIndexSize=148
[2022.03.11-05.42.20:219][  0]LogShaderLibrary: Display: ShaderCodeLibraryPakFileMountedCallback: PakFile 'C:/Program Files/Epic Games/UE_4.27/FeaturePacks/TP_TwinStickBP.upack' (chunk index -1, root 'root:/') mounted
[2022.03.11-05.42.20:219][  0]LogShaderLibrary: Display: ShaderCodeLibraryPakFileMountedCallback: pending pak file info (ChunkID:-1 Root:root:/ File:C:/Program Files/Epic Games/UE_4.27/FeaturePacks/TP_TwinStickBP.upack)
[2022.03.11-05.42.20:219][  0]LogPakFile: OnPakFileMounted2Time == 0.000077
[2022.03.11-05.42.20:219][  0]LogPakFile: PakFile PrimaryIndexSize=183
[2022.03.11-05.42.20:219][  0]LogPakFile: PakFile PathHashIndexSize=101
[2022.03.11-05.42.20:219][  0]LogPakFile: PakFile FullDirectoryIndexSize=140
[2022.03.11-05.42.20:219][  0]LogShaderLibrary: Display: ShaderCodeLibraryPakFileMountedCallback: PakFile 'C:/Program Files/Epic Games/UE_4.27/FeaturePacks/TP_Vehicle.upack' (chunk index -1, root 'root:/') mounted
[2022.03.11-05.42.20:219][  0]LogShaderLibrary: Display: ShaderCodeLibraryPakFileMountedCallback: pending pak file info (ChunkID:-1 Root:root:/ File:C:/Program Files/Epic Games/UE_4.27/FeaturePacks/TP_Vehicle.upack)
[2022.03.11-05.42.20:219][  0]LogPakFile: OnPakFileMounted2Time == 0.000071
[2022.03.11-05.42.20:220][  0]LogPakFile: PakFile PrimaryIndexSize=186
[2022.03.11-05.42.20:220][  0]LogPakFile: PakFile PathHashIndexSize=101
[2022.03.11-05.42.20:220][  0]LogPakFile: PakFile FullDirectoryIndexSize=146
[2022.03.11-05.42.20:220][  0]LogShaderLibrary: Display: ShaderCodeLibraryPakFileMountedCallback: PakFile 'C:/Program Files/Epic Games/UE_4.27/FeaturePacks/TP_VehicleAdv.upack' (chunk index -1, root 'root:/') mounted
[2022.03.11-05.42.20:220][  0]LogShaderLibrary: Display: ShaderCodeLibraryPakFileMountedCallback: pending pak file info (ChunkID:-1 Root:root:/ File:C:/Program Files/Epic Games/UE_4.27/FeaturePacks/TP_VehicleAdv.upack)
[2022.03.11-05.42.20:220][  0]LogPakFile: OnPakFileMounted2Time == 0.000078
[2022.03.11-05.42.20:220][  0]LogPakFile: PakFile PrimaryIndexSize=188
[2022.03.11-05.42.20:220][  0]LogPakFile: PakFile PathHashIndexSize=101
[2022.03.11-05.42.20:220][  0]LogPakFile: PakFile FullDirectoryIndexSize=150
[2022.03.11-05.42.20:220][  0]LogShaderLibrary: Display: ShaderCodeLibraryPakFileMountedCallback: PakFile 'C:/Program Files/Epic Games/UE_4.27/FeaturePacks/TP_VehicleAdvBP.upack' (chunk index -1, root 'root:/') mounted
[2022.03.11-05.42.20:220][  0]LogShaderLibrary: Display: ShaderCodeLibraryPakFileMountedCallback: pending pak file info (ChunkID:-1 Root:root:/ File:C:/Program Files/Epic Games/UE_4.27/FeaturePacks/TP_VehicleAdvBP.upack)
[2022.03.11-05.42.20:220][  0]LogPakFile: OnPakFileMounted2Time == 0.000074
[2022.03.11-05.42.20:221][  0]LogPakFile: PakFile PrimaryIndexSize=185
[2022.03.11-05.42.20:221][  0]LogPakFile: PakFile PathHashIndexSize=101
[2022.03.11-05.42.20:221][  0]LogPakFile: PakFile FullDirectoryIndexSize=144
[2022.03.11-05.42.20:221][  0]LogShaderLibrary: Display: ShaderCodeLibraryPakFileMountedCallback: PakFile 'C:/Program Files/Epic Games/UE_4.27/FeaturePacks/TP_VehicleBP.upack' (chunk index -1, root 'root:/') mounted
[2022.03.11-05.42.20:221][  0]LogShaderLibrary: Display: ShaderCodeLibraryPakFileMountedCallback: pending pak file info (ChunkID:-1 Root:root:/ File:C:/Program Files/Epic Games/UE_4.27/FeaturePacks/TP_VehicleBP.upack)
[2022.03.11-05.42.20:221][  0]LogPakFile: OnPakFileMounted2Time == 0.000071
[2022.03.11-05.42.20:221][  0]LogPakFile: PakFile PrimaryIndexSize=192
[2022.03.11-05.42.20:221][  0]LogPakFile: PakFile PathHashIndexSize=101
[2022.03.11-05.42.20:221][  0]LogPakFile: PakFile FullDirectoryIndexSize=158
[2022.03.11-05.42.20:221][  0]LogShaderLibrary: Display: ShaderCodeLibraryPakFileMountedCallback: PakFile 'C:/Program Files/Epic Games/UE_4.27/FeaturePacks/TP_VirtualRealityBP.upack' (chunk index -1, root 'root:/') mounted
[2022.03.11-05.42.20:221][  0]LogShaderLibrary: Display: ShaderCodeLibraryPakFileMountedCallback: pending pak file info (ChunkID:-1 Root:root:/ File:C:/Program Files/Epic Games/UE_4.27/FeaturePacks/TP_VirtualRealityBP.upack)
[2022.03.11-05.42.20:221][  0]LogPakFile: OnPakFileMounted2Time == 0.000098
[2022.03.11-05.42.20:245][  0]LogNativeClassHierarchy: Verbose: Native class hierarchy updated for 'AddContentDialog' in 0.0002 seconds. Added 0 classes and 0 folders.
[2022.03.11-05.42.20:249][  0]LogNativeClassHierarchy: Verbose: Native class hierarchy updated for 'SceneOutliner' in 0.0002 seconds. Added 2 classes and 0 folders.
[2022.03.11-05.42.20:324][  0]LogSlate: Took 0.000153 seconds to synchronously load lazily loaded font '../../../Engine/Content/Slate/Fonts/Roboto-Regular.ttf' (155K)
[2022.03.11-05.42.20:326][  0]LogSlate: Took 0.000308 seconds to synchronously load lazily loaded font '../../../Engine/Content/Editor/Slate/Fonts/FontAwesome.ttf' (139K)
[2022.03.11-05.42.20:327][  0]LogSlate: Took 0.000190 seconds to synchronously load lazily loaded font '../../../Engine/Content/Slate/Fonts/Roboto-Bold.ttf' (160K)
[2022.03.11-05.42.20:400][  0]LogRenderer: Reallocating scene render targets to support 1208x572 Format 10 NumSamples 1 (Frame:1).
[2022.03.11-05.42.20:748][  0]LogNativeClassHierarchy: Verbose: Native class hierarchy updated for 'HierarchicalLODOutliner' in 0.0002 seconds. Added 0 classes and 0 folders.
[2022.03.11-05.42.20:748][  0]LogLoad: (Engine Initialization) Total time: 6.45 seconds
[2022.03.11-05.42.20:748][  0]LogLoad: (Engine Initialization) Total Blueprint compile time: 0.00 seconds
[2022.03.11-05.42.20:780][  0]LogAssetRegistry: Asset discovery search completed in 3.7212 seconds
[2022.03.11-05.42.20:783][  0]LogCollectionManager: Fixed up redirectors for 0 collections in 0.000002 seconds (updated 0 objects)
[2022.03.11-05.42.20:784][  0]LogContentStreaming: Texture pool size now 1000 MB
[2022.03.11-05.42.20:790][  0]LogSlate: Took 0.000661 seconds to synchronously load lazily loaded font '../../../Engine/Content/Slate/Fonts/DroidSansFallback.ttf' (3848K)
[2022.03.11-05.42.22:028][120]LogTemp: Repeating last play command: Selected Viewport
[2022.03.11-05.42.22:032][120]LogPlayLevel: PlayLevel: No blueprints needed recompiling
[2022.03.11-05.42.22:032][120]PIE: New page: PIE session: Playground (10 mars 2022 à 19:42:22)
[2022.03.11-05.42.22:034][120]LogOnline: OSS: Creating online subsystem instance for: NULL
[2022.03.11-05.42.22:036][120]LogOnline: OSS: TryLoadSubsystemAndSetDefault: Loaded subsystem for module [NULL]
[2022.03.11-05.42.22:036][120]LogPlayLevel: Creating play world package: /Game/Maps/UEDPIE_0_Playground
[2022.03.11-05.42.22:038][120]LogPlayLevel: PIE: StaticDuplicateObject took: (0.001931s)
[2022.03.11-05.42.22:041][120]LogAIModule: Creating AISystem for world Playground
[2022.03.11-05.42.22:041][120]LogPlayLevel: PIE: World Init took: (0.002935s)
[2022.03.11-05.42.22:042][120]LogPlayLevel: PIE: Created PIE world by copying editor world from /Game/Maps/Playground.Playground to /Game/Maps/UEDPIE_0_Playground.Playground (0.005123s)
[2022.03.11-05.42.22:054][120]LogUObjectHash: Compacting FUObjectHashTables data took   0.38ms
[2022.03.11-05.42.22:055][120]LogAudio: Display: Creating Audio Device:                 Id: 2, Scope: Unique, Realtime: True
[2022.03.11-05.42.22:055][120]LogAudioMixer: Display: Audio Mixer Platform Settings:
[2022.03.11-05.42.22:055][120]LogAudioMixer: Display: 	Sample Rate:						  48000
[2022.03.11-05.42.22:055][120]LogAudioMixer: Display: 	Callback Buffer Frame Size Requested: 1024
[2022.03.11-05.42.22:055][120]LogAudioMixer: Display: 	Callback Buffer Frame Size To Use:	  1024
[2022.03.11-05.42.22:055][120]LogAudioMixer: Display: 	Number of buffers to queue:			  2
[2022.03.11-05.42.22:055][120]LogAudioMixer: Display: 	Max Channels (voices):				  32
[2022.03.11-05.42.22:055][120]LogAudioMixer: Display: 	Number of Async Source Workers:		  0
[2022.03.11-05.42.22:055][120]LogAudio: Display: AudioDevice MaxSources: 32
[2022.03.11-05.42.22:055][120]LogAudio: Display: Audio Spatialization Plugin: None (built-in).
[2022.03.11-05.42.22:055][120]LogAudio: Display: Audio Reverb Plugin: None (built-in).
[2022.03.11-05.42.22:056][120]LogAudio: Display: Audio Occlusion Plugin: None (built-in).
[2022.03.11-05.42.22:056][120]LogAudioMixer: Display: Initializing audio mixer.
[2022.03.11-05.42.22:059][120]LogAudioMixer: Display: 0: FrontLeft
[2022.03.11-05.42.22:059][120]LogAudioMixer: Display: 1: FrontRight
[2022.03.11-05.42.22:059][120]LogAudioMixer: Display: 2: FrontCenter
[2022.03.11-05.42.22:059][120]LogAudioMixer: Display: 3: LowFrequency
[2022.03.11-05.42.22:059][120]LogAudioMixer: Display: 4: BackLeft
[2022.03.11-05.42.22:059][120]LogAudioMixer: Display: 5: BackRight
[2022.03.11-05.42.22:066][120]LogAudioMixer: Display: Using Audio Device Haut-parleurs (Sound Blaster Z)
[2022.03.11-05.42.22:066][120]LogAudioMixer: Display: Initializing Sound Submixes...
[2022.03.11-05.42.22:066][120]LogAudioMixer: Display: Creating Master Submix 'MasterSubmixDefault'
[2022.03.11-05.42.22:066][120]LogAudioMixer: Display: Creating Master Submix 'MasterReverbSubmixDefault'
[2022.03.11-05.42.22:067][120]LogAudioMixer: Display: Creating Master Submix 'MasterEQSubmixDefault'
[2022.03.11-05.42.22:067][120]LogAudioMixer: FMixerPlatformXAudio2::StartAudioStream() called
[2022.03.11-05.42.22:067][120]LogAudioMixer: Display: Output buffers initialized: Frames=1024, Channels=6, Samples=6144
[2022.03.11-05.42.22:068][120]LogAudioMixer: Display: Starting AudioMixerPlatformInterface::RunInternal()
[2022.03.11-05.42.22:068][120]LogAudioMixer: Display: FMixerPlatformXAudio2::SubmitBuffer() called for the first time
[2022.03.11-05.42.22:068][120]LogInit: FAudioDevice initialized.
[2022.03.11-05.42.22:068][120]LogAudio: Display: Audio Device (ID: 2) registered with world 'Playground'.
[2022.03.11-05.42.22:075][120]LogLoad: Game class is 'GameModeBase'
[2022.03.11-05.42.22:076][120]LogWorld: Bringing World /Game/Maps/UEDPIE_0_Playground.Playground up for play (max tick rate 0) at 2022.03.11-00.42.22
[2022.03.11-05.42.22:077][120]LogWorld: Bringing up level for play took: 0.001058
[2022.03.11-05.42.22:077][120]LogOnline: OSS: Creating online subsystem instance for: :Context_4
[2022.03.11-05.42.22:080][120]LogNativeClassHierarchy: Verbose: Native class hierarchy updated for 'MovieSceneCapture' in 0.0002 seconds. Added 20 classes and 0 folders.
[2022.03.11-05.42.22:080][120]PIE: Server logged in
[2022.03.11-05.42.22:081][120]PIE: Play in editor total start time 0,05 seconds.
[2022.03.11-05.42.28:062][833]LogSlate: Updating window title bar state: overlay mode, drag disabled, window buttons hidden, title bar hidden
[2022.03.11-05.42.28:063][833]LogWorld: BeginTearingDown for /Game/Maps/UEDPIE_0_Playground
[2022.03.11-05.42.28:063][833]LogWorld: UWorld::CleanupWorld for Playground, bSessionEnded=true, bCleanupResources=true
[2022.03.11-05.42.28:063][833]LogSlate: InvalidateAllWidgets triggered.  All widgets were invalidated
[2022.03.11-05.42.28:077][833]LogPlayLevel: Display: Shutting down PIE online subsystems
[2022.03.11-05.42.28:078][833]LogSlate: InvalidateAllWidgets triggered.  All widgets were invalidated
[2022.03.11-05.42.28:081][833]LogAudio: Display: Audio Device unregistered from world 'None'.
[2022.03.11-05.42.28:081][833]LogAudioMixer: FMixerPlatformXAudio2::StopAudioStream() called
[2022.03.11-05.42.28:082][833]LogAudioMixer: FMixerPlatformXAudio2::StopAudioStream() called
[2022.03.11-05.42.28:085][833]LogSlate: Updating window title bar state: overlay mode, drag disabled, window buttons hidden, title bar hidden
[2022.03.11-05.42.28:086][833]LogUObjectHash: Compacting FUObjectHashTables data took   0.47ms
[2022.03.11-05.42.28:140][838]LogPlayLevel: Display: Destroying online subsystem :Context_4
