Log file open, 03/11/22 15:24:38
LogWindows: Failed to load 'aqProf.dll' (GetLastError=126)
LogWindows: File 'aqProf.dll' does not exist
LogWindows: Failed to load 'VtuneApi.dll' (GetLastError=126)
LogWindows: File 'VtuneApi.dll' does not exist
LogWindows: Failed to load 'VtuneApi32e.dll' (GetLastError=126)
LogWindows: File 'VtuneApi32e.dll' does not exist
LogConsoleResponse: Display: Failed to find resolution value strings in scalability ini. Falling back to default.
LogConsoleResponse: Display: Failed to find resolution value strings in scalability ini. Falling back to default.
LogInit: Display: Running engine for game: CoopGame
LogPlatformFile: Not using cached read wrapper
LogTaskGraph: Started task graph with 5 named threads and 47 total threads with 3 sets of task threads.
LogStats: Stats thread started at 0.274200
LogICUInternationalization: ICU TimeZone Detection - Raw Offset: -5:00, Platform Override: ''
LogInit: Display: Loading text-based GConfig....
LogPluginManager: Mounting plugin MeshPainting
LogPluginManager: Mounting plugin XGEController
LogPluginManager: Mounting plugin Paper2D
LogPluginManager: Mounting plugin LiveLink
LogPluginManager: Mounting plugin EnvironmentQueryEditor
LogPluginManager: Mounting plugin AISupport
LogPluginManager: Mounting plugin OodleNetwork
LogPluginManager: Mounting plugin OodleData
LogPluginManager: Mounting plugin AnimationSharing
LogPluginManager: Mounting plugin CodeLiteSourceCodeAccess
LogPluginManager: Mounting plugin KDevelopSourceCodeAccess
LogPluginManager: Mounting plugin CLionSourceCodeAccess
LogPluginManager: Mounting plugin GitSourceControl
LogPluginManager: Mounting plugin CameraShakePreviewer
LogPluginManager: Mounting plugin NullSourceCodeAccess
LogPluginManager: Mounting plugin PerforceSourceControl
LogPluginManager: Mounting plugin PlasticSourceControl
LogPluginManager: Mounting plugin PluginUtils
LogPluginManager: Mounting plugin PropertyAccessNode
LogPluginManager: Mounting plugin RiderSourceCodeAccess
LogPluginManager: Mounting plugin SubversionSourceControl
LogPluginManager: Mounting plugin TextureFormatOodle
LogPluginManager: Mounting plugin UObjectPlugin
LogPluginManager: Mounting plugin AssetManagerEditor
LogPluginManager: Mounting plugin CryptoKeys
LogPluginManager: Mounting plugin CurveEditorTools
LogPluginManager: Mounting plugin DataValidation
LogPluginManager: Mounting plugin FacialAnimation
LogPluginManager: Mounting plugin GameplayTagsEditor
LogPluginManager: Mounting plugin GeometryMode
LogPluginManager: Mounting plugin VisualStudioCodeSourceCodeAccess
LogPluginManager: Mounting plugin VisualStudioSourceCodeAccess
LogPluginManager: Mounting plugin MacGraphicsSwitching
LogPluginManager: Mounting plugin LightPropagationVolume
LogPluginManager: Mounting plugin MaterialAnalyzer
LogPluginManager: Mounting plugin MobileLauncherProfileWizard
LogPluginManager: Mounting plugin PluginBrowser
LogPluginManager: Mounting plugin XCodeSourceCodeAccess
LogPluginManager: Mounting plugin BackChannel
LogPluginManager: Mounting plugin SpeedTreeImporter
LogPluginManager: Mounting plugin AutomationUtils
LogPluginManager: Mounting plugin ChaosCloth
LogPluginManager: Mounting plugin ChaosClothEditor
LogPluginManager: Mounting plugin ChaosEditor
LogPluginManager: Mounting plugin ChaosNiagara
LogPluginManager: Mounting plugin ChaosSolverPlugin
LogPluginManager: Mounting plugin CharacterAI
LogPluginManager: Mounting plugin PixWinPlugin
LogPluginManager: Mounting plugin GeometryCache
LogPluginManager: Mounting plugin GeometryCollectionPlugin
LogPluginManager: Mounting plugin GeometryProcessing
LogPluginManager: Mounting plugin OpenImageDenoise
LogPluginManager: Mounting plugin MotoSynth
LogPluginManager: Mounting plugin PlanarCut
LogPluginManager: Mounting plugin PlatformCrypto
LogPluginManager: Mounting plugin ProxyLODPlugin
LogPluginManager: Mounting plugin PythonScriptPlugin
LogPluginManager: Mounting plugin Niagara
LogPluginManager: Mounting plugin SkeletalReduction
LogPluginManager: Mounting plugin DatasmithContent
LogPluginManager: Mounting plugin VariantManagerContent
LogPluginManager: Mounting plugin LuminPlatformFeatures
LogPluginManager: Mounting plugin MagicLeapMedia
LogPluginManager: Mounting plugin MagicLeapPassableWorld
LogPluginManager: Mounting plugin MagicLeap
LogPluginManager: Mounting plugin MLSDK
LogPluginManager: Mounting plugin MagicLeapLightEstimation
LogPluginManager: Mounting plugin AndroidMedia
LogPluginManager: Mounting plugin AvfMedia
LogPluginManager: Mounting plugin ImgMedia
LogPluginManager: Mounting plugin MediaCompositing
LogPluginManager: Mounting plugin MediaPlayerEditor
LogPluginManager: Mounting plugin WmfMedia
LogPluginManager: Mounting plugin WebMMedia
LogPluginManager: Mounting plugin ActorSequence
LogPluginManager: Mounting plugin LevelSequenceEditor
LogPluginManager: Mounting plugin MatineeToLevelSequence
LogPluginManager: Mounting plugin TemplateSequence
LogPluginManager: Mounting plugin OnlineSubsystem
LogPluginManager: Mounting plugin OnlineSubsystemNull
LogPluginManager: Mounting plugin LauncherChunkInstaller
LogPluginManager: Mounting plugin OnlineSubsystemUtils
LogPluginManager: Mounting plugin ScreenshotTools
LogPluginManager: Mounting plugin AlembicImporter
LogPluginManager: Mounting plugin UdpMessaging
LogPluginManager: Mounting plugin ActorLayerUtilities
LogPluginManager: Mounting plugin TcpMessaging
LogPluginManager: Mounting plugin AndroidMoviePlayer
LogPluginManager: Mounting plugin AndroidPermission
LogPluginManager: Mounting plugin AndroidDeviceProfileSelector
LogPluginManager: Mounting plugin AppleMoviePlayer
LogPluginManager: Mounting plugin AppleImageUtils
LogPluginManager: Mounting plugin AssetTags
LogPluginManager: Mounting plugin AudioCapture
LogPluginManager: Mounting plugin AudioSynesthesia
LogPluginManager: Mounting plugin CableComponent
LogPluginManager: Mounting plugin ChunkDownloader
LogPluginManager: Mounting plugin ExampleDeviceProfileSelector
LogPluginManager: Mounting plugin EditableMesh
LogPluginManager: Mounting plugin CustomMeshComponent
LogPluginManager: Mounting plugin GooglePAD
LogPluginManager: Mounting plugin GoogleCloudMessaging
LogPluginManager: Mounting plugin ArchVisCharacter
LogPluginManager: Mounting plugin IOSDeviceProfileSelector
LogPluginManager: Mounting plugin Takes
LogPluginManager: Mounting plugin LinuxDeviceProfileSelector
LogPluginManager: Mounting plugin LocationServicesBPLibrary
LogPluginManager: Mounting plugin MobilePatchingUtils
LogPluginManager: Mounting plugin OpenXR
LogPluginManager: Mounting plugin OpenXRHandTracking
LogPluginManager: Mounting plugin PhysXVehicles
LogPluginManager: Mounting plugin PostSplashScreen
LogPluginManager: Mounting plugin PropertyAccessEditor
LogPluginManager: Mounting plugin ProceduralMeshComponent
LogPluginManager: Mounting plugin SignificanceManager
LogPluginManager: Mounting plugin SoundFields
LogPluginManager: Mounting plugin RuntimePhysXCooking
LogPluginManager: Mounting plugin Synthesis
LogPluginManager: Mounting plugin WebMMoviePlayer
LogPluginManager: Mounting plugin WindowsMoviePlayer
LogPluginManager: Mounting plugin GameplayCameras
LogPluginManager: Mounting plugin OpenXREyeTracker
LogPluginManager: Mounting plugin ContentBrowserAssetDataSource
LogPluginManager: Mounting plugin ContentBrowserFileDataSource
LogPluginManager: Mounting plugin ContentBrowserClassDataSource
LogPluginManager: Mounting plugin OnlineSubsystemGooglePlay
LogPluginManager: Mounting plugin OnlineSubsystemIOS
LogPluginManager: Mounting plugin OculusVR
LogPluginManager: Mounting plugin SteamVR
PixWinPlugin: PIX capture plugin failed to initialize! Check that the process is launched from PIX.
LogInit: Using libcurl 7.55.1-DEV
LogInit:  - built for x86_64-pc-win32
LogInit:  - supports SSL with OpenSSL/1.1.1
LogInit:  - supports HTTP deflate (compression) using libz 1.2.8
LogInit:  - other features:
LogInit:      CURL_VERSION_SSL
LogInit:      CURL_VERSION_LIBZ
LogInit:      CURL_VERSION_IPV6
LogInit:      CURL_VERSION_ASYNCHDNS
LogInit:      CURL_VERSION_LARGEFILE
LogInit:      CURL_VERSION_IDN
LogInit:  CurlRequestOptions (configurable via config and command line):
LogInit:  - bVerifyPeer = true  - Libcurl will verify peer certificate
LogInit:  - bUseHttpProxy = false  - Libcurl will NOT use HTTP proxy
LogInit:  - bDontReuseConnections = false  - Libcurl will reuse connections
LogInit:  - MaxHostConnections = 16  - Libcurl will limit the number of connections to a host
LogInit:  - LocalHostAddr = Default
LogInit:  - BufferSize = 65536
LogOnline: OSS: Creating online subsystem instance for: NULL
LogInit: WinSock: version 1.1 (2.2), MaxSocks=32767, MaxUdp=65467
LogOnline: OSS: TryLoadSubsystemAndSetDefault: Loaded subsystem for module [NULL]
LogOculusPluginWrapper: OculusPlugin initialized successfully
LogHMD: Failed initializing OVRPlugin 1.59.0
LogInit: Build: ++UE4+Release-4.27-CL-18319896
LogInit: Engine Version: 4.27.2-18319896+++UE4+Release-4.27
LogInit: Compatible Engine Version: 4.27.0-17155196+++UE4+Release-4.27
LogInit: Net CL: 17155196
LogInit: OS: Windows 10 (Release 2009) (), CPU: 11th Gen Intel(R) Core(TM) i9-11900K @ 3.50GHz, GPU: NVIDIA GeForce RTX 2080 Ti
LogInit: Compiled (64-bit): Nov 30 2021 07:12:08
LogInit: Compiled with Visual C++: 19.24.28315.00
LogInit: Build Configuration: Development
LogInit: Branch Name: ++UE4+Release-4.27
LogInit: Command Line:  -skipcompile
LogInit: Base Directory: C:/Program Files/Epic Games/UE_4.27/Engine/Binaries/Win64/
LogInit: Allocator: TBB
LogInit: Installed Engine Build: 1
LogDevObjectVersion: Number of dev versions registered: 29
LogDevObjectVersion:   Dev-Blueprints (B0D832E4-1F89-4F0D-ACCF-7EB736FD4AA2): 10
LogDevObjectVersion:   Dev-Build (E1C64328-A22C-4D53-A36C-8E866417BD8C): 0
LogDevObjectVersion:   Dev-Core (375EC13C-06E4-48FB-B500-84F0262A717E): 4
LogDevObjectVersion:   Dev-Editor (E4B068ED-F494-42E9-A231-DA0B2E46BB41): 40
LogDevObjectVersion:   Dev-Framework (CFFC743F-43B0-4480-9391-14DF171D2073): 37
LogDevObjectVersion:   Dev-Mobile (B02B49B5-BB20-44E9-A304-32B752E40360): 3
LogDevObjectVersion:   Dev-Networking (A4E4105C-59A1-49B5-A7C5-40C4547EDFEE): 0
LogDevObjectVersion:   Dev-Online (39C831C9-5AE6-47DC-9A44-9C173E1C8E7C): 0
LogDevObjectVersion:   Dev-Physics (78F01B33-EBEA-4F98-B9B4-84EACCB95AA2): 14
LogDevObjectVersion:   Dev-Platform (6631380F-2D4D-43E0-8009-CF276956A95A): 0
LogDevObjectVersion:   Dev-Rendering (12F88B9F-8875-4AFC-A67C-D90C383ABD29): 45
LogDevObjectVersion:   Dev-Sequencer (7B5AE74C-D270-4C10-A958-57980B212A5A): 13
LogDevObjectVersion:   Dev-VR (D7296918-1DD6-4BDD-9DE2-64A83CC13884): 3
LogDevObjectVersion:   Dev-LoadTimes (C2A15278-BFE7-4AFE-6C17-90FF531DF755): 1
LogDevObjectVersion:   Private-Geometry (6EACA3D4-40EC-4CC1-B786-8BED09428FC5): 3
LogDevObjectVersion:   Dev-AnimPhys (29E575DD-E0A3-4627-9D10-D276232CDCEA): 17
LogDevObjectVersion:   Dev-Anim (AF43A65D-7FD3-4947-9873-3E8ED9C1BB05): 15
LogDevObjectVersion:   Dev-ReflectionCapture (6B266CEC-1EC7-4B8F-A30B-E4D90942FC07): 1
LogDevObjectVersion:   Dev-Automation (0DF73D61-A23F-47EA-B727-89E90C41499A): 1
LogDevObjectVersion:   FortniteMain (601D1886-AC64-4F84-AA16-D3DE0DEAC7D6): 47
LogDevObjectVersion:   FortniteRelease (E7086368-6B23-4C58-8439-1B7016265E91): 1
LogDevObjectVersion:   Dev-Enterprise (9DFFBCD6-494F-0158-E221-12823C92A888): 10
LogDevObjectVersion:   Dev-Niagara (F2AED0AC-9AFE-416F-8664-AA7FFA26D6FC): 1
LogDevObjectVersion:   Dev-Destruction (174F1F0B-B4C6-45A5-B13F-2EE8D0FB917D): 10
LogDevObjectVersion:   Dev-Physics-Ext (35F94A83-E258-406C-A318-09F59610247C): 41
LogDevObjectVersion:   Dev-PhysicsMaterial-Chaos (B68FC16E-8B1B-42E2-B453-215C058844FE): 1
LogDevObjectVersion:   Dev-CineCamera (B2E18506-4273-CFC2-A54E-F4BB758BBA07): 1
LogDevObjectVersion:   Dev-VirtualProduction (64F58936-FD1B-42BA-BA96-7289D5D0FA4E): 1
LogDevObjectVersion:   Dev-MediaFramework (6F0ED827-A609-4895-9C91-998D90180EA4): 2
LogInit: Presizing for max 25165824 objects, including 0 objects not considered by GC, pre-allocating 0 bytes for permanent pool.
LogConfig: Applying CVar settings from Section [/Script/Engine.StreamingSettings] File [C:/Users/camer/Documents/Github/GameProjects/CoopGame/Saved/Config/Windows/Engine.ini]
LogConfig: Setting CVar [[s.MinBulkDataSizeForAsyncLoading:131072]]
LogConfig: Setting CVar [[s.AsyncLoadingThreadEnabled:0]]
LogConfig: Setting CVar [[s.EventDrivenLoaderEnabled:1]]
LogConfig: Setting CVar [[s.WarnIfTimeLimitExceeded:0]]
LogConfig: Setting CVar [[s.TimeLimitExceededMultiplier:1.5]]
LogConfig: Setting CVar [[s.TimeLimitExceededMinTime:0.005]]
LogConfig: Setting CVar [[s.UseBackgroundLevelStreaming:1]]
LogConfig: Setting CVar [[s.PriorityAsyncLoadingExtraTime:15.0]]
LogConfig: Setting CVar [[s.LevelStreamingActorsUpdateTimeLimit:5.0]]
LogConfig: Setting CVar [[s.PriorityLevelStreamingActorsUpdateExtraTime:5.0]]
LogConfig: Setting CVar [[s.LevelStreamingComponentsRegistrationGranularity:10]]
LogConfig: Setting CVar [[s.UnregisterComponentsTimeLimit:1.0]]
LogConfig: Setting CVar [[s.LevelStreamingComponentsUnregistrationGranularity:5]]
LogConfig: Setting CVar [[s.FlushStreamingOnExit:1]]
LogInit: Object subsystem initialized
LogConfig: Setting CVar [[con.DebugEarlyDefault:1]]
LogConfig: Setting CVar [[r.setres:1280x720]]
[2022.03.11-20.24.38:652][  0]LogConfig: Setting CVar [[r.VSync:0]]
[2022.03.11-20.24.38:652][  0]LogConfig: Setting CVar [[r.RHICmdBypass:0]]
[2022.03.11-20.24.38:652][  0]LogConfig: Applying CVar settings from Section [/Script/Engine.RendererSettings] File [C:/Users/camer/Documents/Github/GameProjects/CoopGame/Saved/Config/Windows/Engine.ini]
[2022.03.11-20.24.38:653][  0]LogConfig: Setting CVar [[r.GPUCrashDebugging:0]]
[2022.03.11-20.24.38:653][  0]LogConfig: Applying CVar settings from Section [/Script/Engine.RendererOverrideSettings] File [C:/Users/camer/Documents/Github/GameProjects/CoopGame/Saved/Config/Windows/Engine.ini]
[2022.03.11-20.24.38:653][  0]LogConfig: Applying CVar settings from Section [/Script/Engine.StreamingSettings] File [C:/Users/camer/Documents/Github/GameProjects/CoopGame/Saved/Config/Windows/Engine.ini]
[2022.03.11-20.24.38:653][  0]LogConfig: Setting CVar [[s.MinBulkDataSizeForAsyncLoading:131072]]
[2022.03.11-20.24.38:653][  0]LogConfig: Setting CVar [[s.AsyncLoadingThreadEnabled:0]]
[2022.03.11-20.24.38:653][  0]LogConfig: Setting CVar [[s.EventDrivenLoaderEnabled:1]]
[2022.03.11-20.24.38:653][  0]LogConfig: Setting CVar [[s.WarnIfTimeLimitExceeded:0]]
[2022.03.11-20.24.38:653][  0]LogConfig: Setting CVar [[s.TimeLimitExceededMultiplier:1.5]]
[2022.03.11-20.24.38:653][  0]LogConfig: Setting CVar [[s.TimeLimitExceededMinTime:0.005]]
[2022.03.11-20.24.38:653][  0]LogConfig: Setting CVar [[s.UseBackgroundLevelStreaming:1]]
[2022.03.11-20.24.38:653][  0]LogConfig: Setting CVar [[s.PriorityAsyncLoadingExtraTime:15.0]]
[2022.03.11-20.24.38:653][  0]LogConfig: Setting CVar [[s.LevelStreamingActorsUpdateTimeLimit:5.0]]
[2022.03.11-20.24.38:653][  0]LogConfig: Setting CVar [[s.PriorityLevelStreamingActorsUpdateExtraTime:5.0]]
[2022.03.11-20.24.38:653][  0]LogConfig: Setting CVar [[s.LevelStreamingComponentsRegistrationGranularity:10]]
[2022.03.11-20.24.38:653][  0]LogConfig: Setting CVar [[s.UnregisterComponentsTimeLimit:1.0]]
[2022.03.11-20.24.38:653][  0]LogConfig: Setting CVar [[s.LevelStreamingComponentsUnregistrationGranularity:5]]
[2022.03.11-20.24.38:653][  0]LogConfig: Setting CVar [[s.FlushStreamingOnExit:1]]
[2022.03.11-20.24.38:653][  0]LogConfig: Applying CVar settings from Section [/Script/Engine.GarbageCollectionSettings] File [C:/Users/camer/Documents/Github/GameProjects/CoopGame/Saved/Config/Windows/Engine.ini]
[2022.03.11-20.24.38:653][  0]LogConfig: Setting CVar [[gc.MaxObjectsNotConsideredByGC:1]]
[2022.03.11-20.24.38:653][  0]LogConfig: Setting CVar [[gc.SizeOfPermanentObjectPool:0]]
[2022.03.11-20.24.38:653][  0]LogConfig: Setting CVar [[gc.FlushStreamingOnGC:0]]
[2022.03.11-20.24.38:653][  0]LogConfig: Setting CVar [[gc.NumRetriesBeforeForcingGC:10]]
[2022.03.11-20.24.38:653][  0]LogConfig: Setting CVar [[gc.AllowParallelGC:1]]
[2022.03.11-20.24.38:653][  0]LogConfig: Setting CVar [[gc.TimeBetweenPurgingPendingKillObjects:61.1]]
[2022.03.11-20.24.38:653][  0]LogConfig: Setting CVar [[gc.MaxObjectsInEditor:25165824]]
[2022.03.11-20.24.38:653][  0]LogConfig: Setting CVar [[gc.IncrementalBeginDestroyEnabled:1]]
[2022.03.11-20.24.38:653][  0]LogConfig: Setting CVar [[gc.CreateGCClusters:1]]
[2022.03.11-20.24.38:653][  0]LogConfig: Setting CVar [[gc.MinGCClusterSize:5]]
[2022.03.11-20.24.38:653][  0]LogConfig: Setting CVar [[gc.ActorClusteringEnabled:0]]
[2022.03.11-20.24.38:654][  0]LogConfig: Setting CVar [[gc.BlueprintClusteringEnabled:0]]
[2022.03.11-20.24.38:654][  0]LogConfig: Setting CVar [[gc.UseDisregardForGCOnDedicatedServers:0]]
[2022.03.11-20.24.38:654][  0]LogConfig: Setting CVar [[gc.MultithreadedDestructionEnabled:1]]
[2022.03.11-20.24.38:654][  0]LogConfig: Applying CVar settings from Section [/Script/Engine.NetworkSettings] File [C:/Users/camer/Documents/Github/GameProjects/CoopGame/Saved/Config/Windows/Engine.ini]
[2022.03.11-20.24.38:654][  0]LogConfig: Applying CVar settings from Section [/Script/UnrealEd.CookerSettings] File [C:/Users/camer/Documents/Github/GameProjects/CoopGame/Saved/Config/Windows/Engine.ini]
[2022.03.11-20.24.38:691][  0]LogConfig: Applying CVar settings from Section [ViewDistanceQuality@3] File [C:/Users/camer/Documents/Github/GameProjects/CoopGame/Saved/Config/Windows/Scalability.ini]
[2022.03.11-20.24.38:691][  0]LogConfig: Setting CVar [[r.SkeletalMeshLODBias:0]]
[2022.03.11-20.24.38:691][  0]LogConfig: Setting CVar [[r.ViewDistanceScale:1.0]]
[2022.03.11-20.24.38:691][  0]LogConfig: Applying CVar settings from Section [AntiAliasingQuality@3] File [C:/Users/camer/Documents/Github/GameProjects/CoopGame/Saved/Config/Windows/Scalability.ini]
[2022.03.11-20.24.38:691][  0]LogConfig: Setting CVar [[r.PostProcessAAQuality:4]]
[2022.03.11-20.24.38:691][  0]LogConfig: Applying CVar settings from Section [ShadowQuality@3] File [C:/Users/camer/Documents/Github/GameProjects/CoopGame/Saved/Config/Windows/Scalability.ini]
[2022.03.11-20.24.38:692][  0]LogConfig: Setting CVar [[r.LightFunctionQuality:1]]
[2022.03.11-20.24.38:692][  0]LogConfig: Setting CVar [[r.ShadowQuality:5]]
[2022.03.11-20.24.38:692][  0]LogConfig: Setting CVar [[r.Shadow.CSM.MaxCascades:10]]
[2022.03.11-20.24.38:692][  0]LogConfig: Setting CVar [[r.Shadow.MaxResolution:2048]]
[2022.03.11-20.24.38:692][  0]LogConfig: Setting CVar [[r.Shadow.MaxCSMResolution:2048]]
[2022.03.11-20.24.38:692][  0]LogConfig: Setting CVar [[r.Shadow.RadiusThreshold:0.01]]
[2022.03.11-20.24.38:692][  0]LogConfig: Setting CVar [[r.Shadow.DistanceScale:1.0]]
[2022.03.11-20.24.38:692][  0]LogConfig: Setting CVar [[r.Shadow.CSM.TransitionScale:1.0]]
[2022.03.11-20.24.38:692][  0]LogConfig: Setting CVar [[r.Shadow.PreShadowResolutionFactor:1.0]]
[2022.03.11-20.24.38:692][  0]LogConfig: Setting CVar [[r.DistanceFieldShadowing:1]]
[2022.03.11-20.24.38:692][  0]LogConfig: Setting CVar [[r.DistanceFieldAO:1]]
[2022.03.11-20.24.38:692][  0]LogConfig: Setting CVar [[r.AOQuality:2]]
[2022.03.11-20.24.38:692][  0]LogConfig: Setting CVar [[r.VolumetricFog:1]]
[2022.03.11-20.24.38:692][  0]LogConfig: Setting CVar [[r.VolumetricFog.GridPixelSize:8]]
[2022.03.11-20.24.38:692][  0]LogConfig: Setting CVar [[r.VolumetricFog.GridSizeZ:128]]
[2022.03.11-20.24.38:693][  0]LogConfig: Setting CVar [[r.VolumetricFog.HistoryMissSupersampleCount:4]]
[2022.03.11-20.24.38:693][  0]LogConfig: Setting CVar [[r.LightMaxDrawDistanceScale:1]]
[2022.03.11-20.24.38:693][  0]LogConfig: Setting CVar [[r.CapsuleShadows:1]]
[2022.03.11-20.24.38:693][  0]LogConfig: Applying CVar settings from Section [PostProcessQuality@3] File [C:/Users/camer/Documents/Github/GameProjects/CoopGame/Saved/Config/Windows/Scalability.ini]
[2022.03.11-20.24.38:693][  0]LogConfig: Setting CVar [[r.MotionBlurQuality:4]]
[2022.03.11-20.24.38:693][  0]LogConfig: Setting CVar [[r.AmbientOcclusionMipLevelFactor:0.4]]
[2022.03.11-20.24.38:693][  0]LogConfig: Setting CVar [[r.AmbientOcclusionMaxQuality:100]]
[2022.03.11-20.24.38:693][  0]LogConfig: Setting CVar [[r.AmbientOcclusionLevels:-1]]
[2022.03.11-20.24.38:693][  0]LogConfig: Setting CVar [[r.AmbientOcclusionRadiusScale:1.0]]
[2022.03.11-20.24.38:693][  0]LogConfig: Setting CVar [[r.DepthOfFieldQuality:2]]
[2022.03.11-20.24.38:693][  0]LogConfig: Setting CVar [[r.RenderTargetPoolMin:400]]
[2022.03.11-20.24.38:693][  0]LogConfig: Setting CVar [[r.LensFlareQuality:2]]
[2022.03.11-20.24.38:693][  0]LogConfig: Setting CVar [[r.SceneColorFringeQuality:1]]
[2022.03.11-20.24.38:693][  0]LogConfig: Setting CVar [[r.EyeAdaptationQuality:2]]
[2022.03.11-20.24.38:693][  0]LogConfig: Setting CVar [[r.BloomQuality:5]]
[2022.03.11-20.24.38:693][  0]LogConfig: Setting CVar [[r.FastBlurThreshold:100]]
[2022.03.11-20.24.38:693][  0]LogConfig: Setting CVar [[r.Upscale.Quality:3]]
[2022.03.11-20.24.38:693][  0]LogConfig: Setting CVar [[r.Tonemapper.GrainQuantization:1]]
[2022.03.11-20.24.38:693][  0]LogConfig: Setting CVar [[r.LightShaftQuality:1]]
[2022.03.11-20.24.38:693][  0]LogConfig: Setting CVar [[r.Filter.SizeScale:1]]
[2022.03.11-20.24.38:693][  0]LogConfig: Setting CVar [[r.Tonemapper.Quality:5]]
[2022.03.11-20.24.38:694][  0]LogConfig: Setting CVar [[r.DOF.Gather.AccumulatorQuality:1        ; higher gathering accumulator quality]]
[2022.03.11-20.24.38:694][  0]LogConfig: Setting CVar [[r.DOF.Gather.PostfilterMethod:1          ; Median3x3 postfilering method]]
[2022.03.11-20.24.38:694][  0]LogConfig: Setting CVar [[r.DOF.Gather.EnableBokehSettings:0       ; no bokeh simulation when gathering]]
[2022.03.11-20.24.38:694][  0]LogConfig: Setting CVar [[r.DOF.Gather.RingCount:4                 ; medium number of samples when gathering]]
[2022.03.11-20.24.38:694][  0]LogConfig: Setting CVar [[r.DOF.Scatter.ForegroundCompositing:1    ; additive foreground scattering]]
[2022.03.11-20.24.38:694][  0]LogConfig: Setting CVar [[r.DOF.Scatter.BackgroundCompositing:2    ; additive background scattering]]
[2022.03.11-20.24.38:694][  0]LogConfig: Setting CVar [[r.DOF.Scatter.EnableBokehSettings:1      ; bokeh simulation when scattering]]
[2022.03.11-20.24.38:694][  0]LogConfig: Setting CVar [[r.DOF.Scatter.MaxSpriteRatio:0.1         ; only a maximum of 10% of scattered bokeh]]
[2022.03.11-20.24.38:694][  0]LogConfig: Setting CVar [[r.DOF.Recombine.Quality:1                ; cheap slight out of focus]]
[2022.03.11-20.24.38:694][  0]LogConfig: Setting CVar [[r.DOF.Recombine.EnableBokehSettings:0    ; no bokeh simulation on slight out of focus]]
[2022.03.11-20.24.38:694][  0]LogConfig: Setting CVar [[r.DOF.TemporalAAQuality:1                ; more stable temporal accumulation]]
[2022.03.11-20.24.38:694][  0]LogConfig: Setting CVar [[r.DOF.Kernel.MaxForegroundRadius:0.025]]
[2022.03.11-20.24.38:694][  0]LogConfig: Setting CVar [[r.DOF.Kernel.MaxBackgroundRadius:0.025]]
[2022.03.11-20.24.38:694][  0]LogConfig: Applying CVar settings from Section [TextureQuality@3] File [C:/Users/camer/Documents/Github/GameProjects/CoopGame/Saved/Config/Windows/Scalability.ini]
[2022.03.11-20.24.38:694][  0]LogConfig: Setting CVar [[r.Streaming.MipBias:0]]
[2022.03.11-20.24.38:694][  0]LogConfig: Setting CVar [[r.Streaming.AmortizeCPUToGPUCopy:0]]
[2022.03.11-20.24.38:694][  0]LogConfig: Setting CVar [[r.Streaming.MaxNumTexturesToStreamPerFrame:0]]
[2022.03.11-20.24.38:694][  0]LogConfig: Setting CVar [[r.Streaming.Boost:1]]
[2022.03.11-20.24.38:694][  0]LogConfig: Setting CVar [[r.MaxAnisotropy:8]]
[2022.03.11-20.24.38:694][  0]LogConfig: Setting CVar [[r.VT.MaxAnisotropy:8]]
[2022.03.11-20.24.38:694][  0]LogConfig: Setting CVar [[r.Streaming.LimitPoolSizeToVRAM:0]]
[2022.03.11-20.24.38:694][  0]LogConfig: Setting CVar [[r.Streaming.PoolSize:1000]]
[2022.03.11-20.24.38:694][  0]LogConfig: Setting CVar [[r.Streaming.MaxEffectiveScreenSize:0]]
[2022.03.11-20.24.38:694][  0]LogConfig: Applying CVar settings from Section [EffectsQuality@3] File [C:/Users/camer/Documents/Github/GameProjects/CoopGame/Saved/Config/Windows/Scalability.ini]
[2022.03.11-20.24.38:694][  0]LogConfig: Setting CVar [[r.TranslucencyLightingVolumeDim:64]]
[2022.03.11-20.24.38:695][  0]LogConfig: Setting CVar [[r.RefractionQuality:2]]
[2022.03.11-20.24.38:695][  0]LogConfig: Setting CVar [[r.SSR.Quality:3]]
[2022.03.11-20.24.38:695][  0]LogConfig: Setting CVar [[r.SSR.HalfResSceneColor:0]]
[2022.03.11-20.24.38:695][  0]LogConfig: Setting CVar [[r.SceneColorFormat:4]]
[2022.03.11-20.24.38:695][  0]LogConfig: Setting CVar [[r.DetailMode:2]]
[2022.03.11-20.24.38:695][  0]LogConfig: Setting CVar [[r.TranslucencyVolumeBlur:1]]
[2022.03.11-20.24.38:695][  0]LogConfig: Setting CVar [[r.MaterialQualityLevel:1 ; High quality]]
[2022.03.11-20.24.38:695][  0]LogConfig: Setting CVar [[r.AnisotropicMaterials:1]]
[2022.03.11-20.24.38:695][  0]LogConfig: Setting CVar [[r.SSS.Scale:1]]
[2022.03.11-20.24.38:695][  0]LogConfig: Setting CVar [[r.SSS.SampleSet:2]]
[2022.03.11-20.24.38:695][  0]LogConfig: Setting CVar [[r.SSS.Quality:1]]
[2022.03.11-20.24.38:695][  0]LogConfig: Setting CVar [[r.SSS.HalfRes:0]]
[2022.03.11-20.24.38:695][  0]LogConfig: Setting CVar [[r.SSGI.Quality:3]]
[2022.03.11-20.24.38:695][  0]LogConfig: Setting CVar [[r.EmitterSpawnRateScale:1.0]]
[2022.03.11-20.24.38:695][  0]LogConfig: Setting CVar [[r.ParticleLightQuality:2]]
[2022.03.11-20.24.38:695][  0]LogConfig: Setting CVar [[r.SkyAtmosphere.AerialPerspectiveLUT.FastApplyOnOpaque:1 ; Always have FastSkyLUT 1 in this case to avoid wrong sky]]
[2022.03.11-20.24.38:695][  0]LogConfig: Setting CVar [[r.SkyAtmosphere.AerialPerspectiveLUT.SampleCountMaxPerSlice:4]]
[2022.03.11-20.24.38:695][  0]LogConfig: Setting CVar [[r.SkyAtmosphere.AerialPerspectiveLUT.DepthResolution:16.0]]
[2022.03.11-20.24.38:695][  0]LogConfig: Setting CVar [[r.SkyAtmosphere.FastSkyLUT:1]]
[2022.03.11-20.24.38:695][  0]LogConfig: Setting CVar [[r.SkyAtmosphere.FastSkyLUT.SampleCountMin:4.0]]
[2022.03.11-20.24.38:695][  0]LogConfig: Setting CVar [[r.SkyAtmosphere.FastSkyLUT.SampleCountMax:128.0]]
[2022.03.11-20.24.38:695][  0]LogConfig: Setting CVar [[r.SkyAtmosphere.SampleCountMin:4.0]]
[2022.03.11-20.24.38:695][  0]LogConfig: Setting CVar [[r.SkyAtmosphere.SampleCountMax:128.0]]
[2022.03.11-20.24.38:695][  0]LogConfig: Setting CVar [[r.SkyAtmosphere.TransmittanceLUT.UseSmallFormat:0]]
[2022.03.11-20.24.38:695][  0]LogConfig: Setting CVar [[r.SkyAtmosphere.TransmittanceLUT.SampleCount:10.0]]
[2022.03.11-20.24.38:695][  0]LogConfig: Setting CVar [[r.SkyAtmosphere.MultiScatteringLUT.SampleCount:15.0]]
[2022.03.11-20.24.38:695][  0]LogConfig: Setting CVar [[r.SkyLight.RealTimeReflectionCapture:1]]
[2022.03.11-20.24.38:695][  0]LogConfig: Applying CVar settings from Section [FoliageQuality@3] File [C:/Users/camer/Documents/Github/GameProjects/CoopGame/Saved/Config/Windows/Scalability.ini]
[2022.03.11-20.24.38:695][  0]LogConfig: Setting CVar [[foliage.DensityScale:1.0]]
[2022.03.11-20.24.38:695][  0]LogConfig: Setting CVar [[grass.DensityScale:1.0]]
[2022.03.11-20.24.38:695][  0]LogConfig: Applying CVar settings from Section [ShadingQuality@3] File [C:/Users/camer/Documents/Github/GameProjects/CoopGame/Saved/Config/Windows/Scalability.ini]
[2022.03.11-20.24.38:696][  0]LogConfig: Setting CVar [[r.HairStrands.SkyLighting.IntegrationType:2]]
[2022.03.11-20.24.38:696][  0]LogConfig: Setting CVar [[r.HairStrands.SkyAO.SampleCount:4]]
[2022.03.11-20.24.38:696][  0]LogConfig: Setting CVar [[r.HairStrands.Visibility.MSAA.SamplePerPixel:4]]
[2022.03.11-20.24.38:696][  0]LogInit: Selected Device Profile: [Windows]
[2022.03.11-20.24.38:696][  0]LogInit: Applying CVar settings loaded from the selected device profile: [Windows]
[2022.03.11-20.24.38:696][  0]LogHAL: Display: Platform has ~ 32 GB [34195570688 / 34359738368 / 32], which maps to Largest [LargestMinGB=32, LargerMinGB=12, DefaultMinGB=8, SmallerMinGB=6, SmallestMinGB=0)
[2022.03.11-20.24.38:696][  0]LogInit: Going up to parent DeviceProfile []
[2022.03.11-20.24.38:696][  0]LogConfig: Applying CVar settings from Section [ViewDistanceQuality@3] File [C:/Users/camer/Documents/Github/GameProjects/CoopGame/Saved/Config/Windows/Scalability.ini]
[2022.03.11-20.24.38:696][  0]LogConfig: Setting CVar [[r.SkeletalMeshLODBias:0]]
[2022.03.11-20.24.38:696][  0]LogConfig: Setting CVar [[r.ViewDistanceScale:1.0]]
[2022.03.11-20.24.38:696][  0]LogConfig: Applying CVar settings from Section [AntiAliasingQuality@3] File [C:/Users/camer/Documents/Github/GameProjects/CoopGame/Saved/Config/Windows/Scalability.ini]
[2022.03.11-20.24.38:696][  0]LogConfig: Setting CVar [[r.PostProcessAAQuality:4]]
[2022.03.11-20.24.38:696][  0]LogConfig: Applying CVar settings from Section [ShadowQuality@3] File [C:/Users/camer/Documents/Github/GameProjects/CoopGame/Saved/Config/Windows/Scalability.ini]
[2022.03.11-20.24.38:696][  0]LogConfig: Setting CVar [[r.LightFunctionQuality:1]]
[2022.03.11-20.24.38:696][  0]LogConfig: Setting CVar [[r.ShadowQuality:5]]
[2022.03.11-20.24.38:696][  0]LogConfig: Setting CVar [[r.Shadow.CSM.MaxCascades:10]]
[2022.03.11-20.24.38:696][  0]LogConfig: Setting CVar [[r.Shadow.MaxResolution:2048]]
[2022.03.11-20.24.38:696][  0]LogConfig: Setting CVar [[r.Shadow.MaxCSMResolution:2048]]
[2022.03.11-20.24.38:696][  0]LogConfig: Setting CVar [[r.Shadow.RadiusThreshold:0.01]]
[2022.03.11-20.24.38:696][  0]LogConfig: Setting CVar [[r.Shadow.DistanceScale:1.0]]
[2022.03.11-20.24.38:696][  0]LogConfig: Setting CVar [[r.Shadow.CSM.TransitionScale:1.0]]
[2022.03.11-20.24.38:697][  0]LogConfig: Setting CVar [[r.Shadow.PreShadowResolutionFactor:1.0]]
[2022.03.11-20.24.38:697][  0]LogConfig: Setting CVar [[r.DistanceFieldShadowing:1]]
[2022.03.11-20.24.38:697][  0]LogConfig: Setting CVar [[r.DistanceFieldAO:1]]
[2022.03.11-20.24.38:697][  0]LogConfig: Setting CVar [[r.AOQuality:2]]
[2022.03.11-20.24.38:697][  0]LogConfig: Setting CVar [[r.VolumetricFog:1]]
[2022.03.11-20.24.38:697][  0]LogConfig: Setting CVar [[r.VolumetricFog.GridPixelSize:8]]
[2022.03.11-20.24.38:697][  0]LogConfig: Setting CVar [[r.VolumetricFog.GridSizeZ:128]]
[2022.03.11-20.24.38:697][  0]LogConfig: Setting CVar [[r.VolumetricFog.HistoryMissSupersampleCount:4]]
[2022.03.11-20.24.38:697][  0]LogConfig: Setting CVar [[r.LightMaxDrawDistanceScale:1]]
[2022.03.11-20.24.38:697][  0]LogConfig: Setting CVar [[r.CapsuleShadows:1]]
[2022.03.11-20.24.38:697][  0]LogConfig: Applying CVar settings from Section [PostProcessQuality@3] File [C:/Users/camer/Documents/Github/GameProjects/CoopGame/Saved/Config/Windows/Scalability.ini]
[2022.03.11-20.24.38:697][  0]LogConfig: Setting CVar [[r.MotionBlurQuality:4]]
[2022.03.11-20.24.38:697][  0]LogConfig: Setting CVar [[r.AmbientOcclusionMipLevelFactor:0.4]]
[2022.03.11-20.24.38:697][  0]LogConfig: Setting CVar [[r.AmbientOcclusionMaxQuality:100]]
[2022.03.11-20.24.38:697][  0]LogConfig: Setting CVar [[r.AmbientOcclusionLevels:-1]]
[2022.03.11-20.24.38:697][  0]LogConfig: Setting CVar [[r.AmbientOcclusionRadiusScale:1.0]]
[2022.03.11-20.24.38:697][  0]LogConfig: Setting CVar [[r.DepthOfFieldQuality:2]]
[2022.03.11-20.24.38:697][  0]LogConfig: Setting CVar [[r.RenderTargetPoolMin:400]]
[2022.03.11-20.24.38:697][  0]LogConfig: Setting CVar [[r.LensFlareQuality:2]]
[2022.03.11-20.24.38:697][  0]LogConfig: Setting CVar [[r.SceneColorFringeQuality:1]]
[2022.03.11-20.24.38:697][  0]LogConfig: Setting CVar [[r.EyeAdaptationQuality:2]]
[2022.03.11-20.24.38:697][  0]LogConfig: Setting CVar [[r.BloomQuality:5]]
[2022.03.11-20.24.38:698][  0]LogConfig: Setting CVar [[r.FastBlurThreshold:100]]
[2022.03.11-20.24.38:698][  0]LogConfig: Setting CVar [[r.Upscale.Quality:3]]
[2022.03.11-20.24.38:698][  0]LogConfig: Setting CVar [[r.Tonemapper.GrainQuantization:1]]
[2022.03.11-20.24.38:698][  0]LogConfig: Setting CVar [[r.LightShaftQuality:1]]
[2022.03.11-20.24.38:698][  0]LogConfig: Setting CVar [[r.Filter.SizeScale:1]]
[2022.03.11-20.24.38:698][  0]LogConfig: Setting CVar [[r.Tonemapper.Quality:5]]
[2022.03.11-20.24.38:698][  0]LogConfig: Setting CVar [[r.DOF.Gather.AccumulatorQuality:1        ; higher gathering accumulator quality]]
[2022.03.11-20.24.38:698][  0]LogConfig: Setting CVar [[r.DOF.Gather.PostfilterMethod:1          ; Median3x3 postfilering method]]
[2022.03.11-20.24.38:698][  0]LogConfig: Setting CVar [[r.DOF.Gather.EnableBokehSettings:0       ; no bokeh simulation when gathering]]
[2022.03.11-20.24.38:698][  0]LogConfig: Setting CVar [[r.DOF.Gather.RingCount:4                 ; medium number of samples when gathering]]
[2022.03.11-20.24.38:698][  0]LogConfig: Setting CVar [[r.DOF.Scatter.ForegroundCompositing:1    ; additive foreground scattering]]
[2022.03.11-20.24.38:698][  0]LogConfig: Setting CVar [[r.DOF.Scatter.BackgroundCompositing:2    ; additive background scattering]]
[2022.03.11-20.24.38:698][  0]LogConfig: Setting CVar [[r.DOF.Scatter.EnableBokehSettings:1      ; bokeh simulation when scattering]]
[2022.03.11-20.24.38:698][  0]LogConfig: Setting CVar [[r.DOF.Scatter.MaxSpriteRatio:0.1         ; only a maximum of 10% of scattered bokeh]]
[2022.03.11-20.24.38:698][  0]LogConfig: Setting CVar [[r.DOF.Recombine.Quality:1                ; cheap slight out of focus]]
[2022.03.11-20.24.38:698][  0]LogConfig: Setting CVar [[r.DOF.Recombine.EnableBokehSettings:0    ; no bokeh simulation on slight out of focus]]
[2022.03.11-20.24.38:698][  0]LogConfig: Setting CVar [[r.DOF.TemporalAAQuality:1                ; more stable temporal accumulation]]
[2022.03.11-20.24.38:698][  0]LogConfig: Setting CVar [[r.DOF.Kernel.MaxForegroundRadius:0.025]]
[2022.03.11-20.24.38:698][  0]LogConfig: Setting CVar [[r.DOF.Kernel.MaxBackgroundRadius:0.025]]
[2022.03.11-20.24.38:698][  0]LogConfig: Applying CVar settings from Section [TextureQuality@3] File [C:/Users/camer/Documents/Github/GameProjects/CoopGame/Saved/Config/Windows/Scalability.ini]
[2022.03.11-20.24.38:698][  0]LogConfig: Setting CVar [[r.Streaming.MipBias:0]]
[2022.03.11-20.24.38:698][  0]LogConfig: Setting CVar [[r.Streaming.AmortizeCPUToGPUCopy:0]]
[2022.03.11-20.24.38:698][  0]LogConfig: Setting CVar [[r.Streaming.MaxNumTexturesToStreamPerFrame:0]]
[2022.03.11-20.24.38:699][  0]LogConfig: Setting CVar [[r.Streaming.Boost:1]]
[2022.03.11-20.24.38:699][  0]LogConfig: Setting CVar [[r.MaxAnisotropy:8]]
[2022.03.11-20.24.38:699][  0]LogConfig: Setting CVar [[r.VT.MaxAnisotropy:8]]
[2022.03.11-20.24.38:699][  0]LogConfig: Setting CVar [[r.Streaming.LimitPoolSizeToVRAM:0]]
[2022.03.11-20.24.38:699][  0]LogConfig: Setting CVar [[r.Streaming.PoolSize:1000]]
[2022.03.11-20.24.38:699][  0]LogConfig: Setting CVar [[r.Streaming.MaxEffectiveScreenSize:0]]
[2022.03.11-20.24.38:699][  0]LogConfig: Applying CVar settings from Section [EffectsQuality@3] File [C:/Users/camer/Documents/Github/GameProjects/CoopGame/Saved/Config/Windows/Scalability.ini]
[2022.03.11-20.24.38:699][  0]LogConfig: Setting CVar [[r.TranslucencyLightingVolumeDim:64]]
[2022.03.11-20.24.38:699][  0]LogConfig: Setting CVar [[r.RefractionQuality:2]]
[2022.03.11-20.24.38:699][  0]LogConfig: Setting CVar [[r.SSR.Quality:3]]
[2022.03.11-20.24.38:699][  0]LogConfig: Setting CVar [[r.SSR.HalfResSceneColor:0]]
[2022.03.11-20.24.38:699][  0]LogConfig: Setting CVar [[r.SceneColorFormat:4]]
[2022.03.11-20.24.38:699][  0]LogConfig: Setting CVar [[r.DetailMode:2]]
[2022.03.11-20.24.38:699][  0]LogConfig: Setting CVar [[r.TranslucencyVolumeBlur:1]]
[2022.03.11-20.24.38:699][  0]LogConfig: Setting CVar [[r.MaterialQualityLevel:1 ; High quality]]
[2022.03.11-20.24.38:699][  0]LogConfig: Setting CVar [[r.AnisotropicMaterials:1]]
[2022.03.11-20.24.38:699][  0]LogConfig: Setting CVar [[r.SSS.Scale:1]]
[2022.03.11-20.24.38:699][  0]LogConfig: Setting CVar [[r.SSS.SampleSet:2]]
[2022.03.11-20.24.38:699][  0]LogConfig: Setting CVar [[r.SSS.Quality:1]]
[2022.03.11-20.24.38:699][  0]LogConfig: Setting CVar [[r.SSS.HalfRes:0]]
[2022.03.11-20.24.38:699][  0]LogConfig: Setting CVar [[r.SSGI.Quality:3]]
[2022.03.11-20.24.38:699][  0]LogConfig: Setting CVar [[r.EmitterSpawnRateScale:1.0]]
[2022.03.11-20.24.38:699][  0]LogConfig: Setting CVar [[r.ParticleLightQuality:2]]
[2022.03.11-20.24.38:699][  0]LogConfig: Setting CVar [[r.SkyAtmosphere.AerialPerspectiveLUT.FastApplyOnOpaque:1 ; Always have FastSkyLUT 1 in this case to avoid wrong sky]]
[2022.03.11-20.24.38:699][  0]LogConfig: Setting CVar [[r.SkyAtmosphere.AerialPerspectiveLUT.SampleCountMaxPerSlice:4]]
[2022.03.11-20.24.38:699][  0]LogConfig: Setting CVar [[r.SkyAtmosphere.AerialPerspectiveLUT.DepthResolution:16.0]]
[2022.03.11-20.24.38:699][  0]LogConfig: Setting CVar [[r.SkyAtmosphere.FastSkyLUT:1]]
[2022.03.11-20.24.38:699][  0]LogConfig: Setting CVar [[r.SkyAtmosphere.FastSkyLUT.SampleCountMin:4.0]]
[2022.03.11-20.24.38:699][  0]LogConfig: Setting CVar [[r.SkyAtmosphere.FastSkyLUT.SampleCountMax:128.0]]
[2022.03.11-20.24.38:699][  0]LogConfig: Setting CVar [[r.SkyAtmosphere.SampleCountMin:4.0]]
[2022.03.11-20.24.38:699][  0]LogConfig: Setting CVar [[r.SkyAtmosphere.SampleCountMax:128.0]]
[2022.03.11-20.24.38:699][  0]LogConfig: Setting CVar [[r.SkyAtmosphere.TransmittanceLUT.UseSmallFormat:0]]
[2022.03.11-20.24.38:699][  0]LogConfig: Setting CVar [[r.SkyAtmosphere.TransmittanceLUT.SampleCount:10.0]]
[2022.03.11-20.24.38:699][  0]LogConfig: Setting CVar [[r.SkyAtmosphere.MultiScatteringLUT.SampleCount:15.0]]
[2022.03.11-20.24.38:699][  0]LogConfig: Setting CVar [[r.SkyLight.RealTimeReflectionCapture:1]]
[2022.03.11-20.24.38:699][  0]LogConfig: Applying CVar settings from Section [FoliageQuality@3] File [C:/Users/camer/Documents/Github/GameProjects/CoopGame/Saved/Config/Windows/Scalability.ini]
[2022.03.11-20.24.38:699][  0]LogConfig: Setting CVar [[foliage.DensityScale:1.0]]
[2022.03.11-20.24.38:699][  0]LogConfig: Setting CVar [[grass.DensityScale:1.0]]
[2022.03.11-20.24.38:699][  0]LogConfig: Applying CVar settings from Section [ShadingQuality@3] File [C:/Users/camer/Documents/Github/GameProjects/CoopGame/Saved/Config/Windows/Scalability.ini]
[2022.03.11-20.24.38:699][  0]LogConfig: Setting CVar [[r.HairStrands.SkyLighting.IntegrationType:2]]
[2022.03.11-20.24.38:699][  0]LogConfig: Setting CVar [[r.HairStrands.SkyAO.SampleCount:4]]
[2022.03.11-20.24.38:699][  0]LogConfig: Setting CVar [[r.HairStrands.Visibility.MSAA.SamplePerPixel:4]]
[2022.03.11-20.24.38:699][  0]LogConfig: Applying CVar settings from Section [Startup] File [../../../Engine/Config/ConsoleVariables.ini]
[2022.03.11-20.24.38:699][  0]LogConfig: Setting CVar [[net.UseAdaptiveNetUpdateFrequency:0]]
[2022.03.11-20.24.38:699][  0]LogConfig: Setting CVar [[p.chaos.AllowCreatePhysxBodies:1]]
[2022.03.11-20.24.38:699][  0]LogConfig: Setting CVar [[fx.SkipVectorVMBackendOptimizations:1]]
[2022.03.11-20.24.38:700][  0]LogConfig: Applying CVar settings from Section [ConsoleVariables] File [C:/Users/camer/Documents/Github/GameProjects/CoopGame/Saved/Config/Windows/Engine.ini]
[2022.03.11-20.24.38:700][  0]LogConfig: Applying CVar settings from Section [ConsoleVariables] File [C:/Users/camer/Documents/Github/GameProjects/CoopGame/Saved/Config/Windows/Editor.ini]
[2022.03.11-20.24.38:700][  0]LogInit: Computer: DESKTOP-EK80505
[2022.03.11-20.24.38:700][  0]LogInit: User: camer
[2022.03.11-20.24.38:700][  0]LogInit: CPU Page size=4096, Cores=8
[2022.03.11-20.24.38:700][  0]LogInit: High frequency timer resolution =10.000000 MHz
[2022.03.11-20.24.38:700][  0]LogMemory: Memory total: Physical=31.8GB (32GB approx)
[2022.03.11-20.24.38:700][  0]LogMemory: Platform Memory Stats for Windows
[2022.03.11-20.24.38:700][  0]LogMemory: Process Physical Memory: 147.02 MB used, 147.03 MB peak
[2022.03.11-20.24.38:700][  0]LogMemory: Process Virtual Memory: 131.25 MB used, 131.25 MB peak
[2022.03.11-20.24.38:700][  0]LogMemory: Physical Memory: 17050.67 MB used,  15560.77 MB free, 32611.44 MB total
[2022.03.11-20.24.38:700][  0]LogMemory: Virtual Memory: 134202968.00 MB used,  14758.66 MB free, 134217728.00 MB total
[2022.03.11-20.24.38:712][  0]LogWindows: WindowsPlatformFeatures enabled
[2022.03.11-20.24.38:813][  0]LogInit: Physics initialised using underlying interface: PhysX
[2022.03.11-20.24.38:815][  0]LogInit: Using OS detected language (fr-FR).
[2022.03.11-20.24.38:815][  0]LogInit: Using OS detected locale (fr-FR).
[2022.03.11-20.24.38:820][  0]LogTextLocalizationManager: No specific localization for 'fr-FR' exists, so the 'fr' localization will be used.
[2022.03.11-20.24.38:820][  0]LogTextLocalizationResource: LocRes '../../../Engine/Content/Localization/Editor/fr/Editor.locres' could not be opened for reading!
[2022.03.11-20.24.38:820][  0]LogTextLocalizationResource: LocRes '../../../Engine/Content/Localization/EditorTutorials/fr/EditorTutorials.locres' could not be opened for reading!
[2022.03.11-20.24.38:820][  0]LogTextLocalizationResource: LocRes '../../../Engine/Content/Localization/Keywords/fr/Keywords.locres' could not be opened for reading!
[2022.03.11-20.24.38:820][  0]LogTextLocalizationResource: LocRes '../../../Engine/Content/Localization/Category/fr/Category.locres' could not be opened for reading!
[2022.03.11-20.24.38:820][  0]LogTextLocalizationResource: LocRes '../../../Engine/Content/Localization/ToolTips/fr/ToolTips.locres' could not be opened for reading!
[2022.03.11-20.24.38:820][  0]LogTextLocalizationResource: LocRes '../../../Engine/Content/Localization/PropertyNames/fr/PropertyNames.locres' could not be opened for reading!
[2022.03.11-20.24.38:821][  0]LogTextLocalizationResource: LocRes '../../../Engine/Content/Localization/Engine/fr/Engine.locres' could not be opened for reading!
[2022.03.11-20.24.38:821][  0]LogInit: Setting process to per monitor DPI aware
[2022.03.11-20.24.38:837][  0]LogWindowsTextInputMethodSystem: Display: IME system deactivated.
[2022.03.11-20.24.38:861][  0]LogSlate: New Slate User Created.  User Index 0, Is Virtual User: 0
[2022.03.11-20.24.38:861][  0]LogSlate: Slate User Registered.  User Index 0, Is Virtual User: 0
[2022.03.11-20.24.38:938][  0]LogD3D11RHI: Loaded GFSDK_Aftermath_Lib.x64.dll
[2022.03.11-20.24.38:941][  0]LogHMD: Failed to initialize OpenVR with code 110
[2022.03.11-20.24.38:942][  0]LogD3D11RHI: D3D11 min allowed feature level: 11_0
[2022.03.11-20.24.38:942][  0]LogD3D11RHI: D3D11 max allowed feature level: 11_0
[2022.03.11-20.24.38:942][  0]LogD3D11RHI: D3D11 adapters:
[2022.03.11-20.24.39:043][  0]LogD3D11RHI:    0. 'NVIDIA GeForce RTX 2080 Ti' (Feature Level 11_0)
[2022.03.11-20.24.39:043][  0]LogD3D11RHI:       11049/0/16305 MB DedicatedVideo/DedicatedSystem/SharedSystem, Outputs:1, VendorId:0x10de
[2022.03.11-20.24.39:121][  0]LogD3D11RHI:    1. 'NVIDIA GeForce RTX 2080' (Feature Level 11_0)
[2022.03.11-20.24.39:121][  0]LogD3D11RHI:       8010/0/16305 MB DedicatedVideo/DedicatedSystem/SharedSystem, Outputs:2, VendorId:0x10de
[2022.03.11-20.24.39:124][  0]LogD3D11RHI:    2. 'Microsoft Basic Render Driver' (Feature Level 11_0)
[2022.03.11-20.24.39:124][  0]LogD3D11RHI:       0/0/16305 MB DedicatedVideo/DedicatedSystem/SharedSystem, Outputs:0, VendorId:0x1414
[2022.03.11-20.24.39:124][  0]LogD3D11RHI: Chosen D3D11 Adapter:
[2022.03.11-20.24.39:124][  0]LogD3D11RHI:     Description : NVIDIA GeForce RTX 2080 Ti
[2022.03.11-20.24.39:124][  0]LogD3D11RHI:     VendorId    : 10de
[2022.03.11-20.24.39:124][  0]LogD3D11RHI:     DeviceId    : 1e07
[2022.03.11-20.24.39:124][  0]LogD3D11RHI:     SubSysId    : 12a410de
[2022.03.11-20.24.39:124][  0]LogD3D11RHI:     Revision    : 00a1
[2022.03.11-20.24.39:124][  0]LogD3D11RHI:     DedicatedVideoMemory : 11585716224 bytes
[2022.03.11-20.24.39:124][  0]LogD3D11RHI:     DedicatedSystemMemory : 0 bytes
[2022.03.11-20.24.39:124][  0]LogD3D11RHI:     SharedSystemMemory : 17097785344 bytes
[2022.03.11-20.24.39:124][  0]LogD3D11RHI:     AdapterLuid : 0 80726
[2022.03.11-20.24.39:130][  0]LogD3D11RHI: Creating new Direct3DDevice
[2022.03.11-20.24.39:130][  0]LogD3D11RHI:     GPU DeviceId: 0x1e07 (for the marketing name, search the web for "GPU Device Id")
[2022.03.11-20.24.39:130][  0]LogWindows: EnumDisplayDevices:
[2022.03.11-20.24.39:131][  0]LogWindows:    0. 'NVIDIA GeForce RTX 2080 Ti' (P:1 D:1)
[2022.03.11-20.24.39:131][  0]LogWindows:    1. 'NVIDIA GeForce RTX 2080 Ti' (P:0 D:0)
[2022.03.11-20.24.39:131][  0]LogWindows:    2. 'NVIDIA GeForce RTX 2080 Ti' (P:0 D:0)
[2022.03.11-20.24.39:131][  0]LogWindows:    3. 'NVIDIA GeForce RTX 2080 Ti' (P:0 D:0)
[2022.03.11-20.24.39:131][  0]LogWindows:    4. 'NVIDIA GeForce RTX 2080' (P:0 D:1)
[2022.03.11-20.24.39:131][  0]LogWindows:    5. 'NVIDIA GeForce RTX 2080' (P:0 D:0)
[2022.03.11-20.24.39:131][  0]LogWindows:    6. 'NVIDIA GeForce RTX 2080' (P:0 D:1)
[2022.03.11-20.24.39:132][  0]LogWindows:    7. 'NVIDIA GeForce RTX 2080' (P:0 D:0)
[2022.03.11-20.24.39:132][  0]LogWindows: DebugString: PrimaryIsNotTheChoosenAdapter PrimaryIsNotTheChoosenAdapter PrimaryIsNotTheChoosenAdapter PrimaryIsNotTheChoosenAdapter FoundDriverCount:4 
[2022.03.11-20.24.39:132][  0]LogD3D11RHI:     Adapter Name: NVIDIA GeForce RTX 2080 Ti
[2022.03.11-20.24.39:132][  0]LogD3D11RHI:   Driver Version: 511.79 (internal:30.0.15.1179, unified:511.79)
[2022.03.11-20.24.39:132][  0]LogD3D11RHI:      Driver Date: 2-10-2022
[2022.03.11-20.24.39:132][  0]LogRHI: Texture pool is 7734 MB (70% of 11049 MB)
[2022.03.11-20.24.39:132][  0]LogD3D11RHI: Creating D3DDevice using adapter:
[2022.03.11-20.24.39:132][  0]LogD3D11RHI:     Description : NVIDIA GeForce RTX 2080 Ti
[2022.03.11-20.24.39:132][  0]LogD3D11RHI:     VendorId    : 10de
[2022.03.11-20.24.39:132][  0]LogD3D11RHI:     DeviceId    : 1e07
[2022.03.11-20.24.39:132][  0]LogD3D11RHI:     SubSysId    : 12a410de
[2022.03.11-20.24.39:132][  0]LogD3D11RHI:     Revision    : 00a1
[2022.03.11-20.24.39:132][  0]LogD3D11RHI:     DedicatedVideoMemory : 11585716224 bytes
[2022.03.11-20.24.39:132][  0]LogD3D11RHI:     DedicatedSystemMemory : 0 bytes
[2022.03.11-20.24.39:132][  0]LogD3D11RHI:     SharedSystemMemory : 17097785344 bytes
[2022.03.11-20.24.39:132][  0]LogD3D11RHI:     AdapterLuid : 0 80726
[2022.03.11-20.24.39:182][  0]LogD3D11RHI: RHI has support for 64 bit atomics
[2022.03.11-20.24.39:182][  0]LogD3D11RHI: Async texture creation enabled
[2022.03.11-20.24.39:182][  0]LogD3D11RHI: Array index from any shader is supported
[2022.03.11-20.24.39:201][  0]LogD3D11RHI: GPU Timing Frequency: 1000.000000 (Debug: 2 2)
[2022.03.11-20.24.39:219][  0]LogRHI: GeForceNow SDK initialized: 1
[2022.03.11-20.24.39:416][  0]LogTargetPlatformManager: Display: Loaded TargetPlatform 'AllDesktop'
[2022.03.11-20.24.39:431][  0]LogTargetPlatformManager: Display: Loaded TargetPlatform 'Android'
[2022.03.11-20.24.39:432][  0]LogTargetPlatformManager: Display: Loaded TargetPlatform 'Android_ASTC'
[2022.03.11-20.24.39:432][  0]LogTargetPlatformManager: Display: Loaded TargetPlatform 'Android_DXT'
[2022.03.11-20.24.39:432][  0]LogTargetPlatformManager: Display: Loaded TargetPlatform 'Android_ETC2'
[2022.03.11-20.24.39:432][  0]LogTargetPlatformManager: Display: Loaded TargetPlatform 'AndroidClient'
[2022.03.11-20.24.39:432][  0]LogTargetPlatformManager: Display: Loaded TargetPlatform 'Android_ASTCClient'
[2022.03.11-20.24.39:432][  0]LogTargetPlatformManager: Display: Loaded TargetPlatform 'Android_DXTClient'
[2022.03.11-20.24.39:432][  0]LogTargetPlatformManager: Display: Loaded TargetPlatform 'Android_ETC2Client'
[2022.03.11-20.24.39:432][  0]LogTargetPlatformManager: Display: Loaded TargetPlatform 'Android_Multi'
[2022.03.11-20.24.39:432][  0]LogTargetPlatformManager: Display: Loaded TargetPlatform 'Android_MultiClient'
[2022.03.11-20.24.39:449][  0]LogTargetPlatformManager: Display: Loaded TargetPlatform 'IOSClient'
[2022.03.11-20.24.39:449][  0]LogTargetPlatformManager: Display: Loaded TargetPlatform 'IOS'
[2022.03.11-20.24.39:454][  0]LogTargetPlatformManager: Display: Loaded TargetPlatform 'Linux'
[2022.03.11-20.24.39:458][  0]LogTargetPlatformManager: Display: Loaded TargetPlatform 'LinuxNoEditor'
[2022.03.11-20.24.39:462][  0]LogTargetPlatformManager: Display: Loaded TargetPlatform 'LinuxClient'
[2022.03.11-20.24.39:465][  0]LogTargetPlatformManager: Display: Loaded TargetPlatform 'LinuxServer'
[2022.03.11-20.24.39:472][  0]LogTargetPlatformManager: Display: Loaded TargetPlatform 'LinuxAArch64NoEditor'
[2022.03.11-20.24.39:475][  0]LogTargetPlatformManager: Display: Loaded TargetPlatform 'LinuxAArch64Client'
[2022.03.11-20.24.39:479][  0]LogTargetPlatformManager: Display: Loaded TargetPlatform 'LinuxAArch64Server'
[2022.03.11-20.24.39:495][  0]LogTargetPlatformManager: Display: Loaded TargetPlatform 'Lumin'
[2022.03.11-20.24.39:495][  0]LogTargetPlatformManager: Display: Loaded TargetPlatform 'LuminClient'
[2022.03.11-20.24.39:502][  0]LogTargetPlatformManager: Display: Loaded TargetPlatform 'MacNoEditor'
[2022.03.11-20.24.39:506][  0]LogTargetPlatformManager: Display: Loaded TargetPlatform 'Mac'
[2022.03.11-20.24.39:509][  0]LogTargetPlatformManager: Display: Loaded TargetPlatform 'MacClient'
[2022.03.11-20.24.39:513][  0]LogTargetPlatformManager: Display: Loaded TargetPlatform 'MacServer'
[2022.03.11-20.24.39:520][  0]LogTargetPlatformManager: Display: Loaded TargetPlatform 'TVOSClient'
[2022.03.11-20.24.39:520][  0]LogTargetPlatformManager: Display: Loaded TargetPlatform 'TVOS'
[2022.03.11-20.24.39:526][  0]LogTargetPlatformManager: Display: Loaded TargetPlatform 'WindowsNoEditor'
[2022.03.11-20.24.39:530][  0]LogTargetPlatformManager: Display: Loaded TargetPlatform 'Windows'
[2022.03.11-20.24.39:534][  0]LogTargetPlatformManager: Display: Loaded TargetPlatform 'WindowsClient'
[2022.03.11-20.24.39:538][  0]LogTargetPlatformManager: Display: Loaded TargetPlatform 'WindowsServer'
[2022.03.11-20.24.39:538][  0]LogTargetPlatformManager: Display: Building Assets For Windows
[2022.03.11-20.24.39:546][  0]LogAudioDebug: Display: Lib vorbis DLL was dynamically loaded.
[2022.03.11-20.24.39:575][  0]LogTextureFormatOodle: Display: Oodle Texture 2.9.0 init RDO Off
[2022.03.11-20.24.39:609][  0]LogRendererCore: Ray tracing is disabled. Reason: r.RayTracing=0.
[2022.03.11-20.24.39:609][  0]LogShaderCompilers: Guid format shader working directory is -23 characters bigger than the processId version (../../../../../../Users/camer/Documents/Github/GameProjects/CoopGame/Intermediate/Shaders/WorkingDirectory/18236/).
[2022.03.11-20.24.39:609][  0]LogShaderCompilers: Cleaned the shader compiler working directory 'C:/Users/camer/AppData/Local/Temp/UnrealShaderWorkingDir/494B85BB44DBA606FAFAD2A17F4B1B19/'.
[2022.03.11-20.24.39:609][  0]LogXGEController: Cannot use XGE Controller as Incredibuild is not installed on this machine.
[2022.03.11-20.24.39:610][  0]LogShaderCompilers: Cannot use XGE Shader Compiler as Incredibuild is not installed on this machine.
[2022.03.11-20.24.39:610][  0]LogShaderCompilers: Display: Using Local Shader Compiler.
[2022.03.11-20.24.40:135][  0]LogDerivedDataCache: Display: Max Cache Size: 512 MB
[2022.03.11-20.24.40:173][  0]LogDerivedDataCache: Loaded boot cache 0.04s 96MB C:/Users/camer/AppData/Local/UnrealEngine/4.27/DerivedDataCache/Boot.ddc.
[2022.03.11-20.24.40:173][  0]LogDerivedDataCache: Display: Loaded Boot cache: C:/Users/camer/AppData/Local/UnrealEngine/4.27/DerivedDataCache/Boot.ddc
[2022.03.11-20.24.40:174][  0]LogDerivedDataCache: FDerivedDataBackendGraph:  Pak pak cache file ../../../../../../Users/camer/Documents/Github/GameProjects/CoopGame/DerivedDataCache/DDC.ddp not found, will not use a pak cache.
[2022.03.11-20.24.40:174][  0]LogDerivedDataCache: Unable to find inner node Pak for hierarchical cache Hierarchy.
[2022.03.11-20.24.40:174][  0]LogDerivedDataCache: FDerivedDataBackendGraph:  CompressedPak pak cache file ../../../../../../Users/camer/Documents/Github/GameProjects/CoopGame/DerivedDataCache/Compressed.ddp not found, will not use a pak cache.
[2022.03.11-20.24.40:174][  0]LogDerivedDataCache: Unable to find inner node CompressedPak for hierarchical cache Hierarchy.
[2022.03.11-20.24.40:186][  0]LogDerivedDataCache: Display: Pak cache opened for reading ../../../Engine/DerivedDataCache/Compressed.ddp.
[2022.03.11-20.24.40:186][  0]LogDerivedDataCache: FDerivedDataBackendGraph:  EnterprisePak pak cache file ../../../Enterprise/DerivedDataCache/Compressed.ddp not found, will not use a pak cache.
[2022.03.11-20.24.40:186][  0]LogDerivedDataCache: Unable to find inner node EnterprisePak for hierarchical cache Hierarchy.
[2022.03.11-20.24.40:190][  0]LogDerivedDataCache: Speed tests for C:/Users/camer/AppData/Local/UnrealEngine/Common/DerivedDataCache took 0.00 seconds
[2022.03.11-20.24.40:190][  0]LogDerivedDataCache: Display: Performance to C:/Users/camer/AppData/Local/UnrealEngine/Common/DerivedDataCache: Latency=0.02ms. RandomReadSpeed=2394.87MBs, RandomWriteSpeed=269.96MBs. Assigned SpeedClass 'Local'
[2022.03.11-20.24.40:192][  0]LogDerivedDataCache: Using Local data cache path C:/Users/camer/AppData/Local/UnrealEngine/Common/DerivedDataCache: Writable
[2022.03.11-20.24.40:192][  0]LogDerivedDataCache: Shared data cache path not found in *engine.ini, will not use an Shared cache.
[2022.03.11-20.24.40:192][  0]LogDerivedDataCache: Unable to find inner node Shared for hierarchical cache Hierarchy.
[2022.03.11-20.24.40:223][  0]LogSlate: Using FreeType 2.10.0
[2022.03.11-20.24.40:223][  0]LogSlate: SlateFontServices - WITH_FREETYPE: 1, WITH_HARFBUZZ: 1
[2022.03.11-20.24.40:240][  0]LogAssetRegistry: FAssetRegistry took 0.0036 seconds to start up
[2022.03.11-20.24.40:388][  0]LogInit: Selected Device Profile: [Windows]
[2022.03.11-20.24.40:389][  0]LogInit: Active device profile: [0000019AD0823600][0000019AC6FE3780 49] Windows
[2022.03.11-20.24.40:389][  0]LogInit: Profiles: [0000019AD0823600][0000019AC6FE3780 49] Windows, [0000019AD07D4C00][0000019ACE7ED900 49] WindowsNoEditor, [0000019AD0820C00][0000019ACE7F1A80 49] WindowsServer, [0000019AD07D6E00][0000019ACE7F5C00 49] WindowsClient, [0000019AD0822D00][0000019ACE7F8200 49] IOS, [0000019AD07D5500][0000019ACE7FC380 49] iPadAir, [0000019AD0821400][0000019ACE800500 49] iPadAir2, [0000019AD0787D00][0000019AC6504780 49] IPadPro, [0000019AD0787E00][0000019ACE8047C0 49] iPadAir3, [0000019AD0822700][0000019ACE808900 49] iPadAir4, [0000019AD0785100][0000019ACE80CA40 49] iPadMini2, [0000019AD0821900][0000019ACE810B80 49] iPadMini3, [0000019AD0786800][0000019ACE818D00 49] iPadMini4, [0000019AD0823800][0000019ACE81CE80 49] iPadMini5, [0000019AD07CF600][0000019ACE825140 49] iPhone6, [0000019AD07CF700][0000019ACE821180 49] iPodTouch6, [0000019AD0784100][0000019ACE82D440 49] iPhone7, [0000019AD0785200][0000019ACE829480 49] iPodTouch7, [0000019AD07CD000][0000019ACE831600 49] iPhone5S, [0000019AD0786900][0000019ACE835780 49] iPhone6Plus, [0000019AD07CE900][0000019ACE839900 49] iPhone6S, [0000019AD0784E00][0000019ACE83DA80 49] iPhone6SPlus, [0000019AD07CD800][0000019ACE841C00 49] iPhone7Plus, [0000019AD0786200][0000019ACE844200 49] iPhoneSE, [0000019AD07CE100][0000019ACE848380 49] iPhone8, [0000019AD0787900][0000019ACE84C500 49] iPhone8Plus, [0000019AD07CCF00][0000019AD0AB2680 49] iPhoneX, [0000019AD0784300][0000019AD0AB6800 49] iPhoneXS, [0000019AD07CD200][0000019ACE814940 49] iPhoneXSMax, [0000019AD0784B00][0000019AD0ABAA80 49] iPhoneXR, [0000019AD07CE000][0000019AD0ABEBC0 49] iPhone11, [0000019AD0785B00][0000019AD0AC2D00 49] iPhone11Pro, [0000019AD07CF000][0000019AD0ACAE80 49] iPhone11ProMax, [0000019AD0787A00][0000019AD0ACF000 49] iPhoneSE2, [0000019AD07CD500][0000019AD0AD3180 49] iPhone12Mini, [0000019AD0787600][0000019AD0AD7300 49] iPhone12, [0000019AD07CF800][0000019AD0AE7480 49] iPhone12Pro, [0000019AD0784900][0000019AD0B57600 49] iPhone12ProMax, [0000019AD07CE200][0000019AD0B6D780 49] iPadPro105, [0000019AD0786A00][0000019AD0BED900 49] iPadPro129, [0000019AD07CD100][0000019AD0C49A80 49] iPadPro97, [0000019AD0784F00][0000019AD0C4DC00 49] iPadPro2_129, [0000019AD07CD300][0000019AD0C50200 49] iPad5, [0000019AD0785D00][0000019AD0C54380 49] iPad6, [0000019AD07CF400][0000019AD0C58500 49] iPad7, [0000019AD0784D00][0000019AD0C5C680 49] iPad8, [0000019AD07CE300][0000019ACD3F8800 49] iPadPro11, [0000019AD0784C00][0000019ACD400980 49] iPadPro2_11, [0000019AD07CFA00][0000019ACD404B00 49] iPadPro3_129, [0000019AD0786700][0000019AD0AC6C40 49] iPadPro4_129, [0000019AD07CE700][0000019ACD42ED80 49] AppleTV, [0000019AD0785C00][0000019ACD436EC0 49] AppleTV4K, [0000019AD07CCE00][0000019AC578F040 49] TVOS, [0000019AD0787300][0000019AC57A31C0 49] Mac, [0000019AD07CDD00][0000019AC57B1340 49] MacClient, [0000019AD0785F00][0000019AD10434C0 49] MacNoEditor, [0000019AD07CE600][0000019AD1047640 49] MacServer, [0000019AD0786B00][0000019AD106B7C0 49] Linux, [0000019AD07CEB00][0000019ACE4A1940 49] LinuxAArch64, [0000019AD0784200][0000019ACE4A5AC0 49] LinuxNoEditor, [0000019AD07CDF00][0000019ACE4A80C0 49] LinuxAArch64NoEditor, [0000019AD0787C00][0000019AC575E240 49] LinuxClient, [0000019AD07CFB00][0000019ACE4AC3C0 49] LinuxAArch64Client, [0000019AD07D7400][0000019ACE4E0540 49] LinuxServer, [0000019AD0859F00][0000019ACE4E46C0 49] LinuxAArch64Server, [0000019AD07D7900][0000019ACE4E8840 49] Android, [0000019AD0858100][0000019ACE4F09C0 49] Android_Low, [0000019AD07D4A00][0000019AD0BE6B40 49] Android_Mid, [0000019AD085A600][0000019AD0C74CC0 49] Android_High, [0000019AD07D6700][0000019AC578AE00 49] Android_Default, [0000019AD085A000][0000019AD0C78F40 49] Android_Adreno4xx, [0000019AD07D7600][0000019AD0C81080 49] Android_Adreno5xx_Low, [0000019AD0859500][0000019AD0C851C0 49] Android_Adreno5xx, [0000019AD07D5D00][0000019AD0C8D340 49] Android_Adreno6xx, [0000019AD0858E00][0000019AD0C914C0 49] Android_Adreno6xx_Vulkan, [0000019AD07D6C00][0000019AD0C95640 49] Android_Mali_T6xx, [0000019AD0858800][0000019AD0C997C0 49] Android_Mali_T7xx, [0000019AD07D6400][0000019AD0C9D940 49] Android_Mali_T8xx, [0000019AD0858600][0000019AD0CA1AC0 49] Android_Mali_G71, [0000019AD07D4B00][0000019AD0CA40C0 49] Android_Mali_G72, [0000019AD085A200][0000019AD0CE2240 49] Android_Mali_G72_Vulkan, [0000019AD07CC100][0000019AD0CF23C0 49] Android_Mali_G76, [0000019AD0786F00][0000019AD0CF6540 49] Android_Mali_G76_Vulkan, [0000019AD07CF500][0000019AD0F086C0 49] Android_Mali_G77, [0000019AD0785900][0000019AD0F0C840 49] Android_Mali_G77_Vulkan, [0000019AD07CDC00][0000019AD11C89C0 49] Android_Mali_G78, [0000019AD0785800][0000019AD11CCB40 49] Android_Mali_G78_Vulkan, [0000019AD07CEC00][0000019AD11D4CC0 49] Android_Mali_G710, [0000019AD0784800][0000019AD11D8E40 49] Android_Mali_G710_Vulkan, [0000019AD0858700][0000019AD0C88F80 49] Android_Vulkan_SM5, [0000019AD0786600][0000019AD11E10C0 49] Android_PowerVR_G6xxx, [0000019AD0858D00][0000019AD104B200 49] Android_PowerVR_GT7xxx, [0000019AD0785A00][0000019AD104F340 49] Android_PowerVR_GE8xxx, [0000019AD0858900][0000019AD10574C0 49] Android_PowerVR_GM9xxx, [0000019AD0786E00][0000019AD1067640 49] Android_PowerVR_GM9xxx_Vulkan, [0000019AD0859400][0000019AD140D7C0 49] Android_TegraK1, [0000019AD0786500][0000019AD1411940 49] Android_Unknown_Vulkan, [0000019AD0858B00][0000019AD1415AC0 49] Lumin, [0000019AD0786000][0000019AD14180C0 49] Lumin_Desktop, [0000019AD0858F00][0000019AD141C240 49] HoloLens, 
[2022.03.11-20.24.40:486][  0]LogMeshReduction: Using QuadricMeshReduction for automatic static mesh reduction
[2022.03.11-20.24.40:486][  0]LogMeshReduction: Using SimplygonMeshReduction for automatic skeletal mesh reduction
[2022.03.11-20.24.40:486][  0]LogMeshReduction: Using ProxyLODMeshReduction for automatic mesh merging
[2022.03.11-20.24.40:486][  0]LogMeshReduction: No distributed automatic mesh merging module available
[2022.03.11-20.24.40:486][  0]LogMeshMerging: No distributed automatic mesh merging module available
[2022.03.11-20.24.40:502][  0]LogNetVersion: CoopGame 1.0.0, NetCL: 17155196, EngineNetVer: 17, GameNetVer: 0 (Checksum: 1455646965)
[2022.03.11-20.24.40:725][  0]LogTexture: Default maximum texture size for cubemaps generated from long-lat sources has been changed from 512 to unlimited. In order to preserve old behaiour for '/Engine/MapTemplates/Sky/DaylightAmbientCubemap.DaylightAmbientCubemap', its maximum texture size has been explicitly set to 512.
[2022.03.11-20.24.40:760][  0]LogHMD: PokeAHoleMaterial loaded successfully
[2022.03.11-20.24.40:763][  0]LogUObjectArray: 17178 objects as part of root set at end of initial load.
[2022.03.11-20.24.40:764][  0]LogUObjectAllocator: 4302048 out of 0 bytes used by permanent object pool.
[2022.03.11-20.24.40:764][  0]LogUObjectArray: CloseDisregardForGC: 0/0 objects in disregard for GC pool
[2022.03.11-20.24.40:982][  0]LogPython: Using Python 3.7.7
[2022.03.11-20.24.41:298][  0]LogNiagaraDebuggerClient: Niagara Debugger Client Initialized | Session: D54D742F42199A6E6EE3A88D31B04755 | Instance: 41D8661744F6F4DC14CBAC96D1E415BC (DESKTOP-EK80505-18236).
[2022.03.11-20.24.41:420][  0]LogUdpMessaging: Initializing bridge on interface 0.0.0.0:0 to multicast group 230.0.0.1:6666.
[2022.03.11-20.24.41:428][  0]LogTcpMessaging: Initializing TcpMessaging bridge
[2022.03.11-20.24.41:587][  0]SourceControl: Source control is disabled
[2022.03.11-20.24.41:587][  0]SourceControl: Source control is disabled
[2022.03.11-20.24.41:591][  0]SourceControl: Source control is disabled
[2022.03.11-20.24.41:594][  0]SourceControl: Source control is disabled
[2022.03.11-20.24.41:602][  0]SourceControl: Source control is disabled
[2022.03.11-20.24.41:620][  0]LogUProjectInfo: Found projects:
[2022.03.11-20.24.41:761][  0]LogOpenImageDenoise: OIDN starting up
[2022.03.11-20.24.41:842][  0]LogAndroidPermission: UAndroidPermissionCallbackProxy::GetInstance
[2022.03.11-20.24.41:860][  0]LogAudioCaptureCore: Display: No Audio Capture implementations found. Audio input will be silent.
[2022.03.11-20.24.41:860][  0]LogAudioCaptureCore: Display: No Audio Capture implementations found. Audio input will be silent.
[2022.03.11-20.24.41:956][  0]LogCollectionManager: Loaded 0 collections in 0.001052 seconds
[2022.03.11-20.24.41:981][  0]LogFileCache: Scanning file cache for directory 'C:/Users/camer/Documents/Github/GameProjects/CoopGame/Saved/Collections/' took 0.00s
[2022.03.11-20.24.41:981][  0]LogFileCache: Scanning file cache for directory 'C:/Users/camer/Documents/Github/GameProjects/CoopGame/Content/Developers/camer/Collections/' took 0.00s
[2022.03.11-20.24.41:981][  0]LogFileCache: Scanning file cache for directory 'C:/Users/camer/Documents/Github/GameProjects/CoopGame/Content/Collections/' took 0.00s
[2022.03.11-20.24.41:981][  0]LogOcInput: OculusInput pre-init called
[2022.03.11-20.24.42:138][  0]LogEngine: Initializing Engine...
[2022.03.11-20.24.42:140][  0]LogHMD: Failed to enumerate extensions. Please check that you have a valid OpenXR runtime installed.
[2022.03.11-20.24.42:140][  0]LogHMD: Failed to initialize OpenVR with code 110
[2022.03.11-20.24.42:140][  0]LogMagicLeap: Warning: VR disabled because ZI is not enabled.  To enable, in the editor, Edit -> Project Settings -> Plugins -> Magic Leap Plugin -> Enable Zero Iteration
[2022.03.11-20.24.42:141][  0]LogStats: UGameplayTagsManager::InitializeManager -  0.000 s
[2022.03.11-20.24.42:220][  0]LogInit: Initializing FReadOnlyCVARCache
[2022.03.11-20.24.42:227][  0]LogAIModule: Creating AISystem for world Untitled
[2022.03.11-20.24.42:233][  0]LogAudio: Display: Initializing Audio Device Manager...
[2022.03.11-20.24.42:237][  0]LogAudio: Display: Loading Default Audio Settings Objects...
[2022.03.11-20.24.42:237][  0]LogAudio: Display: No default SoundConcurrencyObject specified (or failed to load).
[2022.03.11-20.24.42:238][  0]LogAudio: Display: Audio Device Manager Initialized
[2022.03.11-20.24.42:238][  0]LogAudio: Display: Creating Audio Device:                 Id: 1, Scope: Shared, Realtime: True
[2022.03.11-20.24.42:238][  0]LogAudioMixer: Display: Audio Mixer Platform Settings:
[2022.03.11-20.24.42:238][  0]LogAudioMixer: Display: 	Sample Rate:						  48000
[2022.03.11-20.24.42:238][  0]LogAudioMixer: Display: 	Callback Buffer Frame Size Requested: 1024
[2022.03.11-20.24.42:238][  0]LogAudioMixer: Display: 	Callback Buffer Frame Size To Use:	  1024
[2022.03.11-20.24.42:238][  0]LogAudioMixer: Display: 	Number of buffers to queue:			  2
[2022.03.11-20.24.42:238][  0]LogAudioMixer: Display: 	Max Channels (voices):				  32
[2022.03.11-20.24.42:238][  0]LogAudioMixer: Display: 	Number of Async Source Workers:		  0
[2022.03.11-20.24.42:238][  0]LogAudio: Display: AudioDevice MaxSources: 32
[2022.03.11-20.24.42:238][  0]LogAudio: Display: Audio Spatialization Plugin: None (built-in).
[2022.03.11-20.24.42:238][  0]LogAudio: Display: Audio Reverb Plugin: None (built-in).
[2022.03.11-20.24.42:238][  0]LogAudio: Display: Audio Occlusion Plugin: None (built-in).
[2022.03.11-20.24.42:238][  0]LogAudioMixer: Display: Initializing audio mixer.
[2022.03.11-20.24.42:259][  0]LogAudioMixer: Display: 0: FrontLeft
[2022.03.11-20.24.42:259][  0]LogAudioMixer: Display: 1: FrontRight
[2022.03.11-20.24.42:259][  0]LogAudioMixer: Display: 2: FrontCenter
[2022.03.11-20.24.42:259][  0]LogAudioMixer: Display: 3: LowFrequency
[2022.03.11-20.24.42:259][  0]LogAudioMixer: Display: 4: BackLeft
[2022.03.11-20.24.42:259][  0]LogAudioMixer: Display: 5: BackRight
[2022.03.11-20.24.42:278][  0]LogAudioMixer: Display: Using Audio Device Haut-parleurs (Sound Blaster Z)
[2022.03.11-20.24.42:280][  0]LogAudioMixer: Display: Initializing Sound Submixes...
[2022.03.11-20.24.42:281][  0]LogAudioMixer: Display: Creating Master Submix 'MasterSubmixDefault'
[2022.03.11-20.24.42:281][  0]LogAudioMixer: Display: Creating Master Submix 'MasterReverbSubmixDefault'
[2022.03.11-20.24.42:282][  0]LogAudioMixer: Display: Creating Master Submix 'MasterEQSubmixDefault'
[2022.03.11-20.24.42:282][  0]LogAudioMixer: FMixerPlatformXAudio2::StartAudioStream() called
[2022.03.11-20.24.42:282][  0]LogAudioMixer: Display: Output buffers initialized: Frames=1024, Channels=6, Samples=6144
[2022.03.11-20.24.42:283][  0]LogAudioMixer: Display: Starting AudioMixerPlatformInterface::RunInternal()
[2022.03.11-20.24.42:283][  0]LogAudioMixer: Display: FMixerPlatformXAudio2::SubmitBuffer() called for the first time
[2022.03.11-20.24.42:283][  0]LogInit: FAudioDevice initialized.
[2022.03.11-20.24.42:283][  0]LogAudio: Display: Audio Device (ID: 1) registered with world 'Untitled'.
[2022.03.11-20.24.42:283][  0]LogNetVersion: Set ProjectVersion to 1.0.0.0. Version Checksum will be recalculated on next use.
[2022.03.11-20.24.42:331][  0]LogDerivedDataCache: Saved boot cache 0.05s 96MB C:/Users/camer/AppData/Local/UnrealEngine/4.27/DerivedDataCache/Boot.ddc.
[2022.03.11-20.24.42:332][  0]LogInit: Texture streaming: Enabled
[2022.03.11-20.24.42:344][  0]LogAnalytics: Display: [UEEditor.Rocket.Release] APIServer = https://datarouter.ol.epicgames.com/. AppVersion = 4.27.2-18319896+++UE4+Release-4.27
[2022.03.11-20.24.42:347][  0]LogEngineSessionManager: EngineSessionManager initialized
[2022.03.11-20.24.42:347][  0]LogEditorSessionSummary: Verbose: Initializing EditorSessionSummaryWriter for editor session tracking
[2022.03.11-20.24.42:348][  0]LogEditorSessionSummary: EditorSessionSummaryWriter initialized
[2022.03.11-20.24.42:365][  0]LogInit: Transaction tracking system initialized
[2022.03.11-20.24.42:385][  0]BlueprintLog: New page: Editor Load
[2022.03.11-20.24.42:442][  0]LocalizationService: Localization service is disabled
[2022.03.11-20.24.42:463][  0]TimingProfiler: Initialize
[2022.03.11-20.24.42:463][  0]TimingProfiler: OnSessionChanged
[2022.03.11-20.24.42:463][  0]LoadingProfiler: Initialize
[2022.03.11-20.24.42:463][  0]LoadingProfiler: OnSessionChanged
[2022.03.11-20.24.42:463][  0]NetworkingProfiler: Initialize
[2022.03.11-20.24.42:464][  0]NetworkingProfiler: OnSessionChanged
[2022.03.11-20.24.42:464][  0]MemoryProfiler: Initialize
[2022.03.11-20.24.42:464][  0]MemoryProfiler: OnSessionChanged
[2022.03.11-20.24.42:563][  0]LogCook: Display: CookSettings for Memory: MemoryMaxUsedVirtual 0MiB, MemoryMaxUsedPhysical 16384MiB, MemoryMinFreeVirtual 0MiB, MemoryMinFreePhysical 1024MiB
[2022.03.11-20.24.42:563][  0]LogCook: Display: Mobile HDR setting 1
[2022.03.11-20.24.42:727][  0]LogFileCache: Scanning file cache for directory 'C:/Users/camer/Documents/Github/GameProjects/CoopGame/Content/' took 0.00s
[2022.03.11-20.24.42:831][  0]LogInit: Display: Engine is initialized. Leaving FEngineLoop::Init()
[2022.03.11-20.24.42:833][  0]SourceControl: Source control is disabled
[2022.03.11-20.24.42:833][  0]LogUnrealEdMisc: Loading editor; pre map load, took 5.112
[2022.03.11-20.24.42:834][  0]Cmd: MAP LOAD FILE="../../../../../../Users/camer/Documents/Github/GameProjects/CoopGame/Content/Maps/Playground.umap" TEMPLATE=0 SHOWPROGRESS=1 FEATURELEVEL=3
[2022.03.11-20.24.42:834][  0]LightingResults: New page: Lighting Build
[2022.03.11-20.24.42:835][  0]LogWorld: UWorld::CleanupWorld for Untitled, bSessionEnded=true, bCleanupResources=true
[2022.03.11-20.24.42:835][  0]LogSlate: InvalidateAllWidgets triggered.  All widgets were invalidated
[2022.03.11-20.24.42:835][  0]MapCheck: New page: Map Check
[2022.03.11-20.24.42:835][  0]LightingResults: New page: Lighting Build
[2022.03.11-20.24.42:838][  0]LogAudio: Display: Audio Device unregistered from world 'None'.
[2022.03.11-20.24.42:841][  0]LogUObjectHash: Compacting FUObjectHashTables data took   0.50ms
[2022.03.11-20.24.43:042][  0]LogAudio: Display: Audio Device (ID: 1) registered with world 'Playground'.
[2022.03.11-20.24.43:042][  0]LogAIModule: Creating AISystem for world Playground
[2022.03.11-20.24.43:049][  0]LogEditorServer: Finished looking for orphan Actors (0.000 secs)
[2022.03.11-20.24.43:054][  0]LogUObjectHash: Compacting FUObjectHashTables data took   0.57ms
[2022.03.11-20.24.43:054][  0]Cmd: MAP CHECKDEP NOCLEARLOG
[2022.03.11-20.24.43:054][  0]MapCheck: Map check complete: 0 Error(s), 0 Warning(s), took 0,114ms to complete.
[2022.03.11-20.24.43:054][  0]LogFileHelpers: Loading map 'Playground' took 0.221
[2022.03.11-20.24.43:056][  0]LogUnrealEdMisc: Total Editor Startup Time, took 5.335
[2022.03.11-20.24.43:163][  0]LogSlate: Updating window title bar state: overlay mode, drag disabled, window buttons hidden, title bar hidden
[2022.03.11-20.24.43:166][  0]LogSlate: Updating window title bar state: overlay mode, drag disabled, window buttons hidden, title bar hidden
[2022.03.11-20.24.43:170][  0]LogSlate: Updating window title bar state: overlay mode, drag disabled, window buttons hidden, title bar hidden
[2022.03.11-20.24.43:174][  0]LogSlate: Updating window title bar state: overlay mode, drag disabled, window buttons hidden, title bar hidden
[2022.03.11-20.24.43:183][  0]LogNativeClassHierarchy: Verbose: Native class hierarchy populated in 0.0062 seconds. Added 3827 classes and 932 folders.
[2022.03.11-20.24.43:186][  0]LogNativeClassHierarchy: Verbose: Native class hierarchy updated for 'WidgetCarousel' in 0.0002 seconds. Added 0 classes and 0 folders.
[2022.03.11-20.24.43:186][  0]LogPakFile: PakFile PrimaryIndexSize=187
[2022.03.11-20.24.43:187][  0]LogPakFile: PakFile PathHashIndexSize=101
[2022.03.11-20.24.43:187][  0]LogPakFile: PakFile FullDirectoryIndexSize=148
[2022.03.11-20.24.43:187][  0]LogShaderLibrary: Display: ShaderCodeLibraryPakFileMountedCallback: PakFile 'C:/Program Files/Epic Games/UE_4.27/FeaturePacks/FP_FirstPerson.upack' (chunk index -1, root 'root:/') mounted
[2022.03.11-20.24.43:187][  0]LogShaderLibrary: Display: ShaderCodeLibraryPakFileMountedCallback: pending pak file info (ChunkID:-1 Root:root:/ File:C:/Program Files/Epic Games/UE_4.27/FeaturePacks/FP_FirstPerson.upack)
[2022.03.11-20.24.43:187][  0]LogPakFile: OnPakFileMounted2Time == 0.000095
[2022.03.11-20.24.43:187][  0]LogPakFile: PakFile PrimaryIndexSize=189
[2022.03.11-20.24.43:187][  0]LogPakFile: PakFile PathHashIndexSize=101
[2022.03.11-20.24.43:187][  0]LogPakFile: PakFile FullDirectoryIndexSize=152
[2022.03.11-20.24.43:187][  0]LogShaderLibrary: Display: ShaderCodeLibraryPakFileMountedCallback: PakFile 'C:/Program Files/Epic Games/UE_4.27/FeaturePacks/FP_FirstPersonBP.upack' (chunk index -1, root 'root:/') mounted
[2022.03.11-20.24.43:187][  0]LogShaderLibrary: Display: ShaderCodeLibraryPakFileMountedCallback: pending pak file info (ChunkID:-1 Root:root:/ File:C:/Program Files/Epic Games/UE_4.27/FeaturePacks/FP_FirstPersonBP.upack)
[2022.03.11-20.24.43:187][  0]LogPakFile: OnPakFileMounted2Time == 0.000082
[2022.03.11-20.24.43:188][  0]LogPakFile: PakFile PrimaryIndexSize=191
[2022.03.11-20.24.43:188][  0]LogPakFile: PakFile PathHashIndexSize=101
[2022.03.11-20.24.43:188][  0]LogPakFile: PakFile FullDirectoryIndexSize=160
[2022.03.11-20.24.43:188][  0]LogShaderLibrary: Display: ShaderCodeLibraryPakFileMountedCallback: PakFile 'C:/Program Files/Epic Games/UE_4.27/FeaturePacks/MobileStarterContent.upack' (chunk index -1, root 'root:/') mounted
[2022.03.11-20.24.43:188][  0]LogShaderLibrary: Display: ShaderCodeLibraryPakFileMountedCallback: pending pak file info (ChunkID:-1 Root:root:/ File:C:/Program Files/Epic Games/UE_4.27/FeaturePacks/MobileStarterContent.upack)
[2022.03.11-20.24.43:188][  0]LogPakFile: OnPakFileMounted2Time == 0.000078
[2022.03.11-20.24.43:188][  0]LogPakFile: PakFile PrimaryIndexSize=185
[2022.03.11-20.24.43:188][  0]LogPakFile: PakFile PathHashIndexSize=101
[2022.03.11-20.24.43:188][  0]LogPakFile: PakFile FullDirectoryIndexSize=148
[2022.03.11-20.24.43:188][  0]LogShaderLibrary: Display: ShaderCodeLibraryPakFileMountedCallback: PakFile 'C:/Program Files/Epic Games/UE_4.27/FeaturePacks/StarterContent.upack' (chunk index -1, root 'root:/') mounted
[2022.03.11-20.24.43:188][  0]LogShaderLibrary: Display: ShaderCodeLibraryPakFileMountedCallback: pending pak file info (ChunkID:-1 Root:root:/ File:C:/Program Files/Epic Games/UE_4.27/FeaturePacks/StarterContent.upack)
[2022.03.11-20.24.43:188][  0]LogPakFile: OnPakFileMounted2Time == 0.000088
[2022.03.11-20.24.43:189][  0]LogPakFile: PakFile PrimaryIndexSize=190
[2022.03.11-20.24.43:189][  0]LogPakFile: PakFile PathHashIndexSize=101
[2022.03.11-20.24.43:189][  0]LogPakFile: PakFile FullDirectoryIndexSize=154
[2022.03.11-20.24.43:189][  0]LogShaderLibrary: Display: ShaderCodeLibraryPakFileMountedCallback: PakFile 'C:/Program Files/Epic Games/UE_4.27/FeaturePacks/TP_2DSideScroller.upack' (chunk index -1, root 'root:/') mounted
[2022.03.11-20.24.43:189][  0]LogShaderLibrary: Display: ShaderCodeLibraryPakFileMountedCallback: pending pak file info (ChunkID:-1 Root:root:/ File:C:/Program Files/Epic Games/UE_4.27/FeaturePacks/TP_2DSideScroller.upack)
[2022.03.11-20.24.43:189][  0]LogPakFile: OnPakFileMounted2Time == 0.000078
[2022.03.11-20.24.43:189][  0]LogPakFile: PakFile PrimaryIndexSize=192
[2022.03.11-20.24.43:189][  0]LogPakFile: PakFile PathHashIndexSize=101
[2022.03.11-20.24.43:189][  0]LogPakFile: PakFile FullDirectoryIndexSize=158
[2022.03.11-20.24.43:189][  0]LogShaderLibrary: Display: ShaderCodeLibraryPakFileMountedCallback: PakFile 'C:/Program Files/Epic Games/UE_4.27/FeaturePacks/TP_2DSideScrollerBP.upack' (chunk index -1, root 'root:/') mounted
[2022.03.11-20.24.43:189][  0]LogShaderLibrary: Display: ShaderCodeLibraryPakFileMountedCallback: pending pak file info (ChunkID:-1 Root:root:/ File:C:/Program Files/Epic Games/UE_4.27/FeaturePacks/TP_2DSideScrollerBP.upack)
[2022.03.11-20.24.43:189][  0]LogPakFile: OnPakFileMounted2Time == 0.000077
[2022.03.11-20.24.43:190][  0]LogPakFile: PakFile PrimaryIndexSize=182
[2022.03.11-20.24.43:190][  0]LogPakFile: PakFile PathHashIndexSize=101
[2022.03.11-20.24.43:190][  0]LogPakFile: PakFile FullDirectoryIndexSize=138
[2022.03.11-20.24.43:190][  0]LogShaderLibrary: Display: ShaderCodeLibraryPakFileMountedCallback: PakFile 'C:/Program Files/Epic Games/UE_4.27/FeaturePacks/TP_Flying.upack' (chunk index -1, root 'root:/') mounted
[2022.03.11-20.24.43:190][  0]LogShaderLibrary: Display: ShaderCodeLibraryPakFileMountedCallback: pending pak file info (ChunkID:-1 Root:root:/ File:C:/Program Files/Epic Games/UE_4.27/FeaturePacks/TP_Flying.upack)
[2022.03.11-20.24.43:190][  0]LogPakFile: OnPakFileMounted2Time == 0.000082
[2022.03.11-20.24.43:190][  0]LogPakFile: PakFile PrimaryIndexSize=184
[2022.03.11-20.24.43:190][  0]LogPakFile: PakFile PathHashIndexSize=101
[2022.03.11-20.24.43:190][  0]LogPakFile: PakFile FullDirectoryIndexSize=142
[2022.03.11-20.24.43:190][  0]LogShaderLibrary: Display: ShaderCodeLibraryPakFileMountedCallback: PakFile 'C:/Program Files/Epic Games/UE_4.27/FeaturePacks/TP_FlyingBP.upack' (chunk index -1, root 'root:/') mounted
[2022.03.11-20.24.43:190][  0]LogShaderLibrary: Display: ShaderCodeLibraryPakFileMountedCallback: pending pak file info (ChunkID:-1 Root:root:/ File:C:/Program Files/Epic Games/UE_4.27/FeaturePacks/TP_FlyingBP.upack)
[2022.03.11-20.24.43:190][  0]LogPakFile: OnPakFileMounted2Time == 0.000078
[2022.03.11-20.24.43:191][  0]LogPakFile: PakFile PrimaryIndexSize=188
[2022.03.11-20.24.43:191][  0]LogPakFile: PakFile PathHashIndexSize=101
[2022.03.11-20.24.43:191][  0]LogPakFile: PakFile FullDirectoryIndexSize=150
[2022.03.11-20.24.43:191][  0]LogShaderLibrary: Display: ShaderCodeLibraryPakFileMountedCallback: PakFile 'C:/Program Files/Epic Games/UE_4.27/FeaturePacks/TP_HandheldARBP.upack' (chunk index -1, root 'root:/') mounted
[2022.03.11-20.24.43:191][  0]LogShaderLibrary: Display: ShaderCodeLibraryPakFileMountedCallback: pending pak file info (ChunkID:-1 Root:root:/ File:C:/Program Files/Epic Games/UE_4.27/FeaturePacks/TP_HandheldARBP.upack)
[2022.03.11-20.24.43:191][  0]LogPakFile: OnPakFileMounted2Time == 0.000080
[2022.03.11-20.24.43:191][  0]LogPakFile: PakFile PrimaryIndexSize=182
[2022.03.11-20.24.43:191][  0]LogPakFile: PakFile PathHashIndexSize=101
[2022.03.11-20.24.43:191][  0]LogPakFile: PakFile FullDirectoryIndexSize=138
[2022.03.11-20.24.43:191][  0]LogShaderLibrary: Display: ShaderCodeLibraryPakFileMountedCallback: PakFile 'C:/Program Files/Epic Games/UE_4.27/FeaturePacks/TP_Puzzle.upack' (chunk index -1, root 'root:/') mounted
[2022.03.11-20.24.43:191][  0]LogShaderLibrary: Display: ShaderCodeLibraryPakFileMountedCallback: pending pak file info (ChunkID:-1 Root:root:/ File:C:/Program Files/Epic Games/UE_4.27/FeaturePacks/TP_Puzzle.upack)
[2022.03.11-20.24.43:191][  0]LogPakFile: OnPakFileMounted2Time == 0.000071
[2022.03.11-20.24.43:192][  0]LogPakFile: PakFile PrimaryIndexSize=184
[2022.03.11-20.24.43:192][  0]LogPakFile: PakFile PathHashIndexSize=101
[2022.03.11-20.24.43:192][  0]LogPakFile: PakFile FullDirectoryIndexSize=142
[2022.03.11-20.24.43:192][  0]LogShaderLibrary: Display: ShaderCodeLibraryPakFileMountedCallback: PakFile 'C:/Program Files/Epic Games/UE_4.27/FeaturePacks/TP_PuzzleBP.upack' (chunk index -1, root 'root:/') mounted
[2022.03.11-20.24.43:192][  0]LogShaderLibrary: Display: ShaderCodeLibraryPakFileMountedCallback: pending pak file info (ChunkID:-1 Root:root:/ File:C:/Program Files/Epic Games/UE_4.27/FeaturePacks/TP_PuzzleBP.upack)
[2022.03.11-20.24.43:192][  0]LogPakFile: OnPakFileMounted2Time == 0.000082
[2022.03.11-20.24.43:192][  0]LogPakFile: PakFile PrimaryIndexSize=183
[2022.03.11-20.24.43:192][  0]LogPakFile: PakFile PathHashIndexSize=101
[2022.03.11-20.24.43:192][  0]LogPakFile: PakFile FullDirectoryIndexSize=140
[2022.03.11-20.24.43:192][  0]LogShaderLibrary: Display: ShaderCodeLibraryPakFileMountedCallback: PakFile 'C:/Program Files/Epic Games/UE_4.27/FeaturePacks/TP_Rolling.upack' (chunk index -1, root 'root:/') mounted
[2022.03.11-20.24.43:192][  0]LogShaderLibrary: Display: ShaderCodeLibraryPakFileMountedCallback: pending pak file info (ChunkID:-1 Root:root:/ File:C:/Program Files/Epic Games/UE_4.27/FeaturePacks/TP_Rolling.upack)
[2022.03.11-20.24.43:192][  0]LogPakFile: OnPakFileMounted2Time == 0.000079
[2022.03.11-20.24.43:193][  0]LogPakFile: PakFile PrimaryIndexSize=185
[2022.03.11-20.24.43:193][  0]LogPakFile: PakFile PathHashIndexSize=101
[2022.03.11-20.24.43:193][  0]LogPakFile: PakFile FullDirectoryIndexSize=144
[2022.03.11-20.24.43:193][  0]LogShaderLibrary: Display: ShaderCodeLibraryPakFileMountedCallback: PakFile 'C:/Program Files/Epic Games/UE_4.27/FeaturePacks/TP_RollingBP.upack' (chunk index -1, root 'root:/') mounted
[2022.03.11-20.24.43:193][  0]LogShaderLibrary: Display: ShaderCodeLibraryPakFileMountedCallback: pending pak file info (ChunkID:-1 Root:root:/ File:C:/Program Files/Epic Games/UE_4.27/FeaturePacks/TP_RollingBP.upack)
[2022.03.11-20.24.43:193][  0]LogPakFile: OnPakFileMounted2Time == 0.000078
[2022.03.11-20.24.43:193][  0]LogPakFile: PakFile PrimaryIndexSize=188
[2022.03.11-20.24.43:193][  0]LogPakFile: PakFile PathHashIndexSize=101
[2022.03.11-20.24.43:193][  0]LogPakFile: PakFile FullDirectoryIndexSize=150
[2022.03.11-20.24.43:193][  0]LogShaderLibrary: Display: ShaderCodeLibraryPakFileMountedCallback: PakFile 'C:/Program Files/Epic Games/UE_4.27/FeaturePacks/TP_SideScroller.upack' (chunk index -1, root 'root:/') mounted
[2022.03.11-20.24.43:193][  0]LogShaderLibrary: Display: ShaderCodeLibraryPakFileMountedCallback: pending pak file info (ChunkID:-1 Root:root:/ File:C:/Program Files/Epic Games/UE_4.27/FeaturePacks/TP_SideScroller.upack)
[2022.03.11-20.24.43:193][  0]LogPakFile: OnPakFileMounted2Time == 0.000073
[2022.03.11-20.24.43:194][  0]LogPakFile: PakFile PrimaryIndexSize=190
[2022.03.11-20.24.43:194][  0]LogPakFile: PakFile PathHashIndexSize=101
[2022.03.11-20.24.43:194][  0]LogPakFile: PakFile FullDirectoryIndexSize=154
[2022.03.11-20.24.43:194][  0]LogShaderLibrary: Display: ShaderCodeLibraryPakFileMountedCallback: PakFile 'C:/Program Files/Epic Games/UE_4.27/FeaturePacks/TP_SideScrollerBP.upack' (chunk index -1, root 'root:/') mounted
[2022.03.11-20.24.43:194][  0]LogShaderLibrary: Display: ShaderCodeLibraryPakFileMountedCallback: pending pak file info (ChunkID:-1 Root:root:/ File:C:/Program Files/Epic Games/UE_4.27/FeaturePacks/TP_SideScrollerBP.upack)
[2022.03.11-20.24.43:194][  0]LogPakFile: OnPakFileMounted2Time == 0.000076
[2022.03.11-20.24.43:194][  0]LogPakFile: PakFile PrimaryIndexSize=187
[2022.03.11-20.24.43:194][  0]LogPakFile: PakFile PathHashIndexSize=101
[2022.03.11-20.24.43:194][  0]LogPakFile: PakFile FullDirectoryIndexSize=148
[2022.03.11-20.24.43:194][  0]LogShaderLibrary: Display: ShaderCodeLibraryPakFileMountedCallback: PakFile 'C:/Program Files/Epic Games/UE_4.27/FeaturePacks/TP_ThirdPerson.upack' (chunk index -1, root 'root:/') mounted
[2022.03.11-20.24.43:194][  0]LogShaderLibrary: Display: ShaderCodeLibraryPakFileMountedCallback: pending pak file info (ChunkID:-1 Root:root:/ File:C:/Program Files/Epic Games/UE_4.27/FeaturePacks/TP_ThirdPerson.upack)
[2022.03.11-20.24.43:194][  0]LogPakFile: OnPakFileMounted2Time == 0.000074
[2022.03.11-20.24.43:195][  0]LogPakFile: PakFile PrimaryIndexSize=189
[2022.03.11-20.24.43:195][  0]LogPakFile: PakFile PathHashIndexSize=101
[2022.03.11-20.24.43:195][  0]LogPakFile: PakFile FullDirectoryIndexSize=152
[2022.03.11-20.24.43:195][  0]LogShaderLibrary: Display: ShaderCodeLibraryPakFileMountedCallback: PakFile 'C:/Program Files/Epic Games/UE_4.27/FeaturePacks/TP_ThirdPersonBP.upack' (chunk index -1, root 'root:/') mounted
[2022.03.11-20.24.43:195][  0]LogShaderLibrary: Display: ShaderCodeLibraryPakFileMountedCallback: pending pak file info (ChunkID:-1 Root:root:/ File:C:/Program Files/Epic Games/UE_4.27/FeaturePacks/TP_ThirdPersonBP.upack)
[2022.03.11-20.24.43:195][  0]LogPakFile: OnPakFileMounted2Time == 0.000075
[2022.03.11-20.24.43:195][  0]LogPakFile: PakFile PrimaryIndexSize=183
[2022.03.11-20.24.43:195][  0]LogPakFile: PakFile PathHashIndexSize=101
[2022.03.11-20.24.43:195][  0]LogPakFile: PakFile FullDirectoryIndexSize=140
[2022.03.11-20.24.43:195][  0]LogShaderLibrary: Display: ShaderCodeLibraryPakFileMountedCallback: PakFile 'C:/Program Files/Epic Games/UE_4.27/FeaturePacks/TP_TopDown.upack' (chunk index -1, root 'root:/') mounted
[2022.03.11-20.24.43:195][  0]LogShaderLibrary: Display: ShaderCodeLibraryPakFileMountedCallback: pending pak file info (ChunkID:-1 Root:root:/ File:C:/Program Files/Epic Games/UE_4.27/FeaturePacks/TP_TopDown.upack)
[2022.03.11-20.24.43:195][  0]LogPakFile: OnPakFileMounted2Time == 0.000081
[2022.03.11-20.24.43:196][  0]LogPakFile: PakFile PrimaryIndexSize=185
[2022.03.11-20.24.43:196][  0]LogPakFile: PakFile PathHashIndexSize=101
[2022.03.11-20.24.43:196][  0]LogPakFile: PakFile FullDirectoryIndexSize=144
[2022.03.11-20.24.43:196][  0]LogShaderLibrary: Display: ShaderCodeLibraryPakFileMountedCallback: PakFile 'C:/Program Files/Epic Games/UE_4.27/FeaturePacks/TP_TopDownBP.upack' (chunk index -1, root 'root:/') mounted
[2022.03.11-20.24.43:196][  0]LogShaderLibrary: Display: ShaderCodeLibraryPakFileMountedCallback: pending pak file info (ChunkID:-1 Root:root:/ File:C:/Program Files/Epic Games/UE_4.27/FeaturePacks/TP_TopDownBP.upack)
[2022.03.11-20.24.43:196][  0]LogPakFile: OnPakFileMounted2Time == 0.000081
[2022.03.11-20.24.43:196][  0]LogPakFile: PakFile PrimaryIndexSize=185
[2022.03.11-20.24.43:196][  0]LogPakFile: PakFile PathHashIndexSize=101
[2022.03.11-20.24.43:196][  0]LogPakFile: PakFile FullDirectoryIndexSize=144
[2022.03.11-20.24.43:196][  0]LogShaderLibrary: Display: ShaderCodeLibraryPakFileMountedCallback: PakFile 'C:/Program Files/Epic Games/UE_4.27/FeaturePacks/TP_TwinStick.upack' (chunk index -1, root 'root:/') mounted
[2022.03.11-20.24.43:196][  0]LogShaderLibrary: Display: ShaderCodeLibraryPakFileMountedCallback: pending pak file info (ChunkID:-1 Root:root:/ File:C:/Program Files/Epic Games/UE_4.27/FeaturePacks/TP_TwinStick.upack)
[2022.03.11-20.24.43:196][  0]LogPakFile: OnPakFileMounted2Time == 0.000079
[2022.03.11-20.24.43:196][  0]LogPakFile: PakFile PrimaryIndexSize=187
[2022.03.11-20.24.43:197][  0]LogPakFile: PakFile PathHashIndexSize=101
[2022.03.11-20.24.43:197][  0]LogPakFile: PakFile FullDirectoryIndexSize=148
[2022.03.11-20.24.43:197][  0]LogShaderLibrary: Display: ShaderCodeLibraryPakFileMountedCallback: PakFile 'C:/Program Files/Epic Games/UE_4.27/FeaturePacks/TP_TwinStickBP.upack' (chunk index -1, root 'root:/') mounted
[2022.03.11-20.24.43:197][  0]LogShaderLibrary: Display: ShaderCodeLibraryPakFileMountedCallback: pending pak file info (ChunkID:-1 Root:root:/ File:C:/Program Files/Epic Games/UE_4.27/FeaturePacks/TP_TwinStickBP.upack)
[2022.03.11-20.24.43:197][  0]LogPakFile: OnPakFileMounted2Time == 0.000075
[2022.03.11-20.24.43:197][  0]LogPakFile: PakFile PrimaryIndexSize=183
[2022.03.11-20.24.43:197][  0]LogPakFile: PakFile PathHashIndexSize=101
[2022.03.11-20.24.43:197][  0]LogPakFile: PakFile FullDirectoryIndexSize=140
[2022.03.11-20.24.43:197][  0]LogShaderLibrary: Display: ShaderCodeLibraryPakFileMountedCallback: PakFile 'C:/Program Files/Epic Games/UE_4.27/FeaturePacks/TP_Vehicle.upack' (chunk index -1, root 'root:/') mounted
[2022.03.11-20.24.43:197][  0]LogShaderLibrary: Display: ShaderCodeLibraryPakFileMountedCallback: pending pak file info (ChunkID:-1 Root:root:/ File:C:/Program Files/Epic Games/UE_4.27/FeaturePacks/TP_Vehicle.upack)
[2022.03.11-20.24.43:197][  0]LogPakFile: OnPakFileMounted2Time == 0.000077
[2022.03.11-20.24.43:197][  0]LogPakFile: PakFile PrimaryIndexSize=186
[2022.03.11-20.24.43:197][  0]LogPakFile: PakFile PathHashIndexSize=101
[2022.03.11-20.24.43:198][  0]LogPakFile: PakFile FullDirectoryIndexSize=146
[2022.03.11-20.24.43:198][  0]LogShaderLibrary: Display: ShaderCodeLibraryPakFileMountedCallback: PakFile 'C:/Program Files/Epic Games/UE_4.27/FeaturePacks/TP_VehicleAdv.upack' (chunk index -1, root 'root:/') mounted
[2022.03.11-20.24.43:198][  0]LogShaderLibrary: Display: ShaderCodeLibraryPakFileMountedCallback: pending pak file info (ChunkID:-1 Root:root:/ File:C:/Program Files/Epic Games/UE_4.27/FeaturePacks/TP_VehicleAdv.upack)
[2022.03.11-20.24.43:198][  0]LogPakFile: OnPakFileMounted2Time == 0.000084
[2022.03.11-20.24.43:198][  0]LogPakFile: PakFile PrimaryIndexSize=188
[2022.03.11-20.24.43:198][  0]LogPakFile: PakFile PathHashIndexSize=101
[2022.03.11-20.24.43:198][  0]LogPakFile: PakFile FullDirectoryIndexSize=150
[2022.03.11-20.24.43:198][  0]LogShaderLibrary: Display: ShaderCodeLibraryPakFileMountedCallback: PakFile 'C:/Program Files/Epic Games/UE_4.27/FeaturePacks/TP_VehicleAdvBP.upack' (chunk index -1, root 'root:/') mounted
[2022.03.11-20.24.43:198][  0]LogShaderLibrary: Display: ShaderCodeLibraryPakFileMountedCallback: pending pak file info (ChunkID:-1 Root:root:/ File:C:/Program Files/Epic Games/UE_4.27/FeaturePacks/TP_VehicleAdvBP.upack)
[2022.03.11-20.24.43:198][  0]LogPakFile: OnPakFileMounted2Time == 0.000083
[2022.03.11-20.24.43:199][  0]LogPakFile: PakFile PrimaryIndexSize=185
[2022.03.11-20.24.43:199][  0]LogPakFile: PakFile PathHashIndexSize=101
[2022.03.11-20.24.43:199][  0]LogPakFile: PakFile FullDirectoryIndexSize=144
[2022.03.11-20.24.43:199][  0]LogShaderLibrary: Display: ShaderCodeLibraryPakFileMountedCallback: PakFile 'C:/Program Files/Epic Games/UE_4.27/FeaturePacks/TP_VehicleBP.upack' (chunk index -1, root 'root:/') mounted
[2022.03.11-20.24.43:199][  0]LogShaderLibrary: Display: ShaderCodeLibraryPakFileMountedCallback: pending pak file info (ChunkID:-1 Root:root:/ File:C:/Program Files/Epic Games/UE_4.27/FeaturePacks/TP_VehicleBP.upack)
[2022.03.11-20.24.43:199][  0]LogPakFile: OnPakFileMounted2Time == 0.000080
[2022.03.11-20.24.43:199][  0]LogPakFile: PakFile PrimaryIndexSize=192
[2022.03.11-20.24.43:199][  0]LogPakFile: PakFile PathHashIndexSize=101
[2022.03.11-20.24.43:199][  0]LogPakFile: PakFile FullDirectoryIndexSize=158
[2022.03.11-20.24.43:199][  0]LogShaderLibrary: Display: ShaderCodeLibraryPakFileMountedCallback: PakFile 'C:/Program Files/Epic Games/UE_4.27/FeaturePacks/TP_VirtualRealityBP.upack' (chunk index -1, root 'root:/') mounted
[2022.03.11-20.24.43:199][  0]LogShaderLibrary: Display: ShaderCodeLibraryPakFileMountedCallback: pending pak file info (ChunkID:-1 Root:root:/ File:C:/Program Files/Epic Games/UE_4.27/FeaturePacks/TP_VirtualRealityBP.upack)
[2022.03.11-20.24.43:199][  0]LogPakFile: OnPakFileMounted2Time == 0.000076
[2022.03.11-20.24.43:223][  0]LogNativeClassHierarchy: Verbose: Native class hierarchy updated for 'AddContentDialog' in 0.0002 seconds. Added 0 classes and 0 folders.
[2022.03.11-20.24.43:227][  0]LogNativeClassHierarchy: Verbose: Native class hierarchy updated for 'SceneOutliner' in 0.0002 seconds. Added 2 classes and 0 folders.
[2022.03.11-20.24.43:288][  0]LogSlate: Took 0.000289 seconds to synchronously load lazily loaded font '../../../Engine/Content/Slate/Fonts/Roboto-Regular.ttf' (155K)
[2022.03.11-20.24.43:290][  0]LogSlate: Took 0.000112 seconds to synchronously load lazily loaded font '../../../Engine/Content/Editor/Slate/Fonts/FontAwesome.ttf' (139K)
[2022.03.11-20.24.43:290][  0]LogSlate: Took 0.000093 seconds to synchronously load lazily loaded font '../../../Engine/Content/Slate/Fonts/Roboto-Bold.ttf' (160K)
[2022.03.11-20.24.43:361][  0]LogRenderer: Reallocating scene render targets to support 1208x572 Format 10 NumSamples 1 (Frame:1).
[2022.03.11-20.24.43:711][  0]LogNativeClassHierarchy: Verbose: Native class hierarchy updated for 'HierarchicalLODOutliner' in 0.0002 seconds. Added 0 classes and 0 folders.
[2022.03.11-20.24.43:711][  0]LogLoad: (Engine Initialization) Total time: 5.99 seconds
[2022.03.11-20.24.43:711][  0]LogLoad: (Engine Initialization) Total Blueprint compile time: 0.00 seconds
[2022.03.11-20.24.43:742][  0]LogAssetRegistry: Asset discovery search completed in 3.5045 seconds
[2022.03.11-20.24.43:746][  0]LogCollectionManager: Fixed up redirectors for 0 collections in 0.000002 seconds (updated 0 objects)
[2022.03.11-20.24.43:746][  0]LogContentStreaming: Texture pool size now 1000 MB
[2022.03.11-20.24.43:752][  0]LogSlate: Took 0.000669 seconds to synchronously load lazily loaded font '../../../Engine/Content/Slate/Fonts/DroidSansFallback.ttf' (3848K)
[2022.03.11-20.24.44:825][110]LogEditorViewport: Clicking on Actor (context menu): StaticMeshActor (Floor)
[2022.03.11-20.24.45:554][170]LogEditorViewport: Clicking on Actor (LMB): StaticMeshActor (Floor)
[2022.03.11-20.24.46:092][226]LogEditorViewport: Clicking on Actor (LMB): StaticMeshActor (Floor)
[2022.03.11-20.24.47:004][326]LogTemp: Repeating last play command: Selected Viewport
[2022.03.11-20.24.47:008][326]LogPlayLevel: PlayLevel: No blueprints needed recompiling
[2022.03.11-20.24.47:009][326]PIE: New page: PIE session: Playground (11 mars 2022 à 10:24:47)
[2022.03.11-20.24.47:010][326]LogOnline: OSS: Creating online subsystem instance for: NULL
[2022.03.11-20.24.47:012][326]LogOnline: OSS: TryLoadSubsystemAndSetDefault: Loaded subsystem for module [NULL]
[2022.03.11-20.24.47:012][326]LogPlayLevel: Creating play world package: /Game/Maps/UEDPIE_0_Playground
[2022.03.11-20.24.47:014][326]LogPlayLevel: PIE: StaticDuplicateObject took: (0.001668s)
[2022.03.11-20.24.47:014][326]LogAIModule: Creating AISystem for world Playground
[2022.03.11-20.24.47:015][326]LogPlayLevel: PIE: World Init took: (0.000750s)
[2022.03.11-20.24.47:015][326]LogPlayLevel: PIE: Created PIE world by copying editor world from /Game/Maps/Playground.Playground to /Game/Maps/UEDPIE_0_Playground.Playground (0.002605s)
[2022.03.11-20.24.47:018][326]LogUObjectHash: Compacting FUObjectHashTables data took   0.38ms
[2022.03.11-20.24.47:019][326]LogAudio: Display: Creating Audio Device:                 Id: 2, Scope: Unique, Realtime: True
[2022.03.11-20.24.47:019][326]LogAudioMixer: Display: Audio Mixer Platform Settings:
[2022.03.11-20.24.47:019][326]LogAudioMixer: Display: 	Sample Rate:						  48000
[2022.03.11-20.24.47:019][326]LogAudioMixer: Display: 	Callback Buffer Frame Size Requested: 1024
[2022.03.11-20.24.47:019][326]LogAudioMixer: Display: 	Callback Buffer Frame Size To Use:	  1024
[2022.03.11-20.24.47:019][326]LogAudioMixer: Display: 	Number of buffers to queue:			  2
[2022.03.11-20.24.47:019][326]LogAudioMixer: Display: 	Max Channels (voices):				  32
[2022.03.11-20.24.47:019][326]LogAudioMixer: Display: 	Number of Async Source Workers:		  0
[2022.03.11-20.24.47:019][326]LogAudio: Display: AudioDevice MaxSources: 32
[2022.03.11-20.24.47:019][326]LogAudio: Display: Audio Spatialization Plugin: None (built-in).
[2022.03.11-20.24.47:019][326]LogAudio: Display: Audio Reverb Plugin: None (built-in).
[2022.03.11-20.24.47:019][326]LogAudio: Display: Audio Occlusion Plugin: None (built-in).
[2022.03.11-20.24.47:019][326]LogAudioMixer: Display: Initializing audio mixer.
[2022.03.11-20.24.47:023][326]LogAudioMixer: Display: 0: FrontLeft
[2022.03.11-20.24.47:023][326]LogAudioMixer: Display: 1: FrontRight
[2022.03.11-20.24.47:023][326]LogAudioMixer: Display: 2: FrontCenter
[2022.03.11-20.24.47:023][326]LogAudioMixer: Display: 3: LowFrequency
[2022.03.11-20.24.47:023][326]LogAudioMixer: Display: 4: BackLeft
[2022.03.11-20.24.47:024][326]LogAudioMixer: Display: 5: BackRight
[2022.03.11-20.24.47:030][326]LogAudioMixer: Display: Using Audio Device Haut-parleurs (Sound Blaster Z)
[2022.03.11-20.24.47:030][326]LogAudioMixer: Display: Initializing Sound Submixes...
[2022.03.11-20.24.47:030][326]LogAudioMixer: Display: Creating Master Submix 'MasterSubmixDefault'
[2022.03.11-20.24.47:030][326]LogAudioMixer: Display: Creating Master Submix 'MasterReverbSubmixDefault'
[2022.03.11-20.24.47:031][326]LogAudioMixer: Display: Creating Master Submix 'MasterEQSubmixDefault'
[2022.03.11-20.24.47:031][326]LogAudioMixer: FMixerPlatformXAudio2::StartAudioStream() called
[2022.03.11-20.24.47:031][326]LogAudioMixer: Display: Output buffers initialized: Frames=1024, Channels=6, Samples=6144
[2022.03.11-20.24.47:032][326]LogAudioMixer: Display: Starting AudioMixerPlatformInterface::RunInternal()
[2022.03.11-20.24.47:032][326]LogAudioMixer: Display: FMixerPlatformXAudio2::SubmitBuffer() called for the first time
[2022.03.11-20.24.47:032][326]LogInit: FAudioDevice initialized.
[2022.03.11-20.24.47:032][326]LogAudio: Display: Audio Device (ID: 2) registered with world 'Playground'.
[2022.03.11-20.24.47:038][326]LogLoad: Game class is 'GameModeBase'
[2022.03.11-20.24.47:040][326]LogWorld: Bringing World /Game/Maps/UEDPIE_0_Playground.Playground up for play (max tick rate 0) at 2022.03.11-15.24.47
[2022.03.11-20.24.47:040][326]LogWorld: Bringing up level for play took: 0.001037
[2022.03.11-20.24.47:040][326]LogOnline: OSS: Creating online subsystem instance for: :Context_5
[2022.03.11-20.24.47:043][326]LogNativeClassHierarchy: Verbose: Native class hierarchy updated for 'MovieSceneCapture' in 0.0002 seconds. Added 20 classes and 0 folders.
[2022.03.11-20.24.47:044][326]PIE: Server logged in
[2022.03.11-20.24.47:045][326]PIE: Play in editor total start time 0,037 seconds.
[2022.03.11-20.24.52:861][ 18]LogSlate: Updating window title bar state: overlay mode, drag disabled, window buttons hidden, title bar hidden
[2022.03.11-20.24.52:862][ 18]LogWorld: BeginTearingDown for /Game/Maps/UEDPIE_0_Playground
[2022.03.11-20.24.52:862][ 18]LogWorld: UWorld::CleanupWorld for Playground, bSessionEnded=true, bCleanupResources=true
[2022.03.11-20.24.52:862][ 18]LogSlate: InvalidateAllWidgets triggered.  All widgets were invalidated
[2022.03.11-20.24.52:875][ 18]LogPlayLevel: Display: Shutting down PIE online subsystems
[2022.03.11-20.24.52:885][ 18]LogSlate: InvalidateAllWidgets triggered.  All widgets were invalidated
[2022.03.11-20.24.52:888][ 18]LogAudio: Display: Audio Device unregistered from world 'None'.
[2022.03.11-20.24.52:888][ 18]LogAudioMixer: FMixerPlatformXAudio2::StopAudioStream() called
[2022.03.11-20.24.52:890][ 18]LogAudioMixer: FMixerPlatformXAudio2::StopAudioStream() called
[2022.03.11-20.24.52:891][ 18]LogSlate: Updating window title bar state: overlay mode, drag disabled, window buttons hidden, title bar hidden
[2022.03.11-20.24.52:892][ 18]LogUObjectHash: Compacting FUObjectHashTables data took   0.42ms
[2022.03.11-20.24.52:941][ 21]LogPlayLevel: Display: Destroying online subsystem :Context_5
